2024-02-12 13:13:21.595 [info] Log level: Info
2024-02-12 13:13:21.595 [info] Validating found git in: "git"
2024-02-12 13:13:21.595 [info] Using git "2.43.1" from "git"
2024-02-12 13:13:21.650 [info] > git rev-parse --show-toplevel [61ms]
2024-02-12 13:13:21.723 [info] > git rev-parse --git-dir --git-common-dir [13ms]
2024-02-12 13:13:21.788 [info] Open repository: /home/m/GitHub/vscode-start
2024-02-12 13:13:21.897 [info] > git config --get commit.template [44ms]
2024-02-12 13:13:22.119 [info] > git for-each-ref --format=%(refname)%00%(upstream:short)%00%(objectname)%00%(upstream:track)%00%(upstream:remotename)%00%(upstream:remoteref) refs/heads/main refs/remotes/main [233ms]
2024-02-12 13:13:22.136 [warning] ENOENT: no such file or directory, open '/home/m/GitHub/vscode-start/.git/refs/remotes/origin/main'
2024-02-12 13:13:22.141 [info] > git rev-parse refs/remotes/origin/main [6ms]
2024-02-12 13:13:24.920 [info] > git status -z -uall [2756ms]
2024-02-12 13:13:26.385 [info] > git check-ignore -v -z --stdin [3ms]
2024-02-12 13:13:26.388 [info] > git config --get commit.template [552ms]
2024-02-12 13:13:26.602 [info] > git for-each-ref --format=%(refname)%00%(upstream:short)%00%(objectname)%00%(upstream:track)%00%(upstream:remotename)%00%(upstream:remoteref) refs/heads/main refs/remotes/main [47ms]
2024-02-12 13:13:26.636 [warning] ENOENT: no such file or directory, open '/home/m/GitHub/vscode-start/.git/refs/remotes/origin/main'
2024-02-12 13:13:26.705 [info] > git rev-parse refs/remotes/origin/main [72ms]
2024-02-12 13:13:26.744 [info] > git status -z -uall [24ms]
2024-02-12 13:19:11.797 [info] > git show --textconv :style.css [75ms]
2024-02-12 13:19:11.798 [info] > git ls-files --stage -- /home/m/GitHub/vscode-start/style.css [55ms]
2024-02-12 13:19:11.830 [info] > git cat-file -s a91f4918e7f5194028e063c50260747a89db5133 [7ms]
2024-02-12 13:20:22.670 [info] > git show --textconv :style.css [18ms]
2024-02-12 13:20:22.674 [info] > git ls-files --stage -- /home/m/GitHub/vscode-start/style.css [5ms]
2024-02-12 13:20:22.692 [info] > git cat-file -s a91f4918e7f5194028e063c50260747a89db5133 [4ms]
2024-02-12 13:20:26.842 [info] > git show --textconv :style.css [20ms]
2024-02-12 13:20:26.845 [info] > git ls-files --stage -- /home/m/GitHub/vscode-start/style.css [5ms]
2024-02-12 13:20:26.858 [info] > git cat-file -s a91f4918e7f5194028e063c50260747a89db5133 [3ms]
2024-02-12 13:20:50.679 [info] > git show --textconv :style.css [14ms]
2024-02-12 13:20:50.682 [info] > git ls-files --stage -- /home/m/GitHub/vscode-start/style.css [3ms]
2024-02-12 13:20:50.700 [info] > git cat-file -s a91f4918e7f5194028e063c50260747a89db5133 [5ms]
2024-02-12 13:20:54.506 [info] > git show --textconv :style.css [22ms]
2024-02-12 13:20:54.510 [info] > git ls-files --stage -- /home/m/GitHub/vscode-start/style.css [5ms]
2024-02-12 13:20:54.532 [info] > git cat-file -s a91f4918e7f5194028e063c50260747a89db5133 [5ms]
2024-02-12 13:21:06.528 [info] > git show --textconv :style.css [23ms]
2024-02-12 13:21:06.538 [info] > git ls-files --stage -- /home/m/GitHub/vscode-start/style.css [11ms]
2024-02-12 13:21:06.562 [info] > git cat-file -s a91f4918e7f5194028e063c50260747a89db5133 [8ms]
2024-02-12 13:21:37.561 [info] > git show --textconv :style.css [12ms]
2024-02-12 13:21:37.563 [info] > git ls-files --stage -- /home/m/GitHub/vscode-start/style.css [2ms]
2024-02-12 13:21:37.574 [info] > git cat-file -s a91f4918e7f5194028e063c50260747a89db5133 [3ms]
2024-02-12 13:23:07.431 [info] > git show --textconv :style.css [13ms]
2024-02-12 13:23:07.433 [info] > git ls-files --stage -- /home/m/GitHub/vscode-start/style.css [3ms]
2024-02-12 13:23:07.446 [info] > git cat-file -s a91f4918e7f5194028e063c50260747a89db5133 [3ms]
2024-02-12 13:24:52.247 [info] > git show --textconv :style.css [21ms]
2024-02-12 13:24:52.252 [info] > git ls-files --stage -- /home/m/GitHub/vscode-start/style.css [6ms]
2024-02-12 13:24:52.275 [info] > git cat-file -s a91f4918e7f5194028e063c50260747a89db5133 [5ms]
2024-02-12 13:26:14.641 [info] > git show --textconv :style.css [10ms]
2024-02-12 13:26:14.642 [info] > git ls-files --stage -- /home/m/GitHub/vscode-start/style.css [2ms]
2024-02-12 13:26:14.653 [info] > git cat-file -s a91f4918e7f5194028e063c50260747a89db5133 [3ms]
2024-02-12 13:28:15.976 [info] > git ls-files --stage -- /home/m/GitHub/vscode-start/style.css [12ms]
2024-02-12 13:28:16.085 [info] > git show --textconv :style.css [130ms]
2024-02-12 13:28:16.088 [info] > git cat-file -s a91f4918e7f5194028e063c50260747a89db5133 [6ms]
2024-02-12 13:28:29.153 [info] > git show --textconv :style.css [17ms]
2024-02-12 13:28:29.155 [info] > git ls-files --stage -- /home/m/GitHub/vscode-start/style.css [4ms]
2024-02-12 13:28:29.170 [info] > git cat-file -s a91f4918e7f5194028e063c50260747a89db5133 [6ms]
2024-02-12 13:29:17.822 [info] > git show --textconv :style.css [12ms]
2024-02-12 13:29:17.824 [info] > git ls-files --stage -- /home/m/GitHub/vscode-start/style.css [3ms]
2024-02-12 13:29:17.836 [info] > git cat-file -s a91f4918e7f5194028e063c50260747a89db5133 [4ms]
2024-02-12 13:30:21.164 [info] > git show --textconv :style.css [31ms]
2024-02-12 13:30:21.168 [info] > git ls-files --stage -- /home/m/GitHub/vscode-start/style.css [5ms]
2024-02-12 13:30:21.191 [info] > git cat-file -s a91f4918e7f5194028e063c50260747a89db5133 [8ms]
2024-02-12 13:30:27.851 [info] > git show --textconv :style.css [17ms]
2024-02-12 13:30:27.853 [info] > git ls-files --stage -- /home/m/GitHub/vscode-start/style.css [4ms]
2024-02-12 13:30:27.865 [info] > git cat-file -s a91f4918e7f5194028e063c50260747a89db5133 [3ms]
2024-02-12 13:30:48.829 [info] Log level: Info
2024-02-12 13:30:48.829 [info] Validating found git in: "git"
2024-02-12 13:30:48.829 [info] Using git "2.43.1" from "git"
2024-02-12 13:30:48.829 [info] > git rev-parse --show-toplevel [2ms]
2024-02-12 13:30:48.829 [info] > git rev-parse --git-dir --git-common-dir [3ms]
2024-02-12 13:30:48.829 [info] Open repository: /home/m/GitHub/vscode-start
2024-02-12 13:30:48.829 [info] > git config --get commit.template [676ms]
2024-02-12 13:30:48.829 [info] > git for-each-ref --format=%(refname)%00%(upstream:short)%00%(objectname)%00%(upstream:track)%00%(upstream:remotename)%00%(upstream:remoteref) refs/heads/main refs/remotes/main [223ms]
2024-02-12 13:30:48.829 [warning] ENOENT: no such file or directory, open '/home/m/GitHub/vscode-start/.git/refs/remotes/origin/main'
2024-02-12 13:30:48.829 [info] > git show --textconv :style.css [83ms]
2024-02-12 13:30:48.829 [info] > git ls-files --stage -- /home/m/GitHub/vscode-start/style.css [64ms]
2024-02-12 13:30:48.936 [info] > git cat-file -s a91f4918e7f5194028e063c50260747a89db5133 [142ms]
2024-02-12 13:30:48.940 [info] > git rev-parse refs/remotes/origin/main [167ms]
2024-02-12 13:30:48.976 [info] > git status -z -uall [21ms]
2024-02-12 13:30:48.976 [info] > git check-ignore -v -z --stdin [4ms]
2024-02-12 13:30:49.018 [info] > git config --get commit.template [5ms]
2024-02-12 13:30:49.034 [info] > git for-each-ref --format=%(refname)%00%(upstream:short)%00%(objectname)%00%(upstream:track)%00%(upstream:remotename)%00%(upstream:remoteref) refs/heads/main refs/remotes/main [2ms]
2024-02-12 13:30:49.049 [warning] ENOENT: no such file or directory, open '/home/m/GitHub/vscode-start/.git/refs/remotes/origin/main'
2024-02-12 13:30:49.056 [info] > git rev-parse refs/remotes/origin/main [7ms]
2024-02-12 13:30:49.081 [info] > git status -z -uall [5ms]
2024-02-12 13:31:20.718 [info] > git show --textconv :style.css [21ms]
2024-02-12 13:31:20.725 [info] > git ls-files --stage -- /home/m/GitHub/vscode-start/style.css [8ms]
2024-02-12 13:31:20.745 [info] > git cat-file -s a91f4918e7f5194028e063c50260747a89db5133 [6ms]
2024-02-12 13:31:41.185 [info] > git check-ignore -v -z --stdin [5ms]
2024-02-12 13:32:14.547 [info] > git show --textconv :style.css [12ms]
2024-02-12 13:32:14.549 [info] > git ls-files --stage -- /home/m/GitHub/vscode-start/style.css [3ms]
2024-02-12 13:32:14.562 [info] > git cat-file -s a91f4918e7f5194028e063c50260747a89db5133 [3ms]
2024-02-12 13:32:22.021 [info] > git show --textconv :style.css [13ms]
2024-02-12 13:32:22.027 [info] > git ls-files --stage -- /home/m/GitHub/vscode-start/style.css [6ms]
2024-02-12 13:32:22.041 [info] > git cat-file -s a91f4918e7f5194028e063c50260747a89db5133 [5ms]
2024-02-12 13:32:34.113 [info] > git show --textconv :style.css [13ms]
2024-02-12 13:32:34.115 [info] > git ls-files --stage -- /home/m/GitHub/vscode-start/style.css [3ms]
2024-02-12 13:32:34.128 [info] > git cat-file -s a91f4918e7f5194028e063c50260747a89db5133 [6ms]
2024-02-12 13:33:56.460 [info] > git show --textconv :style.css [24ms]
2024-02-12 13:33:56.466 [info] > git ls-files --stage -- /home/m/GitHub/vscode-start/style.css [8ms]
2024-02-12 13:33:56.490 [info] > git cat-file -s a91f4918e7f5194028e063c50260747a89db5133 [6ms]
2024-02-12 13:35:53.784 [info] > git show --textconv :style.css [27ms]
2024-02-12 13:35:53.790 [info] > git ls-files --stage -- /home/m/GitHub/vscode-start/style.css [7ms]
2024-02-12 13:35:53.822 [info] > git cat-file -s a91f4918e7f5194028e063c50260747a89db5133 [9ms]
2024-02-12 13:36:03.221 [info] > git show --textconv :style.css [21ms]
2024-02-12 13:36:03.223 [info] > git ls-files --stage -- /home/m/GitHub/vscode-start/style.css [4ms]
2024-02-12 13:36:03.236 [info] > git cat-file -s a91f4918e7f5194028e063c50260747a89db5133 [2ms]
2024-02-12 13:36:07.897 [info] > git show --textconv :style.css [16ms]
2024-02-12 13:36:07.900 [info] > git ls-files --stage -- /home/m/GitHub/vscode-start/style.css [5ms]
2024-02-12 13:36:07.911 [info] > git cat-file -s a91f4918e7f5194028e063c50260747a89db5133 [3ms]
2024-02-12 13:36:10.921 [info] > git show --textconv :style.css [19ms]
2024-02-12 13:36:10.924 [info] > git ls-files --stage -- /home/m/GitHub/vscode-start/style.css [4ms]
2024-02-12 13:36:10.943 [info] > git cat-file -s a91f4918e7f5194028e063c50260747a89db5133 [4ms]
2024-02-12 13:36:15.036 [info] > git show --textconv :style.css [11ms]
2024-02-12 13:36:15.037 [info] > git ls-files --stage -- /home/m/GitHub/vscode-start/style.css [2ms]
2024-02-12 13:36:15.048 [info] > git cat-file -s a91f4918e7f5194028e063c50260747a89db5133 [3ms]
2024-02-12 13:37:19.950 [info] > git ls-files --stage -- /home/m/GitHub/vscode-start/style.css [8ms]
2024-02-12 13:37:20.003 [info] > git show --textconv :style.css [92ms]
2024-02-12 13:37:20.005 [info] > git cat-file -s a91f4918e7f5194028e063c50260747a89db5133 [3ms]
2024-02-12 13:37:30.948 [info] > git show --textconv :style.css [25ms]
2024-02-12 13:37:30.955 [info] > git ls-files --stage -- /home/m/GitHub/vscode-start/style.css [9ms]
2024-02-12 13:37:30.983 [info] > git cat-file -s a91f4918e7f5194028e063c50260747a89db5133 [8ms]
2024-02-12 13:37:40.438 [info] > git show --textconv :style.css [16ms]
2024-02-12 13:37:40.441 [info] > git ls-files --stage -- /home/m/GitHub/vscode-start/style.css [4ms]
2024-02-12 13:37:40.455 [info] > git cat-file -s a91f4918e7f5194028e063c50260747a89db5133 [3ms]
2024-02-12 13:37:45.788 [info] > git show --textconv :style.css [14ms]
2024-02-12 13:37:45.791 [info] > git ls-files --stage -- /home/m/GitHub/vscode-start/style.css [4ms]
2024-02-12 13:37:45.807 [info] > git cat-file -s a91f4918e7f5194028e063c50260747a89db5133 [4ms]
2024-02-12 13:37:50.877 [info] > git show --textconv :style.css [12ms]
2024-02-12 13:37:50.878 [info] > git ls-files --stage -- /home/m/GitHub/vscode-start/style.css [2ms]
2024-02-12 13:37:50.891 [info] > git cat-file -s a91f4918e7f5194028e063c50260747a89db5133 [3ms]
2024-02-12 13:44:09.607 [info] > git ls-files --stage -- /home/m/GitHub/vscode-start/style.css [12ms]
2024-02-12 13:44:09.662 [info] > git show --textconv :style.css [82ms]
2024-02-12 13:44:09.663 [info] > git cat-file -s a91f4918e7f5194028e063c50260747a89db5133 [24ms]
2024-02-12 13:44:17.440 [info] > git show --textconv :style.css [21ms]
2024-02-12 13:44:17.444 [info] > git ls-files --stage -- /home/m/GitHub/vscode-start/style.css [5ms]
2024-02-12 13:44:17.459 [info] > git cat-file -s a91f4918e7f5194028e063c50260747a89db5133 [3ms]
2024-02-12 13:45:38.057 [info] > git show --textconv :style.css [25ms]
2024-02-12 13:45:38.060 [info] > git ls-files --stage -- /home/m/GitHub/vscode-start/style.css [5ms]
2024-02-12 13:45:38.088 [info] > git cat-file -s a91f4918e7f5194028e063c50260747a89db5133 [6ms]
2024-02-12 13:47:09.677 [info] > git ls-files --stage -- /home/m/GitHub/vscode-start/style.css [220ms]
2024-02-12 13:47:10.062 [info] > git cat-file -s a91f4918e7f5194028e063c50260747a89db5133 [284ms]
2024-02-12 13:47:10.073 [info] > git show --textconv :style.css [639ms]
2024-02-12 13:47:38.308 [info] > git show --textconv :style.css [9ms]
2024-02-12 13:47:38.310 [info] > git ls-files --stage -- /home/m/GitHub/vscode-start/style.css [2ms]
2024-02-12 13:47:38.319 [info] > git cat-file -s a91f4918e7f5194028e063c50260747a89db5133 [2ms]
2024-02-12 13:48:10.308 [info] > git show --textconv :style.css [17ms]
2024-02-12 13:48:10.312 [info] > git ls-files --stage -- /home/m/GitHub/vscode-start/style.css [5ms]
2024-02-12 13:48:10.325 [info] > git cat-file -s a91f4918e7f5194028e063c50260747a89db5133 [3ms]
2024-02-12 13:48:40.412 [info] > git show --textconv :style.css [17ms]
2024-02-12 13:48:40.414 [info] > git ls-files --stage -- /home/m/GitHub/vscode-start/style.css [4ms]
2024-02-12 13:48:40.430 [info] > git cat-file -s a91f4918e7f5194028e063c50260747a89db5133 [2ms]
2024-02-12 13:51:38.664 [info] > git show --textconv :style.css [27ms]
2024-02-12 13:51:38.668 [info] > git ls-files --stage -- /home/m/GitHub/vscode-start/style.css [7ms]
2024-02-12 13:51:38.700 [info] > git cat-file -s a91f4918e7f5194028e063c50260747a89db5133 [12ms]
2024-02-12 13:52:30.237 [info] > git show --textconv :style.css [33ms]
2024-02-12 13:52:30.249 [info] > git ls-files --stage -- /home/m/GitHub/vscode-start/style.css [13ms]
2024-02-12 13:52:30.276 [info] > git cat-file -s a91f4918e7f5194028e063c50260747a89db5133 [6ms]
2024-02-12 13:53:32.601 [info] > git show --textconv :style.css [13ms]
2024-02-12 13:53:32.604 [info] > git ls-files --stage -- /home/m/GitHub/vscode-start/style.css [4ms]
2024-02-12 13:53:32.615 [info] > git cat-file -s a91f4918e7f5194028e063c50260747a89db5133 [2ms]
2024-02-12 13:56:00.895 [info] > git show --textconv :style.css [14ms]
2024-02-12 13:56:00.898 [info] > git ls-files --stage -- /home/m/GitHub/vscode-start/style.css [3ms]
2024-02-12 13:56:00.908 [info] > git cat-file -s a91f4918e7f5194028e063c50260747a89db5133 [2ms]
2024-02-12 13:56:56.524 [info] > git show --textconv :style.css [33ms]
2024-02-12 13:56:56.528 [info] > git ls-files --stage -- /home/m/GitHub/vscode-start/style.css [5ms]
2024-02-12 13:56:56.557 [info] > git cat-file -s a91f4918e7f5194028e063c50260747a89db5133 [2ms]
2024-02-12 13:59:06.722 [info] > git show --textconv :style.css [18ms]
2024-02-12 13:59:06.727 [info] > git ls-files --stage -- /home/m/GitHub/vscode-start/style.css [6ms]
2024-02-12 13:59:06.746 [info] > git cat-file -s a91f4918e7f5194028e063c50260747a89db5133 [5ms]
2024-02-12 13:59:18.953 [info] > git show --textconv :style.css [15ms]
2024-02-12 13:59:18.956 [info] > git ls-files --stage -- /home/m/GitHub/vscode-start/style.css [4ms]
2024-02-12 13:59:18.970 [info] > git cat-file -s a91f4918e7f5194028e063c50260747a89db5133 [3ms]
2024-02-12 13:59:54.165 [info] > git show --textconv :style.css [10ms]
2024-02-12 13:59:54.166 [info] > git ls-files --stage -- /home/m/GitHub/vscode-start/style.css [3ms]
2024-02-12 13:59:54.175 [info] > git cat-file -s a91f4918e7f5194028e063c50260747a89db5133 [2ms]
2024-02-12 14:01:26.153 [info] > git show --textconv :style.css [13ms]
2024-02-12 14:01:26.155 [info] > git ls-files --stage -- /home/m/GitHub/vscode-start/style.css [3ms]
2024-02-12 14:01:26.166 [info] > git cat-file -s a91f4918e7f5194028e063c50260747a89db5133 [2ms]
2024-02-12 14:02:36.753 [info] > git show --textconv :style.css [18ms]
2024-02-12 14:02:36.755 [info] > git ls-files --stage -- /home/m/GitHub/vscode-start/style.css [2ms]
2024-02-12 14:02:36.768 [info] > git cat-file -s a91f4918e7f5194028e063c50260747a89db5133 [3ms]
2024-02-12 14:02:43.568 [info] > git show --textconv :style.css [31ms]
2024-02-12 14:02:43.575 [info] > git ls-files --stage -- /home/m/GitHub/vscode-start/style.css [8ms]
2024-02-12 14:02:43.607 [info] > git cat-file -s a91f4918e7f5194028e063c50260747a89db5133 [6ms]
2024-02-12 14:02:55.980 [info] > git show --textconv :style.css [25ms]
2024-02-12 14:02:55.984 [info] > git ls-files --stage -- /home/m/GitHub/vscode-start/style.css [5ms]
2024-02-12 14:02:56.006 [info] > git cat-file -s a91f4918e7f5194028e063c50260747a89db5133 [5ms]
2024-02-12 14:03:14.169 [info] > git show --textconv :style.css [15ms]
2024-02-12 14:03:14.170 [info] > git ls-files --stage -- /home/m/GitHub/vscode-start/style.css [2ms]
2024-02-12 14:03:14.185 [info] > git cat-file -s a91f4918e7f5194028e063c50260747a89db5133 [3ms]
2024-02-12 14:03:24.236 [info] > git show --textconv :style.css [26ms]
2024-02-12 14:03:24.239 [info] > git ls-files --stage -- /home/m/GitHub/vscode-start/style.css [5ms]
2024-02-12 14:03:24.266 [info] > git cat-file -s a91f4918e7f5194028e063c50260747a89db5133 [8ms]
2024-02-12 14:03:31.885 [info] > git show --textconv :style.css [16ms]
2024-02-12 14:03:31.886 [info] > git ls-files --stage -- /home/m/GitHub/vscode-start/style.css [2ms]
2024-02-12 14:03:31.899 [info] > git cat-file -s a91f4918e7f5194028e063c50260747a89db5133 [2ms]
2024-02-12 14:03:39.268 [info] > git show --textconv :style.css [21ms]
2024-02-12 14:03:39.270 [info] > git ls-files --stage -- /home/m/GitHub/vscode-start/style.css [4ms]
2024-02-12 14:03:39.296 [info] > git cat-file -s a91f4918e7f5194028e063c50260747a89db5133 [5ms]
2024-02-12 14:04:09.668 [info] > git show --textconv :style.css [27ms]
2024-02-12 14:04:09.674 [info] > git ls-files --stage -- /home/m/GitHub/vscode-start/style.css [9ms]
2024-02-12 14:04:09.701 [info] > git cat-file -s a91f4918e7f5194028e063c50260747a89db5133 [7ms]
2024-02-12 14:04:20.418 [info] > git show --textconv :style.css [16ms]
2024-02-12 14:04:20.420 [info] > git ls-files --stage -- /home/m/GitHub/vscode-start/style.css [3ms]
2024-02-12 14:04:20.438 [info] > git cat-file -s a91f4918e7f5194028e063c50260747a89db5133 [4ms]
2024-02-12 14:04:47.488 [info] > git show --textconv :style.css [18ms]
2024-02-12 14:04:47.490 [info] > git ls-files --stage -- /home/m/GitHub/vscode-start/style.css [3ms]
2024-02-12 14:04:47.505 [info] > git cat-file -s a91f4918e7f5194028e063c50260747a89db5133 [2ms]
2024-02-12 14:04:57.108 [info] > git show --textconv :style.css [25ms]
2024-02-12 14:04:57.112 [info] > git ls-files --stage -- /home/m/GitHub/vscode-start/style.css [6ms]
2024-02-12 14:04:57.139 [info] > git cat-file -s a91f4918e7f5194028e063c50260747a89db5133 [4ms]
2024-02-12 14:05:19.911 [info] > git show --textconv :style.css [24ms]
2024-02-12 14:05:19.917 [info] > git ls-files --stage -- /home/m/GitHub/vscode-start/style.css [7ms]
2024-02-12 14:05:19.948 [info] > git cat-file -s a91f4918e7f5194028e063c50260747a89db5133 [7ms]
2024-02-12 14:05:32.191 [info] > git show --textconv :style.css [13ms]
2024-02-12 14:05:32.192 [info] > git ls-files --stage -- /home/m/GitHub/vscode-start/style.css [2ms]
2024-02-12 14:05:32.206 [info] > git cat-file -s a91f4918e7f5194028e063c50260747a89db5133 [2ms]
2024-02-12 14:23:24.374 [info] > git ls-files --stage -- /home/m/GitHub/vscode-start/style.css [346ms]
2024-02-12 14:23:24.457 [info] > git show --textconv :style.css [462ms]
2024-02-12 14:23:24.460 [info] > git cat-file -s a91f4918e7f5194028e063c50260747a89db5133 [4ms]
2024-02-12 14:24:43.896 [info] > git show --textconv :style.css [12ms]
2024-02-12 14:24:43.898 [info] > git ls-files --stage -- /home/m/GitHub/vscode-start/style.css [3ms]
2024-02-12 14:24:43.910 [info] > git cat-file -s a91f4918e7f5194028e063c50260747a89db5133 [2ms]
2024-02-12 14:25:04.235 [info] > git show --textconv :style.css [21ms]
2024-02-12 14:25:04.238 [info] > git ls-files --stage -- /home/m/GitHub/vscode-start/style.css [3ms]
2024-02-12 14:25:04.264 [info] > git cat-file -s a91f4918e7f5194028e063c50260747a89db5133 [7ms]
2024-02-12 14:25:33.434 [info] > git show --textconv :style.css [16ms]
2024-02-12 14:25:33.435 [info] > git ls-files --stage -- /home/m/GitHub/vscode-start/style.css [2ms]
2024-02-12 14:25:33.452 [info] > git cat-file -s a91f4918e7f5194028e063c50260747a89db5133 [3ms]
2024-02-12 14:25:41.265 [info] > git show --textconv :style.css [16ms]
2024-02-12 14:25:41.265 [info] > git ls-files --stage -- /home/m/GitHub/vscode-start/style.css [1ms]
2024-02-12 14:25:41.278 [info] > git cat-file -s a91f4918e7f5194028e063c50260747a89db5133 [3ms]
2024-02-12 14:25:43.991 [info] > git show --textconv :style.css [27ms]
2024-02-12 14:25:43.993 [info] > git ls-files --stage -- /home/m/GitHub/vscode-start/style.css [4ms]
2024-02-12 14:25:44.040 [info] > git cat-file -s a91f4918e7f5194028e063c50260747a89db5133 [11ms]
2024-02-12 14:29:38.803 [info] > git show --textconv :style.css [13ms]
2024-02-12 14:29:38.807 [info] > git ls-files --stage -- /home/m/GitHub/vscode-start/style.css [5ms]
2024-02-12 14:29:38.825 [info] > git cat-file -s a91f4918e7f5194028e063c50260747a89db5133 [5ms]
2024-02-12 14:30:23.313 [info] > git show --textconv :style.css [27ms]
2024-02-12 14:30:23.316 [info] > git ls-files --stage -- /home/m/GitHub/vscode-start/style.css [4ms]
2024-02-12 14:30:23.339 [info] > git cat-file -s a91f4918e7f5194028e063c50260747a89db5133 [5ms]
2024-02-12 14:30:30.989 [info] > git show --textconv :style.css [28ms]
2024-02-12 14:30:30.997 [info] > git ls-files --stage -- /home/m/GitHub/vscode-start/style.css [10ms]
2024-02-12 14:30:31.029 [info] > git cat-file -s a91f4918e7f5194028e063c50260747a89db5133 [9ms]
2024-02-12 14:30:37.687 [info] > git show --textconv :style.css [22ms]
2024-02-12 14:30:37.690 [info] > git ls-files --stage -- /home/m/GitHub/vscode-start/style.css [4ms]
2024-02-12 14:30:37.712 [info] > git cat-file -s a91f4918e7f5194028e063c50260747a89db5133 [4ms]
2024-02-12 14:30:57.829 [info] > git show --textconv :style.css [31ms]
2024-02-12 14:30:57.831 [info] > git ls-files --stage -- /home/m/GitHub/vscode-start/style.css [8ms]
2024-02-12 14:30:57.852 [info] > git cat-file -s a91f4918e7f5194028e063c50260747a89db5133 [4ms]
2024-02-12 14:31:01.694 [info] > git show --textconv :style.css [40ms]
2024-02-12 14:31:01.700 [info] > git ls-files --stage -- /home/m/GitHub/vscode-start/style.css [8ms]
2024-02-12 14:31:01.734 [info] > git cat-file -s a91f4918e7f5194028e063c50260747a89db5133 [6ms]
2024-02-12 14:31:03.277 [info] > git show --textconv :style.css [25ms]
2024-02-12 14:31:03.281 [info] > git ls-files --stage -- /home/m/GitHub/vscode-start/style.css [8ms]
2024-02-12 14:31:03.308 [info] > git cat-file -s a91f4918e7f5194028e063c50260747a89db5133 [12ms]
2024-02-12 14:31:39.320 [info] > git show --textconv :style.css [26ms]
2024-02-12 14:31:39.327 [info] > git ls-files --stage -- /home/m/GitHub/vscode-start/style.css [8ms]
2024-02-12 14:31:39.377 [info] > git cat-file -s a91f4918e7f5194028e063c50260747a89db5133 [14ms]
2024-02-12 14:31:43.214 [info] > git show --textconv :style.css [14ms]
2024-02-12 14:31:43.216 [info] > git ls-files --stage -- /home/m/GitHub/vscode-start/style.css [2ms]
2024-02-12 14:31:43.230 [info] > git cat-file -s a91f4918e7f5194028e063c50260747a89db5133 [3ms]
2024-02-12 14:31:44.199 [info] > git show --textconv :style.css [16ms]
2024-02-12 14:31:44.200 [info] > git ls-files --stage -- /home/m/GitHub/vscode-start/style.css [2ms]
2024-02-12 14:31:44.217 [info] > git cat-file -s a91f4918e7f5194028e063c50260747a89db5133 [2ms]
2024-02-12 15:03:31.723 [info] > git ls-files --stage -- /home/m/GitHub/vscode-start/index.html [456ms]
2024-02-12 15:03:31.804 [info] > git show --textconv :index.html [560ms]
2024-02-12 15:03:31.856 [info] > git cat-file -s 4d0a0a2d12a1f2711564fef663963a91345e86c5 [54ms]
2024-02-12 15:04:07.321 [info] > git config --get commit.template [25ms]
2024-02-12 15:04:07.336 [info] > git for-each-ref --format=%(refname)%00%(upstream:short)%00%(objectname)%00%(upstream:track)%00%(upstream:remotename)%00%(upstream:remoteref) refs/heads/main refs/remotes/main [19ms]
2024-02-12 15:04:07.348 [warning] ENOENT: no such file or directory, open '/home/m/GitHub/vscode-start/.git/refs/remotes/origin/main'
2024-02-12 15:04:07.350 [info] > git rev-parse refs/remotes/origin/main [2ms]
2024-02-12 15:04:07.383 [info] > git status -z -uall [23ms]
2024-02-12 15:04:07.390 [info] > git ls-files --stage -- /home/m/GitHub/vscode-start/index.html [8ms]
2024-02-12 15:04:07.401 [info] > git cat-file -s 4d0a0a2d12a1f2711564fef663963a91345e86c5 [2ms]
2024-02-12 15:04:07.415 [info] > git show --textconv :index.html [2ms]
2024-02-12 15:04:48.812 [info] > git config --get commit.template [13ms]
2024-02-12 15:04:48.813 [info] > git for-each-ref --format=%(refname)%00%(upstream:short)%00%(objectname)%00%(upstream:track)%00%(upstream:remotename)%00%(upstream:remoteref) refs/heads/main refs/remotes/main [2ms]
2024-02-12 15:04:48.824 [warning] ENOENT: no such file or directory, open '/home/m/GitHub/vscode-start/.git/refs/remotes/origin/main'
2024-02-12 15:04:48.825 [info] > git rev-parse refs/remotes/origin/main [1ms]
2024-02-12 15:04:48.838 [info] > git status -z -uall [2ms]
2024-02-12 15:04:48.912 [info] > git ls-files --stage -- /home/m/GitHub/vscode-start/index.html [3ms]
2024-02-12 15:04:48.933 [info] > git cat-file -s 4d0a0a2d12a1f2711564fef663963a91345e86c5 [4ms]
2024-02-12 15:04:48.955 [info] > git show --textconv :index.html [3ms]
2024-02-12 15:05:29.182 [info] > git show --textconv :style.css [22ms]
2024-02-12 15:05:29.184 [info] > git ls-files --stage -- /home/m/GitHub/vscode-start/style.css [3ms]
2024-02-12 15:05:29.197 [info] > git cat-file -s a91f4918e7f5194028e063c50260747a89db5133 [3ms]
2024-02-12 15:05:31.570 [info] > git show --textconv :index.html [23ms]
2024-02-12 15:05:31.576 [info] > git ls-files --stage -- /home/m/GitHub/vscode-start/index.html [6ms]
2024-02-12 15:05:31.595 [info] > git cat-file -s 4d0a0a2d12a1f2711564fef663963a91345e86c5 [3ms]
2024-02-12 15:05:34.954 [info] > git ls-files --stage -- /home/m/GitHub/vscode-start/style.css [222ms]
2024-02-12 15:05:34.975 [info] > git cat-file -s a91f4918e7f5194028e063c50260747a89db5133 [3ms]
2024-02-12 15:05:35.053 [info] > git show --textconv :style.css [346ms]
2024-02-12 15:05:39.470 [info] > git show --textconv :script.js [32ms]
2024-02-12 15:05:39.470 [info] > git ls-files --stage -- /home/m/GitHub/vscode-start/script.js [16ms]
2024-02-12 15:05:39.497 [info] > git cat-file -s ac47efd62eee19f0450f3af535bd53a2831b7098 [11ms]
2024-02-12 15:05:40.942 [info] > git ls-files --stage -- /home/m/GitHub/vscode-start/style.css [3ms]
2024-02-12 15:05:41.271 [info] > git cat-file -s a91f4918e7f5194028e063c50260747a89db5133 [314ms]
2024-02-12 15:05:41.354 [info] > git show --textconv :style.css [439ms]
2024-02-12 15:05:42.346 [info] > git show --textconv :script.js [13ms]
2024-02-12 15:05:42.353 [info] > git ls-files --stage -- /home/m/GitHub/vscode-start/script.js [9ms]
2024-02-12 15:05:42.378 [info] > git cat-file -s ac47efd62eee19f0450f3af535bd53a2831b7098 [2ms]
2024-02-12 15:05:46.776 [info] > git ls-files --stage -- /home/m/GitHub/vscode-start/README.md [116ms]
2024-02-12 15:05:46.869 [info] > git show --textconv :README.md [241ms]
2024-02-12 15:05:46.879 [info] > git cat-file -s c7bece487777894749c1cd5a0e9bbc9bf016c50a [60ms]
2024-02-12 15:05:48.191 [info] > git show --textconv :.gitattributes [18ms]
2024-02-12 15:05:48.195 [info] > git ls-files --stage -- /home/m/GitHub/vscode-start/.gitattributes [5ms]
2024-02-12 15:05:48.220 [info] > git cat-file -s dfe0770424b2a19faf507a501ebfc23be8f54e7b [5ms]
2024-02-12 15:05:49.153 [info] > git show --textconv :index.html [14ms]
2024-02-12 15:05:49.155 [info] > git ls-files --stage -- /home/m/GitHub/vscode-start/index.html [4ms]
2024-02-12 15:05:49.174 [info] > git cat-file -s 4d0a0a2d12a1f2711564fef663963a91345e86c5 [7ms]
2024-02-12 15:24:42.284 [info] > git ls-files --stage -- /home/m/GitHub/vscode-start/README.md [1138ms]
2024-02-12 15:24:42.347 [info] > git show --textconv :README.md [1221ms]
2024-02-12 15:24:42.372 [info] > git cat-file -s c7bece487777894749c1cd5a0e9bbc9bf016c50a [30ms]
2024-02-12 15:24:45.243 [info] > git show --textconv :script.js [28ms]
2024-02-12 15:24:45.245 [info] > git ls-files --stage -- /home/m/GitHub/vscode-start/script.js [3ms]
2024-02-12 15:24:45.270 [info] > git cat-file -s ac47efd62eee19f0450f3af535bd53a2831b7098 [8ms]
2024-02-12 15:24:47.118 [info] > git show --textconv :style.css [23ms]
2024-02-12 15:24:47.120 [info] > git ls-files --stage -- /home/m/GitHub/vscode-start/style.css [3ms]
2024-02-12 15:24:47.134 [info] > git cat-file -s a91f4918e7f5194028e063c50260747a89db5133 [3ms]
2024-02-12 15:24:48.167 [info] > git show --textconv :typescript [14ms]
2024-02-12 15:24:48.170 [info] > git ls-files --stage -- /home/m/GitHub/vscode-start/typescript [3ms]
2024-02-12 15:24:48.186 [info] > git cat-file -s 963f2a0f59cadbea5f492aa6f77a35e6d2ddc301 [2ms]
2024-02-12 15:24:49.542 [info] > git show --textconv :index.html [26ms]
2024-02-12 15:24:49.546 [info] > git ls-files --stage -- /home/m/GitHub/vscode-start/index.html [6ms]
2024-02-12 15:24:49.576 [info] > git cat-file -s 4d0a0a2d12a1f2711564fef663963a91345e86c5 [4ms]
2024-02-12 15:24:50.087 [info] > git show --textconv :.gitattributes [16ms]
2024-02-12 15:24:50.089 [info] > git ls-files --stage -- /home/m/GitHub/vscode-start/.gitattributes [2ms]
2024-02-12 15:24:50.105 [info] > git cat-file -s dfe0770424b2a19faf507a501ebfc23be8f54e7b [3ms]
2024-02-12 15:25:03.319 [info] > git show --textconv :.gitattributes [44ms]
2024-02-12 15:25:03.319 [info] > git ls-files --stage -- /home/m/GitHub/vscode-start/.gitattributes [29ms]
2024-02-12 15:25:03.340 [info] > git cat-file -s dfe0770424b2a19faf507a501ebfc23be8f54e7b [3ms]
2024-02-12 15:25:04.005 [info] > git show --textconv :style.css [43ms]
2024-02-12 15:25:04.012 [info] > git ls-files --stage -- /home/m/GitHub/vscode-start/style.css [10ms]
2024-02-12 15:25:04.051 [info] > git cat-file -s a91f4918e7f5194028e063c50260747a89db5133 [6ms]
2024-02-12 15:25:04.415 [info] > git show --textconv :index.html [12ms]
2024-02-12 15:25:04.419 [info] > git ls-files --stage -- /home/m/GitHub/vscode-start/index.html [5ms]
2024-02-12 15:25:04.431 [info] > git cat-file -s 4d0a0a2d12a1f2711564fef663963a91345e86c5 [2ms]
2024-02-12 15:25:05.440 [info] > git show --textconv :.gitattributes [40ms]
2024-02-12 15:25:05.444 [info] > git ls-files --stage -- /home/m/GitHub/vscode-start/.gitattributes [7ms]
2024-02-12 15:25:05.477 [info] > git cat-file -s dfe0770424b2a19faf507a501ebfc23be8f54e7b [5ms]
2024-02-12 15:25:08.720 [info] > git show --textconv :index.html [35ms]
2024-02-12 15:25:08.725 [info] > git ls-files --stage -- /home/m/GitHub/vscode-start/index.html [5ms]
2024-02-12 15:25:08.749 [info] > git cat-file -s 4d0a0a2d12a1f2711564fef663963a91345e86c5 [6ms]
2024-02-12 15:25:09.406 [info] > git show --textconv :style.css [41ms]
2024-02-12 15:25:09.412 [info] > git ls-files --stage -- /home/m/GitHub/vscode-start/style.css [7ms]
2024-02-12 15:25:09.453 [info] > git cat-file -s a91f4918e7f5194028e063c50260747a89db5133 [9ms]
2024-02-12 15:25:10.670 [info] > git show --textconv :index.html [17ms]
2024-02-12 15:25:10.672 [info] > git ls-files --stage -- /home/m/GitHub/vscode-start/index.html [3ms]
2024-02-12 15:25:10.688 [info] > git cat-file -s 4d0a0a2d12a1f2711564fef663963a91345e86c5 [3ms]
2024-02-12 15:25:16.738 [info] > git show --textconv :README.md [27ms]
2024-02-12 15:25:16.741 [info] > git ls-files --stage -- /home/m/GitHub/vscode-start/README.md [3ms]
2024-02-12 15:25:16.756 [info] > git cat-file -s c7bece487777894749c1cd5a0e9bbc9bf016c50a [2ms]
2024-02-12 15:25:19.696 [info] > git show --textconv :script.js [39ms]
2024-02-12 15:25:19.700 [info] > git ls-files --stage -- /home/m/GitHub/vscode-start/script.js [6ms]
2024-02-12 15:25:19.741 [info] > git cat-file -s ac47efd62eee19f0450f3af535bd53a2831b7098 [11ms]
2024-02-12 15:25:23.741 [info] > git show --textconv :README.md [31ms]
2024-02-12 15:25:23.745 [info] > git ls-files --stage -- /home/m/GitHub/vscode-start/README.md [5ms]
2024-02-12 15:25:23.789 [info] > git cat-file -s c7bece487777894749c1cd5a0e9bbc9bf016c50a [16ms]
2024-02-12 15:25:25.115 [info] > git show --textconv :index.html [19ms]
2024-02-12 15:25:25.119 [info] > git ls-files --stage -- /home/m/GitHub/vscode-start/index.html [5ms]
2024-02-12 15:25:25.143 [info] > git cat-file -s 4d0a0a2d12a1f2711564fef663963a91345e86c5 [12ms]
2024-02-12 15:25:25.479 [info] > git show --textconv :script.js [35ms]
2024-02-12 15:25:25.483 [info] > git ls-files --stage -- /home/m/GitHub/vscode-start/script.js [17ms]
2024-02-12 15:25:25.512 [info] > git cat-file -s ac47efd62eee19f0450f3af535bd53a2831b7098 [4ms]
2024-02-12 15:25:26.142 [info] > git show --textconv :style.css [16ms]
2024-02-12 15:25:26.144 [info] > git ls-files --stage -- /home/m/GitHub/vscode-start/style.css [3ms]
2024-02-12 15:25:26.161 [info] > git cat-file -s a91f4918e7f5194028e063c50260747a89db5133 [3ms]
2024-02-12 15:25:34.114 [info] > git show --textconv :index.html [11ms]
2024-02-12 15:25:34.116 [info] > git ls-files --stage -- /home/m/GitHub/vscode-start/index.html [2ms]
2024-02-12 15:25:34.127 [info] > git cat-file -s 4d0a0a2d12a1f2711564fef663963a91345e86c5 [1ms]
2024-02-12 15:25:34.514 [info] > git show --textconv :script.js [24ms]
2024-02-12 15:25:34.514 [info] > git ls-files --stage -- /home/m/GitHub/vscode-start/script.js [3ms]
2024-02-12 15:25:34.538 [info] > git cat-file -s ac47efd62eee19f0450f3af535bd53a2831b7098 [7ms]
2024-02-12 15:25:35.311 [info] > git show --textconv :README.md [38ms]
2024-02-12 15:25:35.315 [info] > git ls-files --stage -- /home/m/GitHub/vscode-start/README.md [6ms]
2024-02-12 15:25:35.360 [info] > git cat-file -s c7bece487777894749c1cd5a0e9bbc9bf016c50a [7ms]
2024-02-12 15:25:44.871 [info] > git show --textconv :script.js [24ms]
2024-02-12 15:25:44.874 [info] > git ls-files --stage -- /home/m/GitHub/vscode-start/script.js [4ms]
2024-02-12 15:25:44.899 [info] > git cat-file -s ac47efd62eee19f0450f3af535bd53a2831b7098 [5ms]
2024-02-12 15:25:47.142 [info] > git show --textconv :index.html [18ms]
2024-02-12 15:25:47.144 [info] > git ls-files --stage -- /home/m/GitHub/vscode-start/index.html [3ms]
2024-02-12 15:25:47.162 [info] > git cat-file -s 4d0a0a2d12a1f2711564fef663963a91345e86c5 [2ms]
2024-02-12 15:25:48.343 [info] > git show --textconv :script.js [25ms]
2024-02-12 15:25:48.349 [info] > git ls-files --stage -- /home/m/GitHub/vscode-start/script.js [7ms]
2024-02-12 15:25:48.388 [info] > git cat-file -s ac47efd62eee19f0450f3af535bd53a2831b7098 [14ms]
2024-02-12 15:25:49.955 [info] > git show --textconv :index.html [35ms]
2024-02-12 15:25:49.960 [info] > git ls-files --stage -- /home/m/GitHub/vscode-start/index.html [8ms]
2024-02-12 15:25:49.984 [info] > git cat-file -s 4d0a0a2d12a1f2711564fef663963a91345e86c5 [7ms]
2024-02-12 15:25:50.894 [info] > git show --textconv :style.css [38ms]
2024-02-12 15:25:50.898 [info] > git ls-files --stage -- /home/m/GitHub/vscode-start/style.css [6ms]
2024-02-12 15:25:50.922 [info] > git cat-file -s a91f4918e7f5194028e063c50260747a89db5133 [6ms]
2024-02-12 15:25:53.375 [info] > git show --textconv :index.html [21ms]
2024-02-12 15:25:53.379 [info] > git ls-files --stage -- /home/m/GitHub/vscode-start/index.html [5ms]
2024-02-12 15:25:53.407 [info] > git cat-file -s 4d0a0a2d12a1f2711564fef663963a91345e86c5 [6ms]
2024-02-12 15:26:57.526 [info] > git ls-files --stage -- /home/m/GitHub/vscode-start/style.css [144ms]
2024-02-12 15:26:57.603 [info] > git show --textconv :style.css [248ms]
2024-02-12 15:26:57.612 [info] > git cat-file -s a91f4918e7f5194028e063c50260747a89db5133 [10ms]
2024-02-12 15:26:57.713 [info] > git show --textconv :index.html [35ms]
2024-02-12 15:26:57.719 [info] > git ls-files --stage -- /home/m/GitHub/vscode-start/index.html [7ms]
2024-02-12 15:26:57.774 [info] > git cat-file -s 4d0a0a2d12a1f2711564fef663963a91345e86c5 [12ms]
2024-02-12 15:27:19.043 [info] > git show --textconv :style.css [21ms]
2024-02-12 15:27:19.046 [info] > git ls-files --stage -- /home/m/GitHub/vscode-start/style.css [4ms]
2024-02-12 15:27:19.069 [info] > git cat-file -s a91f4918e7f5194028e063c50260747a89db5133 [5ms]
2024-02-12 15:27:20.799 [info] > git show --textconv :script.js [44ms]
2024-02-12 15:27:20.804 [info] > git ls-files --stage -- /home/m/GitHub/vscode-start/script.js [7ms]
2024-02-12 15:27:20.859 [info] > git cat-file -s ac47efd62eee19f0450f3af535bd53a2831b7098 [17ms]
2024-02-12 15:27:21.639 [info] > git show --textconv :README.md [35ms]
2024-02-12 15:27:21.644 [info] > git ls-files --stage -- /home/m/GitHub/vscode-start/README.md [8ms]
2024-02-12 15:27:21.678 [info] > git cat-file -s c7bece487777894749c1cd5a0e9bbc9bf016c50a [6ms]
2024-02-12 15:27:23.062 [info] > git show --textconv :index.html [22ms]
2024-02-12 15:27:23.064 [info] > git ls-files --stage -- /home/m/GitHub/vscode-start/index.html [3ms]
2024-02-12 15:27:23.079 [info] > git cat-file -s 4d0a0a2d12a1f2711564fef663963a91345e86c5 [3ms]
2024-02-12 15:27:23.936 [info] > git show --textconv :README.md [43ms]
2024-02-12 15:27:23.947 [info] > git ls-files --stage -- /home/m/GitHub/vscode-start/README.md [13ms]
2024-02-12 15:27:23.980 [info] > git cat-file -s c7bece487777894749c1cd5a0e9bbc9bf016c50a [5ms]
2024-02-12 15:27:33.480 [info] > git show --textconv :script.js [23ms]
2024-02-12 15:27:33.482 [info] > git ls-files --stage -- /home/m/GitHub/vscode-start/script.js [3ms]
2024-02-12 15:27:33.516 [info] > git cat-file -s ac47efd62eee19f0450f3af535bd53a2831b7098 [14ms]
2024-02-12 15:27:33.835 [info] > git show --textconv :index.html [15ms]
2024-02-12 15:27:33.837 [info] > git ls-files --stage -- /home/m/GitHub/vscode-start/index.html [3ms]
2024-02-12 15:27:33.850 [info] > git cat-file -s 4d0a0a2d12a1f2711564fef663963a91345e86c5 [2ms]
2024-02-12 15:27:34.279 [info] > git show --textconv :style.css [36ms]
2024-02-12 15:27:34.283 [info] > git ls-files --stage -- /home/m/GitHub/vscode-start/style.css [6ms]
2024-02-12 15:27:34.309 [info] > git cat-file -s a91f4918e7f5194028e063c50260747a89db5133 [6ms]
2024-02-12 15:27:35.639 [info] > git show --textconv :index.html [38ms]
2024-02-12 15:27:35.643 [info] > git ls-files --stage -- /home/m/GitHub/vscode-start/index.html [6ms]
2024-02-12 15:27:35.666 [info] > git cat-file -s 4d0a0a2d12a1f2711564fef663963a91345e86c5 [4ms]
2024-02-12 15:27:40.373 [info] > git show --textconv :style.css [34ms]
2024-02-12 15:27:40.377 [info] > git ls-files --stage -- /home/m/GitHub/vscode-start/style.css [9ms]
2024-02-12 15:27:40.416 [info] > git cat-file -s a91f4918e7f5194028e063c50260747a89db5133 [9ms]
2024-02-12 15:27:54.429 [info] > git show --textconv :index.html [17ms]
2024-02-12 15:27:54.431 [info] > git ls-files --stage -- /home/m/GitHub/vscode-start/index.html [2ms]
2024-02-12 15:27:54.445 [info] > git cat-file -s 4d0a0a2d12a1f2711564fef663963a91345e86c5 [2ms]
2024-02-12 15:27:55.376 [info] > git show --textconv :script.js [32ms]
2024-02-12 15:27:55.400 [info] > git ls-files --stage -- /home/m/GitHub/vscode-start/script.js [25ms]
2024-02-12 15:27:55.433 [info] > git cat-file -s ac47efd62eee19f0450f3af535bd53a2831b7098 [4ms]
2024-02-12 15:28:02.726 [info] > git show --textconv :index.html [18ms]
2024-02-12 15:28:02.729 [info] > git ls-files --stage -- /home/m/GitHub/vscode-start/index.html [3ms]
2024-02-12 15:28:02.747 [info] > git cat-file -s 4d0a0a2d12a1f2711564fef663963a91345e86c5 [3ms]
2024-02-12 15:28:03.569 [info] > git show --textconv :script.js [46ms]
2024-02-12 15:28:03.581 [info] > git ls-files --stage -- /home/m/GitHub/vscode-start/script.js [13ms]
2024-02-12 15:28:03.604 [info] > git cat-file -s ac47efd62eee19f0450f3af535bd53a2831b7098 [6ms]
2024-02-12 15:28:04.100 [info] > git show --textconv :README.md [35ms]
2024-02-12 15:28:04.100 [info] > git ls-files --stage -- /home/m/GitHub/vscode-start/README.md [1ms]
2024-02-12 15:28:04.160 [info] > git cat-file -s c7bece487777894749c1cd5a0e9bbc9bf016c50a [22ms]
2024-02-12 15:28:05.163 [info] > git show --textconv :style.css [16ms]
2024-02-12 15:28:05.165 [info] > git ls-files --stage -- /home/m/GitHub/vscode-start/style.css [3ms]
2024-02-12 15:28:05.183 [info] > git cat-file -s a91f4918e7f5194028e063c50260747a89db5133 [3ms]
2024-02-12 15:28:07.652 [info] > git show --textconv :index.html [23ms]
2024-02-12 15:28:07.655 [info] > git ls-files --stage -- /home/m/GitHub/vscode-start/index.html [4ms]
2024-02-12 15:28:07.688 [info] > git cat-file -s 4d0a0a2d12a1f2711564fef663963a91345e86c5 [9ms]
2024-02-12 15:28:38.630 [info] > git show --textconv :style.css [37ms]
2024-02-12 15:28:38.635 [info] > git ls-files --stage -- /home/m/GitHub/vscode-start/style.css [6ms]
2024-02-12 15:28:38.668 [info] > git cat-file -s a91f4918e7f5194028e063c50260747a89db5133 [4ms]
2024-02-12 15:28:43.701 [info] > git show --textconv :style.css [19ms]
2024-02-12 15:28:43.702 [info] > git ls-files --stage -- /home/m/GitHub/vscode-start/style.css [2ms]
2024-02-12 15:28:43.725 [info] > git cat-file -s a91f4918e7f5194028e063c50260747a89db5133 [5ms]
2024-02-12 15:28:53.543 [info] > git show --textconv :script.js [45ms]
2024-02-12 15:28:53.556 [info] > git ls-files --stage -- /home/m/GitHub/vscode-start/script.js [17ms]
2024-02-12 15:28:53.597 [info] > git cat-file -s ac47efd62eee19f0450f3af535bd53a2831b7098 [10ms]
2024-02-12 15:28:56.511 [info] > git show --textconv :README.md [45ms]
2024-02-12 15:28:56.515 [info] > git ls-files --stage -- /home/m/GitHub/vscode-start/README.md [7ms]
2024-02-12 15:28:56.538 [info] > git cat-file -s c7bece487777894749c1cd5a0e9bbc9bf016c50a [4ms]
2024-02-12 15:28:59.246 [info] > git show --textconv :style.css [50ms]
2024-02-12 15:28:59.255 [info] > git ls-files --stage -- /home/m/GitHub/vscode-start/style.css [9ms]
2024-02-12 15:28:59.289 [info] > git cat-file -s a91f4918e7f5194028e063c50260747a89db5133 [3ms]
2024-02-12 15:29:00.999 [info] > git show --textconv :index.html [36ms]
2024-02-12 15:29:01.002 [info] > git ls-files --stage -- /home/m/GitHub/vscode-start/index.html [5ms]
2024-02-12 15:29:01.035 [info] > git cat-file -s 4d0a0a2d12a1f2711564fef663963a91345e86c5 [8ms]
2024-02-12 15:29:01.571 [info] > git show --textconv :script.js [18ms]
2024-02-12 15:29:01.575 [info] > git ls-files --stage -- /home/m/GitHub/vscode-start/script.js [5ms]
2024-02-12 15:29:01.601 [info] > git cat-file -s ac47efd62eee19f0450f3af535bd53a2831b7098 [5ms]
2024-02-12 15:29:02.389 [info] > git show --textconv :README.md [43ms]
2024-02-12 15:29:02.398 [info] > git ls-files --stage -- /home/m/GitHub/vscode-start/README.md [11ms]
2024-02-12 15:29:02.420 [info] > git cat-file -s c7bece487777894749c1cd5a0e9bbc9bf016c50a [3ms]
2024-02-12 15:29:04.935 [info] > git show --textconv :style.css [41ms]
2024-02-12 15:29:04.945 [info] > git ls-files --stage -- /home/m/GitHub/vscode-start/style.css [13ms]
2024-02-12 15:29:04.965 [info] > git cat-file -s a91f4918e7f5194028e063c50260747a89db5133 [3ms]
2024-02-12 15:29:09.546 [info] > git show --textconv :index.html [16ms]
2024-02-12 15:29:09.547 [info] > git ls-files --stage -- /home/m/GitHub/vscode-start/index.html [2ms]
2024-02-12 15:29:09.564 [info] > git cat-file -s 4d0a0a2d12a1f2711564fef663963a91345e86c5 [2ms]
2024-02-12 15:32:27.221 [info] > git show --textconv :style.css [24ms]
2024-02-12 15:32:27.223 [info] > git ls-files --stage -- /home/m/GitHub/vscode-start/style.css [4ms]
2024-02-12 15:32:27.245 [info] > git cat-file -s a91f4918e7f5194028e063c50260747a89db5133 [4ms]
2024-02-12 15:32:34.866 [info] > git show --textconv :index.html [36ms]
2024-02-12 15:32:34.870 [info] > git ls-files --stage -- /home/m/GitHub/vscode-start/index.html [6ms]
2024-02-12 15:32:34.907 [info] > git cat-file -s 4d0a0a2d12a1f2711564fef663963a91345e86c5 [6ms]
2024-02-12 15:38:30.895 [info] > git config --get commit.template [49ms]
2024-02-12 15:38:31.084 [info] > git ls-files --stage -- /home/m/GitHub/vscode-start/index.html [70ms]
2024-02-12 15:38:31.235 [info] > git cat-file -s 4d0a0a2d12a1f2711564fef663963a91345e86c5 [133ms]
2024-02-12 15:38:31.237 [info] > git for-each-ref --format=%(refname)%00%(upstream:short)%00%(objectname)%00%(upstream:track)%00%(upstream:remotename)%00%(upstream:remoteref) refs/heads/main refs/remotes/main [369ms]
2024-02-12 15:38:31.252 [warning] ENOENT: no such file or directory, open '/home/m/GitHub/vscode-start/.git/refs/remotes/origin/main'
2024-02-12 15:38:31.323 [info] > git rev-parse refs/remotes/origin/main [71ms]
2024-02-12 15:38:31.482 [info] > git show --textconv :index.html [216ms]
2024-02-12 15:38:31.530 [info] > git status -z -uall [187ms]
2024-02-12 15:38:53.248 [info] > git config --get commit.template [26ms]
2024-02-12 15:38:53.250 [info] > git for-each-ref --format=%(refname)%00%(upstream:short)%00%(objectname)%00%(upstream:track)%00%(upstream:remotename)%00%(upstream:remoteref) refs/heads/main refs/remotes/main [5ms]
2024-02-12 15:38:53.269 [warning] ENOENT: no such file or directory, open '/home/m/GitHub/vscode-start/.git/refs/remotes/origin/main'
2024-02-12 15:38:53.271 [info] > git rev-parse refs/remotes/origin/main [3ms]
2024-02-12 15:38:53.288 [info] > git status -z -uall [2ms]
2024-02-12 15:38:53.312 [info] > git ls-files --stage -- /home/m/GitHub/vscode-start/index.html [2ms]
2024-02-12 15:38:53.325 [info] > git cat-file -s 4d0a0a2d12a1f2711564fef663963a91345e86c5 [2ms]
2024-02-12 15:38:53.339 [info] > git show --textconv :index.html [2ms]
2024-02-12 15:40:14.487 [info] > git config --get commit.template [25ms]
2024-02-12 15:40:14.490 [info] > git for-each-ref --format=%(refname)%00%(upstream:short)%00%(objectname)%00%(upstream:track)%00%(upstream:remotename)%00%(upstream:remoteref) refs/heads/main refs/remotes/main [5ms]
2024-02-12 15:40:14.512 [warning] ENOENT: no such file or directory, open '/home/m/GitHub/vscode-start/.git/refs/remotes/origin/main'
2024-02-12 15:40:14.515 [info] > git rev-parse refs/remotes/origin/main [2ms]
2024-02-12 15:40:14.534 [info] > git status -z -uall [4ms]
2024-02-12 15:40:14.555 [info] > git ls-files --stage -- /home/m/GitHub/vscode-start/index.html [2ms]
2024-02-12 15:40:14.567 [info] > git cat-file -s 4d0a0a2d12a1f2711564fef663963a91345e86c5 [2ms]
2024-02-12 15:40:14.581 [info] > git show --textconv :index.html [2ms]
2024-02-12 15:40:22.960 [info] > git config --get commit.template [14ms]
2024-02-12 15:40:22.961 [info] > git for-each-ref --format=%(refname)%00%(upstream:short)%00%(objectname)%00%(upstream:track)%00%(upstream:remotename)%00%(upstream:remoteref) refs/heads/main refs/remotes/main [2ms]
2024-02-12 15:40:22.971 [warning] ENOENT: no such file or directory, open '/home/m/GitHub/vscode-start/.git/refs/remotes/origin/main'
2024-02-12 15:40:22.973 [info] > git rev-parse refs/remotes/origin/main [2ms]
2024-02-12 15:40:22.986 [info] > git status -z -uall [2ms]
2024-02-12 15:40:23.079 [info] > git ls-files --stage -- /home/m/GitHub/vscode-start/index.html [3ms]
2024-02-12 15:40:23.100 [info] > git cat-file -s 4d0a0a2d12a1f2711564fef663963a91345e86c5 [2ms]
2024-02-12 15:40:23.137 [info] > git show --textconv :index.html [3ms]
2024-02-12 15:40:27.623 [info] > git merge-base refs/heads/main refs/remotes/origin/main [3ms]
2024-02-12 15:40:27.649 [info] > git rev-list --count --left-right refs/heads/main...refs/remotes/origin/main [5ms]
2024-02-12 15:40:36.709 [info] > git add -A -- . [7ms]
2024-02-12 15:40:36.754 [info] > git config --get commit.template [19ms]
2024-02-12 15:40:36.756 [info] > git for-each-ref --format=%(refname)%00%(upstream:short)%00%(objectname)%00%(upstream:track)%00%(upstream:remotename)%00%(upstream:remoteref) refs/heads/main refs/remotes/main [3ms]
2024-02-12 15:40:36.772 [warning] ENOENT: no such file or directory, open '/home/m/GitHub/vscode-start/.git/refs/remotes/origin/main'
2024-02-12 15:40:36.774 [info] > git rev-parse refs/remotes/origin/main [2ms]
2024-02-12 15:40:36.796 [info] > git status -z -uall [6ms]
2024-02-12 15:40:37.805 [info] > git show --textconv :.git/COMMIT_EDITMSG [19ms]
2024-02-12 15:40:37.807 [info] > git ls-files --stage -- /home/m/GitHub/vscode-start/.git/COMMIT_EDITMSG [3ms]
2024-02-12 15:40:38.139 [info] > git check-ignore -v -z --stdin [5ms]
2024-02-12 15:40:38.190 [info] > git ls-files --stage -- /home/m/GitHub/vscode-start/.git/COMMIT_EDITMSG [5ms]
2024-02-12 15:40:38.221 [info] > git show --textconv :.git/COMMIT_EDITMSG [2ms]
2024-02-12 15:40:49.332 [info] > git ls-files --stage -- /home/m/GitHub/vscode-start/.git/COMMIT_EDITMSG [8ms]
2024-02-12 15:40:49.370 [info] > git show --textconv :.git/COMMIT_EDITMSG [5ms]
2024-02-12 15:40:54.901 [info] > git show --textconv HEAD:index.html [92ms]
2024-02-12 15:40:54.901 [info] > git show --textconv :index.html [66ms]
2024-02-12 15:40:54.902 [info] > git ls-tree -l HEAD -- /home/m/GitHub/vscode-start/index.html [39ms]
2024-02-12 15:40:54.907 [info] > git ls-files --stage -- /home/m/GitHub/vscode-start/index.html [9ms]
2024-02-12 15:40:54.937 [info] > git cat-file -s 93318c81590f6147502594274a20663852e4e20f [8ms]
2024-02-12 15:40:55.426 [info] > git check-ignore -v -z --stdin [3ms]
2024-02-12 15:40:58.398 [info] > git show --textconv :index.html [20ms]
2024-02-12 15:40:58.400 [info] > git ls-files --stage -- /home/m/GitHub/vscode-start/index.html [3ms]
2024-02-12 15:40:58.417 [info] > git cat-file -s 93318c81590f6147502594274a20663852e4e20f [2ms]
2024-02-12 15:41:02.843 [info] > git show --textconv HEAD:style.css [129ms]
2024-02-12 15:41:02.843 [info] > git show --textconv :style.css [94ms]
2024-02-12 15:41:02.843 [info] > git ls-tree -l HEAD -- /home/m/GitHub/vscode-start/style.css [52ms]
2024-02-12 15:41:02.865 [info] > git ls-files --stage -- /home/m/GitHub/vscode-start/style.css [24ms]
2024-02-12 15:41:02.890 [info] > git cat-file -s f3825de337e2e61ace18eb515bc82da998a9e978 [4ms]
2024-02-12 15:41:03.380 [info] > git check-ignore -v -z --stdin [5ms]
2024-02-12 15:41:14.489 [info] > git ls-tree -l HEAD -- /home/m/GitHub/vscode-start/style.css [45ms]
2024-02-12 15:41:14.502 [info] > git ls-files --stage -- /home/m/GitHub/vscode-start/style.css [39ms]
2024-02-12 15:41:14.525 [info] > git cat-file -s f3825de337e2e61ace18eb515bc82da998a9e978 [3ms]
2024-02-12 15:41:39.106 [info] > git ls-tree -l HEAD -- /home/m/GitHub/vscode-start/style.css [24ms]
2024-02-12 15:41:39.109 [info] > git ls-files --stage -- /home/m/GitHub/vscode-start/style.css [5ms]
2024-02-12 15:41:39.142 [info] > git cat-file -s f3825de337e2e61ace18eb515bc82da998a9e978 [17ms]
2024-02-12 15:41:39.162 [info] > git show --textconv HEAD:style.css [20ms]
2024-02-12 15:41:39.164 [info] > git show --textconv :style.css [3ms]
2024-02-12 15:41:50.144 [info] > git ls-tree -l HEAD -- /home/m/GitHub/vscode-start/style.css [14ms]
2024-02-12 15:41:50.147 [info] > git ls-files --stage -- /home/m/GitHub/vscode-start/style.css [3ms]
2024-02-12 15:41:50.176 [info] > git cat-file -s f3825de337e2e61ace18eb515bc82da998a9e978 [16ms]
2024-02-12 15:41:50.178 [info] > git show --textconv HEAD:style.css [2ms]
2024-02-12 15:41:50.192 [info] > git show --textconv :style.css [2ms]
2024-02-12 15:43:07.539 [info] > git ls-tree -l HEAD -- /home/m/GitHub/vscode-start/style.css [38ms]
2024-02-12 15:43:07.553 [info] > git ls-files --stage -- /home/m/GitHub/vscode-start/style.css [23ms]
2024-02-12 15:43:07.590 [info] > git cat-file -s f3825de337e2e61ace18eb515bc82da998a9e978 [10ms]
2024-02-12 15:48:05.699 [info] > git ls-tree -l HEAD -- /home/m/GitHub/vscode-start/style.css [127ms]
2024-02-12 15:48:05.700 [info] > git ls-files --stage -- /home/m/GitHub/vscode-start/style.css [94ms]
2024-02-12 15:48:05.752 [info] > git cat-file -s f3825de337e2e61ace18eb515bc82da998a9e978 [24ms]
2024-02-12 15:48:25.801 [info] > git ls-files --stage -- /home/m/GitHub/vscode-start/index.html [2ms]
2024-02-12 15:48:25.817 [info] > git cat-file -s 93318c81590f6147502594274a20663852e4e20f [2ms]
2024-02-12 15:48:25.834 [info] > git show --textconv :index.html [51ms]
2024-02-12 15:48:27.471 [info] > git show --textconv :.git/COMMIT_EDITMSG [37ms]
2024-02-12 15:48:27.479 [info] > git ls-files --stage -- /home/m/GitHub/vscode-start/.git/COMMIT_EDITMSG [10ms]
2024-02-12 15:48:29.442 [info] > git show --textconv :index.html [21ms]
2024-02-12 15:48:29.445 [info] > git ls-files --stage -- /home/m/GitHub/vscode-start/index.html [6ms]
2024-02-12 15:48:29.466 [info] > git cat-file -s 93318c81590f6147502594274a20663852e4e20f [3ms]
2024-02-12 15:48:35.610 [info] > git show --textconv :.git/COMMIT_EDITMSG [21ms]
2024-02-12 15:48:35.614 [info] > git ls-files --stage -- /home/m/GitHub/vscode-start/.git/COMMIT_EDITMSG [4ms]
2024-02-12 15:48:39.268 [info] > git -c user.useConfigOnly=true commit --quiet [482445ms]
2024-02-12 15:48:39.268 [info] fatal: cannot lock ref 'HEAD': is at f63be53819425a4b64a8c20b836fb6a253b13e14 but expected 28adb519be2e7fbb961c9dda7d2f52e1b7564613
2024-02-12 15:48:39.286 [info] > git config --get-all user.name [2ms]
2024-02-12 15:48:39.314 [info] > git config --get-all user.email [6ms]
2024-02-12 15:48:39.349 [info] > git config --get commit.template [17ms]
2024-02-12 15:48:39.364 [info] > git for-each-ref --format=%(refname)%00%(upstream:short)%00%(objectname)%00%(upstream:track)%00%(upstream:remotename)%00%(upstream:remoteref) refs/heads/main refs/remotes/main [17ms]
2024-02-12 15:48:39.426 [info] > git status -z -uall [46ms]
2024-02-12 15:48:39.520 [info] > git config --get commit.template [33ms]
2024-02-12 15:48:39.527 [info] > git merge-base refs/heads/main refs/remotes/origin/main [9ms]
2024-02-12 15:48:39.587 [info] > git for-each-ref --format=%(refname)%00%(upstream:short)%00%(objectname)%00%(upstream:track)%00%(upstream:remotename)%00%(upstream:remoteref) refs/heads/main refs/remotes/main [6ms]
2024-02-12 15:48:39.589 [info] > git rev-list --count --left-right refs/heads/main...refs/remotes/origin/main [37ms]
2024-02-12 15:48:39.630 [info] > git status -z -uall [6ms]
2024-02-12 15:48:44.946 [info] > git show --textconv :script.js [33ms]
2024-02-12 15:48:44.954 [info] > git ls-files --stage -- /home/m/GitHub/vscode-start/script.js [10ms]
2024-02-12 15:48:44.989 [info] > git cat-file -s ac47efd62eee19f0450f3af535bd53a2831b7098 [6ms]
2024-02-12 15:48:46.246 [info] > git show --textconv :README.md [39ms]
2024-02-12 15:48:46.258 [info] > git ls-files --stage -- /home/m/GitHub/vscode-start/README.md [17ms]
2024-02-12 15:48:46.298 [info] > git cat-file -s c7bece487777894749c1cd5a0e9bbc9bf016c50a [11ms]
2024-02-12 15:48:48.333 [info] > git show --textconv :index.html [33ms]
2024-02-12 15:48:48.336 [info] > git ls-files --stage -- /home/m/GitHub/vscode-start/index.html [5ms]
2024-02-12 15:48:48.378 [info] > git cat-file -s 93318c81590f6147502594274a20663852e4e20f [12ms]
2024-02-12 15:49:30.652 [info] > git show --textconv :style.css [22ms]
2024-02-12 15:49:30.654 [info] > git ls-files --stage -- /home/m/GitHub/vscode-start/style.css [3ms]
2024-02-12 15:49:30.680 [info] > git cat-file -s f3825de337e2e61ace18eb515bc82da998a9e978 [6ms]
2024-02-12 15:55:33.919 [warning] ENOENT: no such file or directory, open '/home/m/GitHub/vscode-start/.git/HEAD'
2024-02-12 15:55:34.183 [warning] getRemotes() - ENOENT: no such file or directory, open '/home/m/GitHub/vscode-start/.git/config'
2024-02-12 15:55:34.281 [warning] ENOENT: no such file or directory, open '/home/m/GitHub/vscode-start/.git/HEAD'
2024-02-12 15:55:34.302 [warning] getRemotes() - ENOENT: no such file or directory, open '/home/m/GitHub/vscode-start/.git/config'
2024-02-12 15:55:43.966 [warning] Failed to get repository realpath for: "/home/m/GitHub/vscode-start". Error: ENOENT: no such file or directory, realpath '/home/m/GitHub/vscode-start'
2024-02-12 15:55:45.747 [warning] Failed to get repository realpath for: "/home/m/GitHub/vscode-start". Error: ENOENT: no such file or directory, realpath '/home/m/GitHub/vscode-start'
2024-02-12 15:55:47.006 [warning] Failed to get repository realpath for: "/home/m/GitHub/vscode-start". Error: ENOENT: no such file or directory, realpath '/home/m/GitHub/vscode-start'
2024-02-12 16:12:20.353 [warning] Failed to get repository realpath for: "/home/m/GitHub/vscode-start". Error: ENOENT: no such file or directory, realpath '/home/m/GitHub/vscode-start'
2024-02-12 21:43:07.638 [info] Log level: Info
2024-02-12 21:43:07.653 [info] Validating found git in: "git"
2024-02-12 21:43:07.653 [info] Using git "2.43.1" from "git"
2024-02-12 21:44:01.693 [info] Log level: Info
2024-02-12 21:44:01.713 [info] Validating found git in: "git"
2024-02-12 21:44:01.713 [info] Using git "2.43.1" from "git"
2024-02-12 21:44:01.713 [info] > git rev-parse --show-toplevel [58ms]
2024-02-12 21:44:01.713 [info] fatal: not a git repository (or any of the parent directories): .git
2024-02-12 21:44:50.970 [info] > git rev-parse --show-toplevel [164ms]
2024-02-12 21:44:51.005 [info] fatal: not a git repository (or any of the parent directories): .git
2024-02-12 21:44:52.613 [info] > git rev-parse --show-toplevel [10ms]
2024-02-12 21:44:52.613 [info] fatal: not a git repository (or any of the parent directories): .git
2024-02-12 21:44:56.579 [info] > git rev-parse --show-toplevel [7ms]
2024-02-12 21:44:56.579 [info] fatal: not a git repository (or any of the parent directories): .git
2024-02-12 21:44:57.470 [info] > git rev-parse --show-toplevel [6ms]
2024-02-12 21:44:57.470 [info] fatal: not a git repository (or any of the parent directories): .git
2024-02-12 21:44:59.783 [info] > git rev-parse --show-toplevel [6ms]
2024-02-12 21:44:59.783 [info] fatal: not a git repository (or any of the parent directories): .git
2024-02-12 21:45:01.181 [info] > git rev-parse --show-toplevel [5ms]
2024-02-12 21:45:01.181 [info] fatal: not a git repository (or any of the parent directories): .git
2024-02-12 21:45:01.707 [info] > git rev-parse --show-toplevel [11ms]
2024-02-12 21:45:01.707 [info] fatal: not a git repository (or any of the parent directories): .git
2024-02-12 21:45:02.342 [info] > git rev-parse --show-toplevel [11ms]
2024-02-12 21:45:02.342 [info] fatal: not a git repository (or any of the parent directories): .git
2024-02-12 21:45:03.432 [info] > git rev-parse --show-toplevel [3ms]
2024-02-12 21:45:03.432 [info] fatal: not a git repository (or any of the parent directories): .git
2024-02-12 21:45:06.857 [info] > git rev-parse --show-toplevel [5ms]
2024-02-12 21:45:06.857 [info] fatal: not a git repository (or any of the parent directories): .git
2024-02-12 21:45:07.328 [info] > git rev-parse --show-toplevel [12ms]
2024-02-12 21:45:07.328 [info] fatal: not a git repository (or any of the parent directories): .git
2024-02-12 21:45:10.816 [info] > git rev-parse --show-toplevel [99ms]
2024-02-12 21:45:10.816 [info] fatal: not a git repository (or any of the parent directories): .git
2024-02-12 21:45:11.441 [info] > git rev-parse --show-toplevel [11ms]
2024-02-12 21:45:11.441 [info] fatal: not a git repository (or any of the parent directories): .git
2024-02-12 21:45:12.067 [info] > git rev-parse --show-toplevel [6ms]
2024-02-12 21:45:12.067 [info] fatal: not a git repository (or any of the parent directories): .git
2024-02-12 21:45:12.832 [info] > git rev-parse --show-toplevel [6ms]
2024-02-12 21:45:12.833 [info] fatal: not a git repository (or any of the parent directories): .git
2024-02-12 21:45:13.284 [info] > git rev-parse --show-toplevel [10ms]
2024-02-12 21:45:13.284 [info] fatal: not a git repository (or any of the parent directories): .git
2024-02-12 21:45:18.688 [info] > git rev-parse --show-toplevel [4ms]
2024-02-12 21:45:18.689 [info] fatal: not a git repository (or any of the parent directories): .git
2024-02-12 21:45:32.865 [info] > git rev-parse --show-toplevel [7ms]
2024-02-12 21:45:32.865 [info] fatal: not a git repository (or any of the parent directories): .git
2024-02-12 21:45:38.787 [info] > git rev-parse --show-toplevel [6ms]
2024-02-12 21:45:38.787 [info] fatal: not a git repository (or any of the parent directories): .git
