2024-02-12 21:47:35.567 [info] Extension host with pid 28551 started
2024-02-12 21:47:35.571 [info] Skipping acquiring lock for /home/m/.config/Code/User/workspaceStorage/88e58358ff052256991d3ab99f475011.
2024-02-12 21:47:35.937 [info] ExtensionService#_doActivateExtension vscode.git-base, startup: true, activationEvent: '*', root cause: vscode.git
2024-02-12 21:47:36.014 [info] ExtensionService#_doActivateExtension vscode.git, startup: true, activationEvent: '*'
2024-02-12 21:47:36.084 [info] ExtensionService#_doActivateExtension vscode.github, startup: true, activationEvent: '*'
2024-02-12 21:47:36.452 [info] Eager extensions activated
2024-02-12 21:47:36.612 [info] ExtensionService#_doActivateExtension vscode.debug-auto-launch, startup: false, activationEvent: 'onStartupFinished'
2024-02-12 21:47:36.632 [info] ExtensionService#_doActivateExtension vscode.merge-conflict, startup: false, activationEvent: 'onStartupFinished'
2024-02-12 21:47:36.685 [info] ExtensionService#_doActivateExtension ecmel.vscode-html-css, startup: false, activationEvent: 'onStartupFinished'
2024-02-12 21:47:36.721 [info] ExtensionService#_doActivateExtension PKief.material-icon-theme, startup: false, activationEvent: 'onStartupFinished'
2024-02-12 21:47:36.783 [info] ExtensionService#_doActivateExtension SeyyedKhandon.firacode, startup: false, activationEvent: 'onStartupFinished'
2024-02-12 21:47:36.811 [info] ExtensionService#_doActivateExtension SeyyedKhandon.tpack, startup: false, activationEvent: 'onStartupFinished'
2024-02-12 21:47:36.840 [info] ExtensionService#_doActivateExtension vscode-icons-team.vscode-icons, startup: false, activationEvent: 'onStartupFinished'
2024-02-12 21:47:36.968 [info] ExtensionService#_doActivateExtension zhuangtongfa.material-theme, startup: false, activationEvent: 'onStartupFinished'
2024-02-12 21:47:39.416 [info] ExtensionService#_doActivateExtension vscode.github-authentication, startup: false, activationEvent: 'onAuthenticationRequest:github'
2024-02-12 21:47:46.302 [info] Extension host terminating: renderer closed the MessagePort
2024-02-12 21:47:46.352 [error] An error occurred when deactivating the extension 'SeyyedKhandon.firacode':
2024-02-12 21:47:46.359 [error] TypeError: Cannot read properties of undefined (reading 'extension')
	at deactivateFiraCode (/home/m/.vscode/extensions/seyyedkhandon.firacode-2.2.1/out/util.js:53:27)
	at Object.deactivate (/home/m/.vscode/extensions/seyyedkhandon.firacode-2.2.1/out/extension.js:26:35)
	at g.cb (/opt/visual-studio-code/resources/app/out/vs/workbench/api/node/extensionHostProcess.js:156:9679)
	at /opt/visual-studio-code/resources/app/out/vs/workbench/api/node/extensionHostProcess.js:156:7808
	at Array.map (<anonymous>)
	at g.Y (/opt/visual-studio-code/resources/app/out/vs/workbench/api/node/extensionHostProcess.js:156:7795)
	at g.terminate (/opt/visual-studio-code/resources/app/out/vs/workbench/api/node/extensionHostProcess.js:156:8068)
	at o.terminate (/opt/visual-studio-code/resources/app/out/vs/workbench/api/node/extensionHostProcess.js:160:1513)
	at t (/opt/visual-studio-code/resources/app/out/vs/workbench/api/node/extensionHostProcess.js:173:9950)
	at MessagePortMain.<anonymous> (/opt/visual-studio-code/resources/app/out/vs/workbench/api/node/extensionHostProcess.js:173:6375)
	at MessagePortMain.emit (node:events:514:28)
	at Object.emit (node:electron/js2c/utility_init:2:2285)
2024-02-12 21:47:46.360 [error] An error occurred when deactivating the extension 'SeyyedKhandon.tpack':
2024-02-12 21:47:46.361 [error] TypeError: Cannot read properties of undefined (reading 'extension')
	at Object.extensionDeactivation (/home/m/.vscode/extensions/seyyedkhandon.tpack-2.0.4/out/util.js:37:27)
	at Object.deactivate (/home/m/.vscode/extensions/seyyedkhandon.tpack-2.0.4/out/extension.js:33:12)
	at g.cb (/opt/visual-studio-code/resources/app/out/vs/workbench/api/node/extensionHostProcess.js:156:9679)
	at /opt/visual-studio-code/resources/app/out/vs/workbench/api/node/extensionHostProcess.js:156:7808
	at Array.map (<anonymous>)
	at g.Y (/opt/visual-studio-code/resources/app/out/vs/workbench/api/node/extensionHostProcess.js:156:7795)
	at g.terminate (/opt/visual-studio-code/resources/app/out/vs/workbench/api/node/extensionHostProcess.js:156:8068)
	at o.terminate (/opt/visual-studio-code/resources/app/out/vs/workbench/api/node/extensionHostProcess.js:160:1513)
	at t (/opt/visual-studio-code/resources/app/out/vs/workbench/api/node/extensionHostProcess.js:173:9950)
	at MessagePortMain.<anonymous> (/opt/visual-studio-code/resources/app/out/vs/workbench/api/node/extensionHostProcess.js:173:6375)
	at MessagePortMain.emit (node:events:514:28)
	at Object.emit (node:electron/js2c/utility_init:2:2285)
2024-02-12 21:47:46.363 [info] Extension host with pid 28551 exiting with code 0
