2024-02-12 13:13:17.762 [info] Added views:workbench.panel.markers.view in workbench.panel.markers
2024-02-12 13:13:17.762 [info] Added views:workbench.panel.output in workbench.panel.output
2024-02-12 13:13:17.762 [info] Added views:terminal in terminal
2024-02-12 13:13:17.762 [info] Added views:outline in workbench.view.explorer
2024-02-12 13:13:17.762 [info] Added views:workbench.scm in workbench.view.scm
2024-02-12 13:13:17.762 [info] Added views:workbench.view.search in workbench.view.search
2024-02-12 13:13:17.762 [info] Added views:timeline in workbench.view.explorer
2024-02-12 13:13:17.762 [info] Added views:workbench.explorer.fileView in workbench.view.explorer
2024-02-12 13:13:19.962 [info] Added views:workbench.debug.welcome in workbench.view.debug
2024-02-12 13:13:20.053 [info] Added views:workbench.panel.repl.view in workbench.panel.repl
2024-02-12 13:13:23.863 [info] Added views:~remote.forwardedPorts in ~remote.forwardedPortsContainer
2024-02-12 13:19:58.716 [info] Added views:workbench.views.extensions.installed,workbench.views.extensions.popular,extensions.recommendedList in workbench.view.extensions
2024-02-12 13:19:58.728 [info] Removed views:workbench.views.extensions.popular from workbench.view.extensions
2024-02-12 13:20:03.559 [info] Removed views:extensions.recommendedList,workbench.views.extensions.installed from workbench.view.extensions
2024-02-12 13:20:03.570 [info] Added views:workbench.views.extensions.marketplace in workbench.view.extensions
2024-02-12 13:26:52.156 [info] Removed views:workbench.views.extensions.marketplace from workbench.view.extensions
2024-02-12 13:26:52.185 [info] Added views:workbench.views.extensions.installed,extensions.recommendedList in workbench.view.extensions
2024-02-12 13:26:53.513 [info] Removed views:extensions.recommendedList,workbench.views.extensions.installed from workbench.view.extensions
2024-02-12 13:26:53.525 [info] Added views:workbench.views.extensions.marketplace in workbench.view.extensions
2024-02-12 13:30:40.938 [info] Added views:workbench.panel.markers.view in workbench.panel.markers
2024-02-12 13:30:40.938 [info] Added views:workbench.panel.output in workbench.panel.output
2024-02-12 13:30:40.938 [info] Added views:terminal in terminal
2024-02-12 13:30:40.938 [info] Added views:outline in workbench.view.explorer
2024-02-12 13:30:40.938 [info] Added views:workbench.scm in workbench.view.scm
2024-02-12 13:30:40.938 [info] Added views:workbench.view.search in workbench.view.search
2024-02-12 13:30:40.938 [info] Added views:timeline in workbench.view.explorer
2024-02-12 13:30:40.938 [info] Added views:workbench.explorer.fileView in workbench.view.explorer
2024-02-12 13:30:41.307 [info] Added views:workbench.debug.welcome in workbench.view.debug
2024-02-12 13:30:43.096 [info] Added views:~remote.forwardedPorts in ~remote.forwardedPortsContainer
2024-02-12 13:30:43.357 [info] Added views:workbench.views.extensions.installed,extensions.recommendedList in workbench.view.extensions
2024-02-12 13:30:44.761 [info] Added views:workbench.panel.repl.view in workbench.panel.repl
2024-02-12 13:46:36.923 [info] Removed views:extensions.recommendedList,workbench.views.extensions.installed from workbench.view.extensions
2024-02-12 13:46:36.968 [info] Added views:workbench.views.extensions.marketplace in workbench.view.extensions
2024-02-12 13:46:43.953 [info] Removed views:workbench.views.extensions.marketplace from workbench.view.extensions
2024-02-12 13:46:43.970 [info] Added views:workbench.views.extensions.installed,extensions.recommendedList in workbench.view.extensions
2024-02-12 13:46:46.301 [info] Removed views:extensions.recommendedList,workbench.views.extensions.installed from workbench.view.extensions
2024-02-12 13:46:46.315 [info] Added views:workbench.views.extensions.marketplace in workbench.view.extensions
2024-02-12 13:46:48.639 [info] Removed views:workbench.views.extensions.marketplace from workbench.view.extensions
2024-02-12 13:46:48.652 [info] Added views:workbench.views.extensions.installed,extensions.recommendedList in workbench.view.extensions
2024-02-12 13:46:51.286 [info] Removed views:extensions.recommendedList,workbench.views.extensions.installed from workbench.view.extensions
2024-02-12 13:46:51.335 [info] Added views:workbench.views.extensions.marketplace in workbench.view.extensions
2024-02-12 14:18:41.342 [info] Removed views:workbench.views.extensions.marketplace from workbench.view.extensions
2024-02-12 14:18:41.390 [info] Added views:workbench.views.extensions.installed,extensions.recommendedList in workbench.view.extensions
2024-02-12 14:19:04.283 [info] Removed views:extensions.recommendedList,workbench.views.extensions.installed from workbench.view.extensions
2024-02-12 14:19:04.296 [info] Added views:workbench.views.extensions.marketplace in workbench.view.extensions
2024-02-12 21:42:55.042 [info] Added views:workbench.explorer.emptyView in workbench.view.explorer
2024-02-12 21:42:55.066 [info] Removed views:workbench.explorer.fileView from workbench.view.explorer
2024-02-12 21:42:59.525 [info] Removed views:workbench.panel.repl.view from workbench.panel.repl
2024-02-12 21:43:04.704 [info] Added views:workbench.panel.repl.view in workbench.panel.repl
2024-02-12 21:43:55.085 [info] Added views:workbench.explorer.fileView in workbench.view.explorer
2024-02-12 21:43:55.113 [info] Removed views:workbench.explorer.emptyView from workbench.view.explorer
2024-02-12 21:43:55.992 [info] Removed views:workbench.panel.repl.view from workbench.panel.repl
2024-02-12 21:43:57.342 [info] Added views:workbench.panel.repl.view in workbench.panel.repl
2024-02-12 21:46:18.903 [info] Added views:workbench.explorer.emptyView in workbench.view.explorer
2024-02-12 21:46:18.923 [info] Removed views:workbench.explorer.fileView from workbench.view.explorer
2024-02-12 21:46:20.303 [info] Removed views:workbench.panel.repl.view from workbench.panel.repl
2024-02-12 21:46:22.150 [info] Added views:workbench.panel.repl.view in workbench.panel.repl
