2024-02-12 13:13:19.948 [info] Extension host with pid 6324 started
2024-02-12 13:13:19.948 [info] Skipping acquiring lock for /home/m/.config/Code/User/workspaceStorage/20876ebef5ff1307f7f63a882a1b79b4.
2024-02-12 13:13:20.051 [info] ExtensionService#_doActivateExtension vscode.emmet, startup: false, activationEvent: 'onLanguage'
2024-02-12 13:13:20.119 [info] ExtensionService#_doActivateExtension vscode.github-authentication, startup: false, activationEvent: 'onAuthenticationRequest:github'
2024-02-12 13:13:20.512 [info] ExtensionService#_doActivateExtension vscode.css-language-features, startup: false, activationEvent: 'onLanguage:css'
2024-02-12 13:13:20.605 [info] ExtensionService#_doActivateExtension vscode.git-base, startup: true, activationEvent: '*', root cause: vscode.git
2024-02-12 13:13:21.096 [info] ExtensionService#_doActivateExtension vscode.git, startup: true, activationEvent: '*'
2024-02-12 13:13:21.291 [info] ExtensionService#_doActivateExtension vscode.github, startup: true, activationEvent: '*'
2024-02-12 13:13:22.212 [info] ExtensionService#_doActivateExtension pranaygp.vscode-css-peek, startup: true, activationEvent: 'workspaceContains:**/*.css,**/*.scss,**/*.sass,**/*.less'
2024-02-12 13:13:25.794 [info] Eager extensions activated
2024-02-12 13:13:25.854 [info] ExtensionService#_doActivateExtension vscode.debug-auto-launch, startup: false, activationEvent: 'onStartupFinished'
2024-02-12 13:13:25.910 [info] ExtensionService#_doActivateExtension vscode.merge-conflict, startup: false, activationEvent: 'onStartupFinished'
2024-02-12 13:13:25.998 [info] ExtensionService#_doActivateExtension ecmel.vscode-html-css, startup: false, activationEvent: 'onStartupFinished'
2024-02-12 13:13:26.049 [info] ExtensionService#_doActivateExtension vscode.json-language-features, startup: false, activationEvent: 'onLanguage:jsonc'
2024-02-12 13:13:26.173 [info] ExtensionService#_doActivateExtension vscode.typescript-language-features, startup: false, activationEvent: 'onLanguage:jsonc'
2024-02-12 13:25:08.155 [warning] vscode.json-language-features - Code actions of kind 'quickfix 'requested but returned code action is of kind 'source.sort.json'. Code action will be dropped. Please check 'CodeActionContext.only' to only return requested code actions.
2024-02-12 13:27:04.760 [warning] vscode.json-language-features - Code actions of kind 'quickfix 'requested but returned code action is of kind 'source.sort.json'. Code action will be dropped. Please check 'CodeActionContext.only' to only return requested code actions.
2024-02-12 13:27:31.765 [info] ExtensionService#_doActivateExtension aleleba.fira-code-material-icon-theme, startup: false, activationEvent: 'onStartupFinished'
2024-02-12 13:28:55.926 [warning] vscode.json-language-features - Code actions of kind 'quickfix 'requested but returned code action is of kind 'source.sort.json'. Code action will be dropped. Please check 'CodeActionContext.only' to only return requested code actions.
2024-02-12 13:29:11.544 [warning] vscode.json-language-features - Code actions of kind 'quickfix 'requested but returned code action is of kind 'source.sort.json'. Code action will be dropped. Please check 'CodeActionContext.only' to only return requested code actions.
2024-02-12 13:29:31.994 [warning] vscode.json-language-features - Code actions of kind 'quickfix 'requested but returned code action is of kind 'source.sort.json'. Code action will be dropped. Please check 'CodeActionContext.only' to only return requested code actions.
2024-02-12 13:29:41.911 [warning] vscode.json-language-features - Code actions of kind 'quickfix 'requested but returned code action is of kind 'source.sort.json'. Code action will be dropped. Please check 'CodeActionContext.only' to only return requested code actions.
2024-02-12 13:29:43.261 [warning] vscode.json-language-features - Code actions of kind 'quickfix 'requested but returned code action is of kind 'source.sort.json'. Code action will be dropped. Please check 'CodeActionContext.only' to only return requested code actions.
2024-02-12 13:29:54.327 [warning] vscode.json-language-features - Code actions of kind 'quickfix 'requested but returned code action is of kind 'source.sort.json'. Code action will be dropped. Please check 'CodeActionContext.only' to only return requested code actions.
2024-02-12 13:30:03.366 [warning] vscode.json-language-features - Code actions of kind 'quickfix 'requested but returned code action is of kind 'source.sort.json'. Code action will be dropped. Please check 'CodeActionContext.only' to only return requested code actions.
2024-02-12 13:30:04.471 [warning] vscode.json-language-features - Code actions of kind 'quickfix 'requested but returned code action is of kind 'source.sort.json'. Code action will be dropped. Please check 'CodeActionContext.only' to only return requested code actions.
2024-02-12 13:30:38.663 [info] Extension host terminating: renderer closed the MessagePort
2024-02-12 13:30:38.748 [error] Canceled: Canceled
	at new f (/opt/visual-studio-code/resources/app/out/vs/workbench/api/node/extensionHostProcess.js:140:45069)
	at d.U (/opt/visual-studio-code/resources/app/out/vs/workbench/api/node/extensionHostProcess.js:147:5557)
	at T.<computed>.O.charCodeAt.T.<computed> (/opt/visual-studio-code/resources/app/out/vs/workbench/api/node/extensionHostProcess.js:147:3008)
	at s.g (/opt/visual-studio-code/resources/app/out/vs/workbench/api/node/extensionHostProcess.js:150:174704)
	at s.executeCommand (/opt/visual-studio-code/resources/app/out/vs/workbench/api/node/extensionHostProcess.js:150:174142)
	at m.registerCommand.description (/opt/visual-studio-code/resources/app/out/vs/workbench/api/node/extensionHostProcess.js:150:173466)
	at s.h (/opt/visual-studio-code/resources/app/out/vs/workbench/api/node/extensionHostProcess.js:150:175243)
	at s.g (/opt/visual-studio-code/resources/app/out/vs/workbench/api/node/extensionHostProcess.js:150:174235)
	at s.executeCommand (/opt/visual-studio-code/resources/app/out/vs/workbench/api/node/extensionHostProcess.js:150:174142)
	at Object.executeCommand (/opt/visual-studio-code/resources/app/out/vs/workbench/api/node/extensionHostProcess.js:160:21634)
	at g.I [as value] (/opt/visual-studio-code/resources/app/extensions/git/dist/main.js:2:927298)
	at r.y (/opt/visual-studio-code/resources/app/out/vs/workbench/api/node/extensionHostProcess.js:80:1902)
	at r.z (/opt/visual-studio-code/resources/app/out/vs/workbench/api/node/extensionHostProcess.js:80:1972)
	at r.fire (/opt/visual-studio-code/resources/app/out/vs/workbench/api/node/extensionHostProcess.js:80:2188)
	at Object.m [as dispose] (/opt/visual-studio-code/resources/app/extensions/git/dist/main.js:2:943089)
	at /opt/visual-studio-code/resources/app/extensions/git/dist/main.js:2:947930
	at Array.forEach (<anonymous>)
	at p.dispose (/opt/visual-studio-code/resources/app/extensions/git/dist/main.js:2:947916)
	at c.<anonymous> (/opt/visual-studio-code/resources/app/out/vs/workbench/api/node/extensionHostProcess.js:148:3650)
	at c.dispose (/opt/visual-studio-code/resources/app/out/vs/workbench/api/node/extensionHostProcess.js:148:3747)
	at c.<anonymous> (/opt/visual-studio-code/resources/app/extensions/git/dist/main.js:2:929310)
	at c.dispose (/opt/visual-studio-code/resources/app/out/vs/workbench/api/node/extensionHostProcess.js:148:3747)
	at o (/opt/visual-studio-code/resources/app/out/vs/workbench/api/node/extensionHostProcess.js:30:754)
	at g.cb (/opt/visual-studio-code/resources/app/out/vs/workbench/api/node/extensionHostProcess.js:156:9874)
	at /opt/visual-studio-code/resources/app/out/vs/workbench/api/node/extensionHostProcess.js:156:7808
	at Array.map (<anonymous>)
	at g.Y (/opt/visual-studio-code/resources/app/out/vs/workbench/api/node/extensionHostProcess.js:156:7795)
	at g.terminate (/opt/visual-studio-code/resources/app/out/vs/workbench/api/node/extensionHostProcess.js:156:8068)
	at o.terminate (/opt/visual-studio-code/resources/app/out/vs/workbench/api/node/extensionHostProcess.js:160:1513)
	at t (/opt/visual-studio-code/resources/app/out/vs/workbench/api/node/extensionHostProcess.js:173:9950)
	at MessagePortMain.<anonymous> (/opt/visual-studio-code/resources/app/out/vs/workbench/api/node/extensionHostProcess.js:173:6375)
	at MessagePortMain.emit (node:events:514:28)
	at Object.emit (node:electron/js2c/utility_init:2:2285) setContext undefined
2024-02-12 13:30:38.749 [error] Canceled: Canceled
	at new f (/opt/visual-studio-code/resources/app/out/vs/workbench/api/node/extensionHostProcess.js:140:45069)
	at d.U (/opt/visual-studio-code/resources/app/out/vs/workbench/api/node/extensionHostProcess.js:147:5557)
	at T.<computed>.O.charCodeAt.T.<computed> (/opt/visual-studio-code/resources/app/out/vs/workbench/api/node/extensionHostProcess.js:147:3008)
	at s.g (/opt/visual-studio-code/resources/app/out/vs/workbench/api/node/extensionHostProcess.js:150:174704)
	at s.executeCommand (/opt/visual-studio-code/resources/app/out/vs/workbench/api/node/extensionHostProcess.js:150:174142)
	at m.registerCommand.description (/opt/visual-studio-code/resources/app/out/vs/workbench/api/node/extensionHostProcess.js:150:173466)
	at s.h (/opt/visual-studio-code/resources/app/out/vs/workbench/api/node/extensionHostProcess.js:150:175243)
	at s.g (/opt/visual-studio-code/resources/app/out/vs/workbench/api/node/extensionHostProcess.js:150:174235)
	at s.executeCommand (/opt/visual-studio-code/resources/app/out/vs/workbench/api/node/extensionHostProcess.js:150:174142)
	at Object.executeCommand (/opt/visual-studio-code/resources/app/out/vs/workbench/api/node/extensionHostProcess.js:160:21634)
	at set b [as b] (/opt/visual-studio-code/resources/app/extensions/github/dist/extension.js:2:322364)
	at /opt/visual-studio-code/resources/app/extensions/github/dist/extension.js:2:323005
	at g.value (/opt/visual-studio-code/resources/app/extensions/git/dist/main.js:2:1018251)
	at r.y (/opt/visual-studio-code/resources/app/out/vs/workbench/api/node/extensionHostProcess.js:80:1902)
	at r.z (/opt/visual-studio-code/resources/app/out/vs/workbench/api/node/extensionHostProcess.js:80:1972)
	at r.fire (/opt/visual-studio-code/resources/app/out/vs/workbench/api/node/extensionHostProcess.js:80:2188)
	at Object.m [as dispose] (/opt/visual-studio-code/resources/app/extensions/git/dist/main.js:2:943089)
	at /opt/visual-studio-code/resources/app/extensions/git/dist/main.js:2:947930
	at Array.forEach (<anonymous>)
	at p.dispose (/opt/visual-studio-code/resources/app/extensions/git/dist/main.js:2:947916)
	at c.<anonymous> (/opt/visual-studio-code/resources/app/out/vs/workbench/api/node/extensionHostProcess.js:148:3650)
	at c.dispose (/opt/visual-studio-code/resources/app/out/vs/workbench/api/node/extensionHostProcess.js:148:3747)
	at c.<anonymous> (/opt/visual-studio-code/resources/app/extensions/git/dist/main.js:2:929310)
	at c.dispose (/opt/visual-studio-code/resources/app/out/vs/workbench/api/node/extensionHostProcess.js:148:3747)
	at o (/opt/visual-studio-code/resources/app/out/vs/workbench/api/node/extensionHostProcess.js:30:754)
	at g.cb (/opt/visual-studio-code/resources/app/out/vs/workbench/api/node/extensionHostProcess.js:156:9874)
	at /opt/visual-studio-code/resources/app/out/vs/workbench/api/node/extensionHostProcess.js:156:7808
	at Array.map (<anonymous>)
	at g.Y (/opt/visual-studio-code/resources/app/out/vs/workbench/api/node/extensionHostProcess.js:156:7795)
	at g.terminate (/opt/visual-studio-code/resources/app/out/vs/workbench/api/node/extensionHostProcess.js:156:8068)
	at o.terminate (/opt/visual-studio-code/resources/app/out/vs/workbench/api/node/extensionHostProcess.js:160:1513)
	at t (/opt/visual-studio-code/resources/app/out/vs/workbench/api/node/extensionHostProcess.js:173:9950)
	at MessagePortMain.<anonymous> (/opt/visual-studio-code/resources/app/out/vs/workbench/api/node/extensionHostProcess.js:173:6375)
	at MessagePortMain.emit (node:events:514:28)
	at Object.emit (node:electron/js2c/utility_init:2:2285) setContext undefined
2024-02-12 13:30:38.762 [info] Extension host with pid 6324 exiting with code 0
2024-02-12 13:30:44.262 [info] Extension host with pid 9684 started
2024-02-12 13:30:44.262 [info] Skipping acquiring lock for /home/m/.config/Code/User/workspaceStorage/20876ebef5ff1307f7f63a882a1b79b4.
2024-02-12 13:30:44.763 [info] ExtensionService#_doActivateExtension vscode.emmet, startup: false, activationEvent: 'onLanguage'
2024-02-12 13:30:44.862 [info] ExtensionService#_doActivateExtension vscode.css-language-features, startup: false, activationEvent: 'onLanguage:css'
2024-02-12 13:30:44.975 [info] ExtensionService#_doActivateExtension vscode.github-authentication, startup: false, activationEvent: 'onAuthenticationRequest:github'
2024-02-12 13:30:46.066 [info] ExtensionService#_doActivateExtension vscode.git-base, startup: true, activationEvent: '*', root cause: vscode.git
2024-02-12 13:30:46.600 [info] ExtensionService#_doActivateExtension vscode.git, startup: true, activationEvent: '*'
2024-02-12 13:30:46.760 [info] ExtensionService#_doActivateExtension vscode.github, startup: true, activationEvent: '*'
2024-02-12 13:30:47.054 [info] ExtensionService#_doActivateExtension pranaygp.vscode-css-peek, startup: true, activationEvent: 'workspaceContains:**/*.css,**/*.scss,**/*.sass,**/*.less'
2024-02-12 13:30:48.412 [info] Eager extensions activated
2024-02-12 13:30:48.470 [info] ExtensionService#_doActivateExtension vscode.debug-auto-launch, startup: false, activationEvent: 'onStartupFinished'
2024-02-12 13:30:48.531 [info] ExtensionService#_doActivateExtension vscode.merge-conflict, startup: false, activationEvent: 'onStartupFinished'
2024-02-12 13:30:48.605 [info] ExtensionService#_doActivateExtension ecmel.vscode-html-css, startup: false, activationEvent: 'onStartupFinished'
2024-02-12 13:31:15.280 [info] ExtensionService#_doActivateExtension vscode.json-language-features, startup: false, activationEvent: 'onLanguage:jsonc'
2024-02-12 13:31:15.460 [info] ExtensionService#_doActivateExtension vscode.typescript-language-features, startup: false, activationEvent: 'onLanguage:jsonc'
2024-02-12 13:35:35.190 [warning] vscode.json-language-features - Code actions of kind 'quickfix 'requested but returned code action is of kind 'source.sort.json'. Code action will be dropped. Please check 'CodeActionContext.only' to only return requested code actions.
2024-02-12 13:49:21.080 [warning] vscode.json-language-features - Code actions of kind 'quickfix 'requested but returned code action is of kind 'source.sort.json'. Code action will be dropped. Please check 'CodeActionContext.only' to only return requested code actions.
2024-02-12 13:49:27.811 [warning] vscode.json-language-features - Code actions of kind 'quickfix 'requested but returned code action is of kind 'source.sort.json'. Code action will be dropped. Please check 'CodeActionContext.only' to only return requested code actions.
2024-02-12 13:49:30.295 [warning] vscode.json-language-features - Code actions of kind 'quickfix 'requested but returned code action is of kind 'source.sort.json'. Code action will be dropped. Please check 'CodeActionContext.only' to only return requested code actions.
2024-02-12 13:51:03.414 [warning] vscode.json-language-features - Code actions of kind 'quickfix 'requested but returned code action is of kind 'source.sort.json'. Code action will be dropped. Please check 'CodeActionContext.only' to only return requested code actions.
2024-02-12 13:51:07.146 [warning] vscode.json-language-features - Code actions of kind 'quickfix 'requested but returned code action is of kind 'source.sort.json'. Code action will be dropped. Please check 'CodeActionContext.only' to only return requested code actions.
2024-02-12 13:51:13.946 [warning] vscode.json-language-features - Code actions of kind 'quickfix 'requested but returned code action is of kind 'source.sort.json'. Code action will be dropped. Please check 'CodeActionContext.only' to only return requested code actions.
2024-02-12 13:51:16.664 [warning] vscode.json-language-features - Code actions of kind 'quickfix 'requested but returned code action is of kind 'source.sort.json'. Code action will be dropped. Please check 'CodeActionContext.only' to only return requested code actions.
2024-02-12 13:52:21.409 [info] ExtensionService#_doActivateExtension SeyyedKhandon.firacode, startup: false, activationEvent: 'onStartupFinished'
2024-02-12 13:52:21.499 [info] ExtensionService#_doActivateExtension zhuangtongfa.material-theme, startup: false, activationEvent: 'onStartupFinished'
2024-02-12 13:52:21.548 [info] ExtensionService#_doActivateExtension PKief.material-icon-theme, startup: false, activationEvent: 'onStartupFinished'
2024-02-12 13:52:21.568 [info] ExtensionService#_doActivateExtension SeyyedKhandon.tpack, startup: false, activationEvent: 'onStartupFinished'
2024-02-12 14:22:42.928 [info] ExtensionService#_doActivateExtension talhabalaj.actual-font-changer, startup: false, activationEvent: 'onCommand:font-changer.selectFont'
2024-02-12 15:02:06.020 [info] ExtensionService#_doActivateExtension vscode.npm, startup: false, activationEvent: 'onTerminalQuickFixRequest:ms-vscode.npm-command'
2024-02-12 15:03:30.834 [info] ExtensionService#_doActivateExtension vscode.html-language-features, startup: false, activationEvent: 'onLanguage:html'
2024-02-12 15:05:15.238 [error] [ecmel.vscode-html-css] provider FAILED
2024-02-12 15:05:15.238 [error] undefined
2024-02-12 15:05:23.174 [error] [ecmel.vscode-html-css] provider FAILED
2024-02-12 15:05:23.174 [error] undefined
2024-02-12 15:05:38.647 [info] ExtensionService#_doActivateExtension clinyong.vscode-css-modules, startup: false, activationEvent: 'onLanguage:javascript'
2024-02-12 15:05:39.402 [info] ExtensionService#_doActivateExtension mgmcdermott.vscode-language-babel, startup: false, activationEvent: 'onLanguage:javascript'
2024-02-12 15:05:45.788 [info] ExtensionService#_doActivateExtension vscode.extension-editing, startup: false, activationEvent: 'onLanguage:markdown'
2024-02-12 15:05:46.041 [info] ExtensionService#_doActivateExtension vscode.markdown-language-features, startup: false, activationEvent: 'onLanguage:markdown'
2024-02-12 15:05:47.702 [info] ExtensionService#_doActivateExtension vscode.markdown-math, startup: false, activationEvent: 'api', root cause: vscode.markdown-language-features
2024-02-12 15:05:56.727 [error] [ecmel.vscode-html-css] provider FAILED
2024-02-12 15:05:56.789 [error] undefined
2024-02-12 15:06:04.754 [error] [ecmel.vscode-html-css] provider FAILED
2024-02-12 15:06:04.755 [error] undefined
2024-02-12 15:24:32.926 [info] ExtensionService#_doActivateExtension ms-vscode.live-server, startup: false, activationEvent: 'onCommand:livePreview.start.preview.atFile'
2024-02-12 15:28:28.273 [info] ExtensionService#_doActivateExtension vscode-icons-team.vscode-icons, startup: false, activationEvent: 'onStartupFinished'
2024-02-12 15:29:57.608 [error] [ecmel.vscode-html-css] provider FAILED
2024-02-12 15:29:57.608 [error] undefined
2024-02-12 15:30:28.156 [error] [ecmel.vscode-html-css] provider FAILED
2024-02-12 15:30:28.156 [error] undefined
2024-02-12 15:30:32.294 [error] [ecmel.vscode-html-css] provider FAILED
2024-02-12 15:30:32.294 [error] undefined
2024-02-12 15:30:35.939 [error] [ecmel.vscode-html-css] provider FAILED
2024-02-12 15:30:35.939 [error] undefined
2024-02-12 15:30:36.623 [error] [ecmel.vscode-html-css] provider FAILED
2024-02-12 15:30:36.623 [error] undefined
2024-02-12 15:30:42.032 [error] [ecmel.vscode-html-css] provider FAILED
2024-02-12 15:30:42.033 [error] undefined
2024-02-12 15:30:51.536 [error] [ecmel.vscode-html-css] provider FAILED
2024-02-12 15:30:51.536 [error] undefined
2024-02-12 15:30:53.081 [error] [ecmel.vscode-html-css] provider FAILED
2024-02-12 15:30:53.081 [error] undefined
2024-02-12 15:31:06.030 [error] [ecmel.vscode-html-css] provider FAILED
2024-02-12 15:31:06.030 [error] undefined
2024-02-12 15:33:13.482 [error] [ecmel.vscode-html-css] provider FAILED
2024-02-12 15:33:13.483 [error] undefined
2024-02-12 15:33:20.657 [error] [ecmel.vscode-html-css] provider FAILED
2024-02-12 15:33:20.657 [error] undefined
2024-02-12 15:33:23.510 [error] [ecmel.vscode-html-css] provider FAILED
2024-02-12 15:33:23.510 [error] undefined
2024-02-12 15:33:25.331 [error] [ecmel.vscode-html-css] provider FAILED
2024-02-12 15:33:25.331 [error] undefined
2024-02-12 15:33:26.491 [error] [ecmel.vscode-html-css] provider FAILED
2024-02-12 15:33:26.491 [error] undefined
2024-02-12 15:33:27.763 [error] [ecmel.vscode-html-css] provider FAILED
2024-02-12 15:33:27.763 [error] undefined
2024-02-12 15:33:28.820 [error] [ecmel.vscode-html-css] provider FAILED
2024-02-12 15:33:28.820 [error] undefined
2024-02-12 15:33:34.121 [error] [ecmel.vscode-html-css] provider FAILED
2024-02-12 15:33:34.121 [error] undefined
2024-02-12 15:33:42.867 [error] [ecmel.vscode-html-css] provider FAILED
2024-02-12 15:33:42.867 [error] undefined
2024-02-12 15:33:49.997 [error] [ecmel.vscode-html-css] provider FAILED
2024-02-12 15:33:49.997 [error] undefined
2024-02-12 15:34:01.004 [error] [ecmel.vscode-html-css] provider FAILED
2024-02-12 15:34:01.004 [error] undefined
2024-02-12 15:34:03.225 [error] [ecmel.vscode-html-css] provider FAILED
2024-02-12 15:34:03.225 [error] undefined
2024-02-12 15:34:06.933 [error] [ecmel.vscode-html-css] provider FAILED
2024-02-12 15:34:06.933 [error] undefined
2024-02-12 15:34:26.321 [error] [ecmel.vscode-html-css] provider FAILED
2024-02-12 15:34:26.321 [error] undefined
2024-02-12 15:34:36.255 [error] [ecmel.vscode-html-css] provider FAILED
2024-02-12 15:34:36.255 [error] undefined
2024-02-12 15:34:36.309 [error] [ecmel.vscode-html-css] provider FAILED
2024-02-12 15:34:36.309 [error] undefined
2024-02-12 15:34:54.602 [error] [ecmel.vscode-html-css] provider FAILED
2024-02-12 15:34:54.602 [error] undefined
2024-02-12 15:34:55.554 [error] [ecmel.vscode-html-css] provider FAILED
2024-02-12 15:34:55.554 [error] undefined
2024-02-12 15:55:35.586 [error] Error: spawn git ENOENT
	at ChildProcess.<anonymous> (/opt/visual-studio-code/resources/app/extensions/git/dist/main.js:2:884359)
	at Object.onceWrapper (node:events:629:26)
	at ChildProcess.emit (node:events:514:28)
	at Process.onexit (node:internal/child_process:289:12)
	at onErrorNT (node:internal/child_process:476:16)
	at process.processTicksAndRejections (node:internal/process/task_queues:82:21)
2024-02-12 16:12:54.338 [info] Extension host terminating: renderer closed the MessagePort
2024-02-12 16:12:54.687 [error] An error occurred when deactivating the extension 'SeyyedKhandon.firacode':
2024-02-12 16:12:54.719 [error] TypeError: Cannot read properties of undefined (reading 'extension')
	at deactivateFiraCode (/home/m/.vscode/extensions/seyyedkhandon.firacode-2.2.1/out/util.js:53:27)
	at Object.deactivate (/home/m/.vscode/extensions/seyyedkhandon.firacode-2.2.1/out/extension.js:26:35)
	at g.cb (/opt/visual-studio-code/resources/app/out/vs/workbench/api/node/extensionHostProcess.js:156:9679)
	at /opt/visual-studio-code/resources/app/out/vs/workbench/api/node/extensionHostProcess.js:156:7808
	at Array.map (<anonymous>)
	at g.Y (/opt/visual-studio-code/resources/app/out/vs/workbench/api/node/extensionHostProcess.js:156:7795)
	at g.terminate (/opt/visual-studio-code/resources/app/out/vs/workbench/api/node/extensionHostProcess.js:156:8068)
	at o.terminate (/opt/visual-studio-code/resources/app/out/vs/workbench/api/node/extensionHostProcess.js:160:1513)
	at t (/opt/visual-studio-code/resources/app/out/vs/workbench/api/node/extensionHostProcess.js:173:9950)
	at MessagePortMain.<anonymous> (/opt/visual-studio-code/resources/app/out/vs/workbench/api/node/extensionHostProcess.js:173:6375)
	at MessagePortMain.emit (node:events:514:28)
	at Object.emit (node:electron/js2c/utility_init:2:2285)
2024-02-12 16:12:54.720 [error] An error occurred when deactivating the extension 'SeyyedKhandon.tpack':
2024-02-12 16:12:54.720 [error] TypeError: Cannot read properties of undefined (reading 'extension')
	at Object.extensionDeactivation (/home/m/.vscode/extensions/seyyedkhandon.tpack-2.0.4/out/util.js:37:27)
	at Object.deactivate (/home/m/.vscode/extensions/seyyedkhandon.tpack-2.0.4/out/extension.js:33:12)
	at g.cb (/opt/visual-studio-code/resources/app/out/vs/workbench/api/node/extensionHostProcess.js:156:9679)
	at /opt/visual-studio-code/resources/app/out/vs/workbench/api/node/extensionHostProcess.js:156:7808
	at Array.map (<anonymous>)
	at g.Y (/opt/visual-studio-code/resources/app/out/vs/workbench/api/node/extensionHostProcess.js:156:7795)
	at g.terminate (/opt/visual-studio-code/resources/app/out/vs/workbench/api/node/extensionHostProcess.js:156:8068)
	at o.terminate (/opt/visual-studio-code/resources/app/out/vs/workbench/api/node/extensionHostProcess.js:160:1513)
	at t (/opt/visual-studio-code/resources/app/out/vs/workbench/api/node/extensionHostProcess.js:173:9950)
	at MessagePortMain.<anonymous> (/opt/visual-studio-code/resources/app/out/vs/workbench/api/node/extensionHostProcess.js:173:6375)
	at MessagePortMain.emit (node:events:514:28)
	at Object.emit (node:electron/js2c/utility_init:2:2285)
2024-02-12 16:12:54.745 [error] Canceled: Canceled
	at new f (/opt/visual-studio-code/resources/app/out/vs/workbench/api/node/extensionHostProcess.js:140:45069)
	at d.U (/opt/visual-studio-code/resources/app/out/vs/workbench/api/node/extensionHostProcess.js:147:5557)
	at T.<computed>.O.charCodeAt.T.<computed> (/opt/visual-studio-code/resources/app/out/vs/workbench/api/node/extensionHostProcess.js:147:3008)
	at s.g (/opt/visual-studio-code/resources/app/out/vs/workbench/api/node/extensionHostProcess.js:150:174704)
	at s.executeCommand (/opt/visual-studio-code/resources/app/out/vs/workbench/api/node/extensionHostProcess.js:150:174142)
	at m.registerCommand.description (/opt/visual-studio-code/resources/app/out/vs/workbench/api/node/extensionHostProcess.js:150:173466)
	at s.h (/opt/visual-studio-code/resources/app/out/vs/workbench/api/node/extensionHostProcess.js:150:175243)
	at s.g (/opt/visual-studio-code/resources/app/out/vs/workbench/api/node/extensionHostProcess.js:150:174235)
	at s.executeCommand (/opt/visual-studio-code/resources/app/out/vs/workbench/api/node/extensionHostProcess.js:150:174142)
	at Object.executeCommand (/opt/visual-studio-code/resources/app/out/vs/workbench/api/node/extensionHostProcess.js:160:21634)
	at g.value (/home/m/.vscode/extensions/ms-vscode.live-server-0.4.13/out/extension.js:1:76882)
	at r.y (/opt/visual-studio-code/resources/app/out/vs/workbench/api/node/extensionHostProcess.js:80:1902)
	at r.fire (/opt/visual-studio-code/resources/app/out/vs/workbench/api/node/extensionHostProcess.js:80:2119)
	at f.closeServer (/home/m/.vscode/extensions/ms-vscode.live-server-0.4.13/out/extension.js:1:86770)
	at f.dispose (/home/m/.vscode/extensions/ms-vscode.live-server-0.4.13/out/extension.js:1:89060)
	at /home/m/.vscode/extensions/ms-vscode.live-server-0.4.13/out/extension.js:1:71779
	at Map.forEach (<anonymous>)
	at b.closeAllServers (/home/m/.vscode/extensions/ms-vscode.live-server-0.4.13/out/extension.js:1:71764)
	at b.dispose (/home/m/.vscode/extensions/ms-vscode.live-server-0.4.13/out/extension.js:1:71807)
	at t.deactivate (/home/m/.vscode/extensions/ms-vscode.live-server-0.4.13/out/extension.js:1:64779)
	at g.cb (/opt/visual-studio-code/resources/app/out/vs/workbench/api/node/extensionHostProcess.js:156:9679)
	at /opt/visual-studio-code/resources/app/out/vs/workbench/api/node/extensionHostProcess.js:156:7808
	at Array.map (<anonymous>)
	at g.Y (/opt/visual-studio-code/resources/app/out/vs/workbench/api/node/extensionHostProcess.js:156:7795)
	at g.terminate (/opt/visual-studio-code/resources/app/out/vs/workbench/api/node/extensionHostProcess.js:156:8068)
	at o.terminate (/opt/visual-studio-code/resources/app/out/vs/workbench/api/node/extensionHostProcess.js:160:1513)
	at t (/opt/visual-studio-code/resources/app/out/vs/workbench/api/node/extensionHostProcess.js:173:9950)
	at MessagePortMain.<anonymous> (/opt/visual-studio-code/resources/app/out/vs/workbench/api/node/extensionHostProcess.js:173:6375)
	at MessagePortMain.emit (node:events:514:28)
	at Object.emit (node:electron/js2c/utility_init:2:2285) setContext undefined
2024-02-12 16:12:54.928 [info] Extension host with pid 9684 exiting with code 0
2024-02-12 21:43:04.686 [info] Extension host with pid 25783 started
2024-02-12 21:43:04.687 [info] Skipping acquiring lock for /home/m/.config/Code/User/workspaceStorage/88e58358ff052256991d3ab99f475011.
2024-02-12 21:43:04.700 [info] ExtensionService#_doActivateExtension vscode.emmet, startup: false, activationEvent: 'onLanguage'
2024-02-12 21:43:04.756 [info] ExtensionService#_doActivateExtension vscode.css-language-features, startup: false, activationEvent: 'onLanguage:css'
2024-02-12 21:43:04.841 [info] ExtensionService#_doActivateExtension vscode.github-authentication, startup: false, activationEvent: 'onAuthenticationRequest:github'
2024-02-12 21:43:04.912 [info] ExtensionService#_doActivateExtension vscode.git-base, startup: false, activationEvent: 'onFileSystem:git', root cause: vscode.git
2024-02-12 21:43:04.992 [info] ExtensionService#_doActivateExtension ecmel.vscode-html-css, startup: false, activationEvent: 'onCommand:vscode-html-css.validate'
2024-02-12 21:43:05.177 [info] ExtensionService#_doActivateExtension vscode.json-language-features, startup: false, activationEvent: 'onLanguage:jsonc'
2024-02-12 21:43:05.255 [info] ExtensionService#_doActivateExtension vscode.typescript-language-features, startup: false, activationEvent: 'onLanguage:jsonc'
2024-02-12 21:43:05.443 [info] ExtensionService#_doActivateExtension talhabalaj.actual-font-changer, startup: false, activationEvent: 'onCommand:font-changer.selectFont'
2024-02-12 21:43:05.654 [info] ExtensionService#_doActivateExtension vscode.npm, startup: false, activationEvent: 'onTerminalQuickFixRequest:ms-vscode.npm-command'
2024-02-12 21:43:05.760 [info] ExtensionService#_doActivateExtension vscode.html-language-features, startup: false, activationEvent: 'onLanguage:html'
2024-02-12 21:43:05.867 [info] ExtensionService#_doActivateExtension clinyong.vscode-css-modules, startup: false, activationEvent: 'onLanguage:javascript'
2024-02-12 21:43:06.142 [info] ExtensionService#_doActivateExtension mgmcdermott.vscode-language-babel, startup: false, activationEvent: 'onLanguage:javascript'
2024-02-12 21:43:06.164 [info] ExtensionService#_doActivateExtension vscode.extension-editing, startup: false, activationEvent: 'onLanguage:markdown'
2024-02-12 21:43:06.261 [info] ExtensionService#_doActivateExtension vscode.markdown-language-features, startup: false, activationEvent: 'onLanguage:markdown'
2024-02-12 21:43:06.369 [info] ExtensionService#_doActivateExtension ms-vscode.live-server, startup: false, activationEvent: 'onCommand:livePreview.start.preview.atFile'
2024-02-12 21:43:06.768 [info] ExtensionService#_doActivateExtension vscode.git, startup: false, activationEvent: 'onFileSystem:git'
2024-02-12 21:43:06.894 [info] ExtensionService#_doActivateExtension vscode.github, startup: false, activationEvent: '*'
2024-02-12 21:43:07.625 [info] Eager extensions activated
2024-02-12 21:43:07.680 [info] ExtensionService#_doActivateExtension vscode.debug-auto-launch, startup: false, activationEvent: 'onStartupFinished'
2024-02-12 21:43:07.730 [info] ExtensionService#_doActivateExtension vscode.merge-conflict, startup: false, activationEvent: 'onStartupFinished'
2024-02-12 21:43:07.806 [info] ExtensionService#_doActivateExtension PKief.material-icon-theme, startup: false, activationEvent: 'onStartupFinished'
2024-02-12 21:43:07.884 [info] ExtensionService#_doActivateExtension SeyyedKhandon.firacode, startup: false, activationEvent: 'onStartupFinished'
2024-02-12 21:43:08.175 [info] ExtensionService#_doActivateExtension SeyyedKhandon.tpack, startup: false, activationEvent: 'onStartupFinished'
2024-02-12 21:43:08.188 [info] ExtensionService#_doActivateExtension vscode-icons-team.vscode-icons, startup: false, activationEvent: 'onStartupFinished'
2024-02-12 21:43:08.325 [info] ExtensionService#_doActivateExtension zhuangtongfa.material-theme, startup: false, activationEvent: 'onStartupFinished'
2024-02-12 21:43:55.166 [info] Extension host terminating: renderer closed the MessagePort
2024-02-12 21:43:55.247 [error] An error occurred when deactivating the extension 'SeyyedKhandon.firacode':
2024-02-12 21:43:55.248 [error] TypeError: Cannot read properties of undefined (reading 'extension')
	at deactivateFiraCode (/home/m/.vscode/extensions/seyyedkhandon.firacode-2.2.1/out/util.js:53:27)
	at Object.deactivate (/home/m/.vscode/extensions/seyyedkhandon.firacode-2.2.1/out/extension.js:26:35)
	at g.cb (/opt/visual-studio-code/resources/app/out/vs/workbench/api/node/extensionHostProcess.js:156:9679)
	at /opt/visual-studio-code/resources/app/out/vs/workbench/api/node/extensionHostProcess.js:156:7808
	at Array.map (<anonymous>)
	at g.Y (/opt/visual-studio-code/resources/app/out/vs/workbench/api/node/extensionHostProcess.js:156:7795)
	at g.terminate (/opt/visual-studio-code/resources/app/out/vs/workbench/api/node/extensionHostProcess.js:156:8068)
	at o.terminate (/opt/visual-studio-code/resources/app/out/vs/workbench/api/node/extensionHostProcess.js:160:1513)
	at t (/opt/visual-studio-code/resources/app/out/vs/workbench/api/node/extensionHostProcess.js:173:9950)
	at MessagePortMain.<anonymous> (/opt/visual-studio-code/resources/app/out/vs/workbench/api/node/extensionHostProcess.js:173:6375)
	at MessagePortMain.emit (node:events:514:28)
	at Object.emit (node:electron/js2c/utility_init:2:2285)
2024-02-12 21:43:55.252 [error] An error occurred when deactivating the extension 'SeyyedKhandon.tpack':
2024-02-12 21:43:55.252 [error] TypeError: Cannot read properties of undefined (reading 'extension')
	at Object.extensionDeactivation (/home/m/.vscode/extensions/seyyedkhandon.tpack-2.0.4/out/util.js:37:27)
	at Object.deactivate (/home/m/.vscode/extensions/seyyedkhandon.tpack-2.0.4/out/extension.js:33:12)
	at g.cb (/opt/visual-studio-code/resources/app/out/vs/workbench/api/node/extensionHostProcess.js:156:9679)
	at /opt/visual-studio-code/resources/app/out/vs/workbench/api/node/extensionHostProcess.js:156:7808
	at Array.map (<anonymous>)
	at g.Y (/opt/visual-studio-code/resources/app/out/vs/workbench/api/node/extensionHostProcess.js:156:7795)
	at g.terminate (/opt/visual-studio-code/resources/app/out/vs/workbench/api/node/extensionHostProcess.js:156:8068)
	at o.terminate (/opt/visual-studio-code/resources/app/out/vs/workbench/api/node/extensionHostProcess.js:160:1513)
	at t (/opt/visual-studio-code/resources/app/out/vs/workbench/api/node/extensionHostProcess.js:173:9950)
	at MessagePortMain.<anonymous> (/opt/visual-studio-code/resources/app/out/vs/workbench/api/node/extensionHostProcess.js:173:6375)
	at MessagePortMain.emit (node:events:514:28)
	at Object.emit (node:electron/js2c/utility_init:2:2285)
2024-02-12 21:43:55.275 [info] Extension host with pid 25783 exiting with code 0
2024-02-12 21:43:57.287 [info] Extension host with pid 26487 started
2024-02-12 21:43:57.287 [info] Skipping acquiring lock for /home/m/.config/Code/User/workspaceStorage/88e58358ff052256991d3ab99f475011.
2024-02-12 21:43:57.339 [info] ExtensionService#_doActivateExtension vscode.emmet, startup: false, activationEvent: 'onLanguage'
2024-02-12 21:43:57.432 [info] ExtensionService#_doActivateExtension vscode.css-language-features, startup: false, activationEvent: 'onLanguage:css'
2024-02-12 21:43:57.566 [info] ExtensionService#_doActivateExtension vscode.github-authentication, startup: false, activationEvent: 'onAuthenticationRequest:github'
2024-02-12 21:43:57.795 [info] ExtensionService#_doActivateExtension vscode.git-base, startup: false, activationEvent: 'onFileSystem:git', root cause: vscode.git
2024-02-12 21:43:57.799 [info] ExtensionService#_doActivateExtension ecmel.vscode-html-css, startup: false, activationEvent: 'onCommand:vscode-html-css.validate'
2024-02-12 21:43:57.901 [info] ExtensionService#_doActivateExtension vscode.json-language-features, startup: false, activationEvent: 'onLanguage:jsonc'
2024-02-12 21:43:58.013 [info] ExtensionService#_doActivateExtension vscode.typescript-language-features, startup: false, activationEvent: 'onLanguage:jsonc'
2024-02-12 21:43:58.165 [info] ExtensionService#_doActivateExtension talhabalaj.actual-font-changer, startup: false, activationEvent: 'onCommand:font-changer.selectFont'
2024-02-12 21:43:58.343 [info] ExtensionService#_doActivateExtension vscode.npm, startup: false, activationEvent: 'onTerminalQuickFixRequest:ms-vscode.npm-command'
2024-02-12 21:43:58.420 [info] ExtensionService#_doActivateExtension vscode.html-language-features, startup: false, activationEvent: 'onLanguage:html'
2024-02-12 21:43:58.530 [info] ExtensionService#_doActivateExtension clinyong.vscode-css-modules, startup: false, activationEvent: 'onLanguage:javascript'
2024-02-12 21:43:58.912 [info] ExtensionService#_doActivateExtension mgmcdermott.vscode-language-babel, startup: false, activationEvent: 'onLanguage:javascript'
2024-02-12 21:43:58.946 [info] ExtensionService#_doActivateExtension vscode.extension-editing, startup: false, activationEvent: 'onLanguage:markdown'
2024-02-12 21:43:59.013 [info] ExtensionService#_doActivateExtension vscode.markdown-language-features, startup: false, activationEvent: 'onLanguage:markdown'
2024-02-12 21:43:59.149 [info] ExtensionService#_doActivateExtension ms-vscode.live-server, startup: false, activationEvent: 'onCommand:livePreview.start.preview.atFile'
2024-02-12 21:43:59.609 [info] ExtensionService#_doActivateExtension vscode.git, startup: false, activationEvent: 'onFileSystem:git'
2024-02-12 21:43:59.874 [info] ExtensionService#_doActivateExtension vscode.github, startup: false, activationEvent: '*'
2024-02-12 21:44:00.248 [info] ExtensionService#_doActivateExtension pranaygp.vscode-css-peek, startup: true, activationEvent: 'workspaceContains:**/*.css,**/*.scss,**/*.sass,**/*.less'
2024-02-12 21:44:01.679 [info] Eager extensions activated
2024-02-12 21:44:01.747 [info] ExtensionService#_doActivateExtension vscode.debug-auto-launch, startup: false, activationEvent: 'onStartupFinished'
2024-02-12 21:44:01.801 [info] ExtensionService#_doActivateExtension vscode.merge-conflict, startup: false, activationEvent: 'onStartupFinished'
2024-02-12 21:44:01.868 [info] ExtensionService#_doActivateExtension PKief.material-icon-theme, startup: false, activationEvent: 'onStartupFinished'
2024-02-12 21:44:01.917 [info] ExtensionService#_doActivateExtension SeyyedKhandon.firacode, startup: false, activationEvent: 'onStartupFinished'
2024-02-12 21:44:01.985 [info] ExtensionService#_doActivateExtension SeyyedKhandon.tpack, startup: false, activationEvent: 'onStartupFinished'
2024-02-12 21:44:01.993 [info] ExtensionService#_doActivateExtension vscode-icons-team.vscode-icons, startup: false, activationEvent: 'onStartupFinished'
2024-02-12 21:44:02.116 [info] ExtensionService#_doActivateExtension zhuangtongfa.material-theme, startup: false, activationEvent: 'onStartupFinished'
2024-02-12 21:46:19.079 [info] Extension host terminating: renderer closed the MessagePort
2024-02-12 21:46:19.181 [error] An error occurred when deactivating the extension 'SeyyedKhandon.firacode':
2024-02-12 21:46:19.182 [error] TypeError: Cannot read properties of undefined (reading 'extension')
	at deactivateFiraCode (/home/m/.vscode/extensions/seyyedkhandon.firacode-2.2.1/out/util.js:53:27)
	at Object.deactivate (/home/m/.vscode/extensions/seyyedkhandon.firacode-2.2.1/out/extension.js:26:35)
	at g.cb (/opt/visual-studio-code/resources/app/out/vs/workbench/api/node/extensionHostProcess.js:156:9679)
	at /opt/visual-studio-code/resources/app/out/vs/workbench/api/node/extensionHostProcess.js:156:7808
	at Array.map (<anonymous>)
	at g.Y (/opt/visual-studio-code/resources/app/out/vs/workbench/api/node/extensionHostProcess.js:156:7795)
	at g.terminate (/opt/visual-studio-code/resources/app/out/vs/workbench/api/node/extensionHostProcess.js:156:8068)
	at o.terminate (/opt/visual-studio-code/resources/app/out/vs/workbench/api/node/extensionHostProcess.js:160:1513)
	at t (/opt/visual-studio-code/resources/app/out/vs/workbench/api/node/extensionHostProcess.js:173:9950)
	at MessagePortMain.<anonymous> (/opt/visual-studio-code/resources/app/out/vs/workbench/api/node/extensionHostProcess.js:173:6375)
	at MessagePortMain.emit (node:events:514:28)
	at Object.emit (node:electron/js2c/utility_init:2:2285)
2024-02-12 21:46:19.183 [error] An error occurred when deactivating the extension 'SeyyedKhandon.tpack':
2024-02-12 21:46:19.183 [error] TypeError: Cannot read properties of undefined (reading 'extension')
	at Object.extensionDeactivation (/home/m/.vscode/extensions/seyyedkhandon.tpack-2.0.4/out/util.js:37:27)
	at Object.deactivate (/home/m/.vscode/extensions/seyyedkhandon.tpack-2.0.4/out/extension.js:33:12)
	at g.cb (/opt/visual-studio-code/resources/app/out/vs/workbench/api/node/extensionHostProcess.js:156:9679)
	at /opt/visual-studio-code/resources/app/out/vs/workbench/api/node/extensionHostProcess.js:156:7808
	at Array.map (<anonymous>)
	at g.Y (/opt/visual-studio-code/resources/app/out/vs/workbench/api/node/extensionHostProcess.js:156:7795)
	at g.terminate (/opt/visual-studio-code/resources/app/out/vs/workbench/api/node/extensionHostProcess.js:156:8068)
	at o.terminate (/opt/visual-studio-code/resources/app/out/vs/workbench/api/node/extensionHostProcess.js:160:1513)
	at t (/opt/visual-studio-code/resources/app/out/vs/workbench/api/node/extensionHostProcess.js:173:9950)
	at MessagePortMain.<anonymous> (/opt/visual-studio-code/resources/app/out/vs/workbench/api/node/extensionHostProcess.js:173:6375)
	at MessagePortMain.emit (node:events:514:28)
	at Object.emit (node:electron/js2c/utility_init:2:2285)
2024-02-12 21:46:19.200 [info] Extension host with pid 26487 exiting with code 0
2024-02-12 21:46:22.130 [info] Extension host with pid 27073 started
2024-02-12 21:46:22.130 [info] Skipping acquiring lock for /home/m/.config/Code/User/workspaceStorage/88e58358ff052256991d3ab99f475011.
2024-02-12 21:46:22.149 [info] ExtensionService#_doActivateExtension vscode.emmet, startup: false, activationEvent: 'onLanguage'
2024-02-12 21:46:22.213 [info] ExtensionService#_doActivateExtension vscode.css-language-features, startup: false, activationEvent: 'onLanguage:css'
2024-02-12 21:46:22.342 [info] ExtensionService#_doActivateExtension vscode.github-authentication, startup: false, activationEvent: 'onAuthenticationRequest:github'
2024-02-12 21:46:22.628 [info] ExtensionService#_doActivateExtension vscode.git-base, startup: false, activationEvent: 'onFileSystem:git', root cause: vscode.git
2024-02-12 21:46:22.764 [info] ExtensionService#_doActivateExtension ecmel.vscode-html-css, startup: false, activationEvent: 'onCommand:vscode-html-css.validate'
2024-02-12 21:46:22.884 [info] ExtensionService#_doActivateExtension vscode.json-language-features, startup: false, activationEvent: 'onLanguage:jsonc'
2024-02-12 21:46:23.164 [info] ExtensionService#_doActivateExtension vscode.typescript-language-features, startup: false, activationEvent: 'onLanguage:jsonc'
2024-02-12 21:46:23.475 [info] ExtensionService#_doActivateExtension talhabalaj.actual-font-changer, startup: false, activationEvent: 'onCommand:font-changer.selectFont'
2024-02-12 21:46:23.899 [info] ExtensionService#_doActivateExtension vscode.npm, startup: false, activationEvent: 'onTerminalQuickFixRequest:ms-vscode.npm-command'
2024-02-12 21:46:24.743 [info] ExtensionService#_doActivateExtension vscode.html-language-features, startup: false, activationEvent: 'onLanguage:html'
2024-02-12 21:46:25.565 [info] ExtensionService#_doActivateExtension clinyong.vscode-css-modules, startup: false, activationEvent: 'onLanguage:javascript'
2024-02-12 21:46:26.006 [info] ExtensionService#_doActivateExtension mgmcdermott.vscode-language-babel, startup: false, activationEvent: 'onLanguage:javascript'
2024-02-12 21:46:26.067 [info] ExtensionService#_doActivateExtension vscode.extension-editing, startup: false, activationEvent: 'onLanguage:markdown'
2024-02-12 21:46:26.421 [info] ExtensionService#_doActivateExtension vscode.markdown-language-features, startup: false, activationEvent: 'onLanguage:markdown'
2024-02-12 21:46:26.557 [info] ExtensionService#_doActivateExtension ms-vscode.live-server, startup: false, activationEvent: 'onCommand:livePreview.start.preview.atFile'
2024-02-12 21:46:27.007 [info] Extension host terminating: renderer closed the MessagePort
2024-02-12 21:46:27.032 [error] Canceled: Canceled
	at Object.D [as $6] (/opt/visual-studio-code/resources/app/out/vs/workbench/api/node/extensionHostProcess.js:10:1032)
	at /opt/visual-studio-code/resources/app/out/vs/workbench/api/node/extensionHostProcess.js:147:2350
	at Array.forEach (<anonymous>)
	at d.dispose (/opt/visual-studio-code/resources/app/out/vs/workbench/api/node/extensionHostProcess.js:147:2288)
	at g.terminate (/opt/visual-studio-code/resources/app/out/vs/workbench/api/node/extensionHostProcess.js:156:8044)
	at o.terminate (/opt/visual-studio-code/resources/app/out/vs/workbench/api/node/extensionHostProcess.js:160:1513)
	at t (/opt/visual-studio-code/resources/app/out/vs/workbench/api/node/extensionHostProcess.js:173:9950)
	at MessagePortMain.<anonymous> (/opt/visual-studio-code/resources/app/out/vs/workbench/api/node/extensionHostProcess.js:173:6375)
	at MessagePortMain.emit (node:events:514:28)
	at Object.emit (node:electron/js2c/utility_init:2:2285) setContext undefined
2024-02-12 21:46:27.032 [error] Canceled: Canceled
	at Object.D [as $6] (/opt/visual-studio-code/resources/app/out/vs/workbench/api/node/extensionHostProcess.js:10:1032)
	at /opt/visual-studio-code/resources/app/out/vs/workbench/api/node/extensionHostProcess.js:147:2350
	at Array.forEach (<anonymous>)
	at d.dispose (/opt/visual-studio-code/resources/app/out/vs/workbench/api/node/extensionHostProcess.js:147:2288)
	at g.terminate (/opt/visual-studio-code/resources/app/out/vs/workbench/api/node/extensionHostProcess.js:156:8044)
	at o.terminate (/opt/visual-studio-code/resources/app/out/vs/workbench/api/node/extensionHostProcess.js:160:1513)
	at t (/opt/visual-studio-code/resources/app/out/vs/workbench/api/node/extensionHostProcess.js:173:9950)
	at MessagePortMain.<anonymous> (/opt/visual-studio-code/resources/app/out/vs/workbench/api/node/extensionHostProcess.js:173:6375)
	at MessagePortMain.emit (node:events:514:28)
	at Object.emit (node:electron/js2c/utility_init:2:2285) setContext undefined
2024-02-12 21:46:27.032 [error] Canceled: Canceled
	at Object.D [as $6] (/opt/visual-studio-code/resources/app/out/vs/workbench/api/node/extensionHostProcess.js:10:1032)
	at /opt/visual-studio-code/resources/app/out/vs/workbench/api/node/extensionHostProcess.js:147:2350
	at Array.forEach (<anonymous>)
	at d.dispose (/opt/visual-studio-code/resources/app/out/vs/workbench/api/node/extensionHostProcess.js:147:2288)
	at g.terminate (/opt/visual-studio-code/resources/app/out/vs/workbench/api/node/extensionHostProcess.js:156:8044)
	at o.terminate (/opt/visual-studio-code/resources/app/out/vs/workbench/api/node/extensionHostProcess.js:160:1513)
	at t (/opt/visual-studio-code/resources/app/out/vs/workbench/api/node/extensionHostProcess.js:173:9950)
	at MessagePortMain.<anonymous> (/opt/visual-studio-code/resources/app/out/vs/workbench/api/node/extensionHostProcess.js:173:6375)
	at MessagePortMain.emit (node:events:514:28)
	at Object.emit (node:electron/js2c/utility_init:2:2285) setContext undefined
2024-02-12 21:46:27.033 [error] Canceled: Canceled
	at Object.D [as $6] (/opt/visual-studio-code/resources/app/out/vs/workbench/api/node/extensionHostProcess.js:10:1032)
	at /opt/visual-studio-code/resources/app/out/vs/workbench/api/node/extensionHostProcess.js:147:2350
	at Array.forEach (<anonymous>)
	at d.dispose (/opt/visual-studio-code/resources/app/out/vs/workbench/api/node/extensionHostProcess.js:147:2288)
	at g.terminate (/opt/visual-studio-code/resources/app/out/vs/workbench/api/node/extensionHostProcess.js:156:8044)
	at o.terminate (/opt/visual-studio-code/resources/app/out/vs/workbench/api/node/extensionHostProcess.js:160:1513)
	at t (/opt/visual-studio-code/resources/app/out/vs/workbench/api/node/extensionHostProcess.js:173:9950)
	at MessagePortMain.<anonymous> (/opt/visual-studio-code/resources/app/out/vs/workbench/api/node/extensionHostProcess.js:173:6375)
	at MessagePortMain.emit (node:events:514:28)
	at Object.emit (node:electron/js2c/utility_init:2:2285) setContext undefined
2024-02-12 21:46:27.033 [info] Extension host with pid 27073 exiting with code 0
2024-02-12 21:46:27.034 [error] ProxyResolver#addCertificatesV1 Canceled: Canceled
	at Object.D [as $6] (/opt/visual-studio-code/resources/app/out/vs/workbench/api/node/extensionHostProcess.js:10:1032)
	at /opt/visual-studio-code/resources/app/out/vs/workbench/api/node/extensionHostProcess.js:147:2350
	at Array.forEach (<anonymous>)
	at d.dispose (/opt/visual-studio-code/resources/app/out/vs/workbench/api/node/extensionHostProcess.js:147:2288)
	at g.terminate (/opt/visual-studio-code/resources/app/out/vs/workbench/api/node/extensionHostProcess.js:156:8044)
	at o.terminate (/opt/visual-studio-code/resources/app/out/vs/workbench/api/node/extensionHostProcess.js:160:1513)
	at t (/opt/visual-studio-code/resources/app/out/vs/workbench/api/node/extensionHostProcess.js:173:9950)
	at MessagePortMain.<anonymous> (/opt/visual-studio-code/resources/app/out/vs/workbench/api/node/extensionHostProcess.js:173:6375)
	at MessagePortMain.emit (node:events:514:28)
	at Object.emit (node:electron/js2c/utility_init:2:2285)
2024-02-12 21:46:27.034 [error] ProxyResolver#addCertificatesV1 Canceled: Canceled
	at Object.D [as $6] (/opt/visual-studio-code/resources/app/out/vs/workbench/api/node/extensionHostProcess.js:10:1032)
	at /opt/visual-studio-code/resources/app/out/vs/workbench/api/node/extensionHostProcess.js:147:2350
	at Array.forEach (<anonymous>)
	at d.dispose (/opt/visual-studio-code/resources/app/out/vs/workbench/api/node/extensionHostProcess.js:147:2288)
	at g.terminate (/opt/visual-studio-code/resources/app/out/vs/workbench/api/node/extensionHostProcess.js:156:8044)
	at o.terminate (/opt/visual-studio-code/resources/app/out/vs/workbench/api/node/extensionHostProcess.js:160:1513)
	at t (/opt/visual-studio-code/resources/app/out/vs/workbench/api/node/extensionHostProcess.js:173:9950)
	at MessagePortMain.<anonymous> (/opt/visual-studio-code/resources/app/out/vs/workbench/api/node/extensionHostProcess.js:173:6375)
	at MessagePortMain.emit (node:events:514:28)
	at Object.emit (node:electron/js2c/utility_init:2:2285)
