2024-02-12 21:46:42.798 [info] Extension host with pid 27281 started
2024-02-12 21:46:42.798 [info] Skipping acquiring lock for /home/m/.config/Code/User/workspaceStorage/88e58358ff052256991d3ab99f475011.
2024-02-12 21:46:44.311 [info] ExtensionService#_doActivateExtension vscode.emmet, startup: false, activationEvent: 'onLanguage'
2024-02-12 21:46:44.361 [info] ExtensionService#_doActivateExtension vscode.html-language-features, startup: false, activationEvent: 'onLanguage:html'
2024-02-12 21:46:45.017 [info] ExtensionService#_doActivateExtension vscode.git-base, startup: true, activationEvent: '*', root cause: vscode.git
2024-02-12 21:46:45.042 [info] ExtensionService#_doActivateExtension vscode.git, startup: true, activationEvent: '*'
2024-02-12 21:46:45.347 [info] ExtensionService#_doActivateExtension vscode.github, startup: true, activationEvent: '*'
2024-02-12 21:46:45.757 [info] Eager extensions activated
2024-02-12 21:46:46.866 [info] ExtensionService#_doActivateExtension vscode.debug-auto-launch, startup: false, activationEvent: 'onStartupFinished'
2024-02-12 21:46:46.925 [info] ExtensionService#_doActivateExtension vscode.merge-conflict, startup: false, activationEvent: 'onStartupFinished'
2024-02-12 21:46:46.992 [info] ExtensionService#_doActivateExtension ecmel.vscode-html-css, startup: false, activationEvent: 'onStartupFinished'
2024-02-12 21:46:46.995 [info] ExtensionService#_doActivateExtension PKief.material-icon-theme, startup: false, activationEvent: 'onStartupFinished'
2024-02-12 21:46:47.120 [info] ExtensionService#_doActivateExtension SeyyedKhandon.firacode, startup: false, activationEvent: 'onStartupFinished'
2024-02-12 21:46:47.240 [info] ExtensionService#_doActivateExtension SeyyedKhandon.tpack, startup: false, activationEvent: 'onStartupFinished'
2024-02-12 21:46:47.245 [info] ExtensionService#_doActivateExtension vscode-icons-team.vscode-icons, startup: false, activationEvent: 'onStartupFinished'
2024-02-12 21:46:47.546 [info] ExtensionService#_doActivateExtension zhuangtongfa.material-theme, startup: false, activationEvent: 'onStartupFinished'
2024-02-12 21:46:48.369 [info] ExtensionService#_doActivateExtension vscode.typescript-language-features, startup: false, activationEvent: 'onLanguage:javascript'
2024-02-12 21:46:48.422 [info] ExtensionService#_doActivateExtension clinyong.vscode-css-modules, startup: false, activationEvent: 'onLanguage:javascript'
2024-02-12 21:46:48.486 [info] ExtensionService#_doActivateExtension mgmcdermott.vscode-language-babel, startup: false, activationEvent: 'onLanguage:javascript'
2024-02-12 21:46:48.490 [info] ExtensionService#_doActivateExtension vscode.css-language-features, startup: false, activationEvent: 'onLanguage:css'
2024-02-12 21:46:49.124 [info] ExtensionService#_doActivateExtension vscode.github-authentication, startup: false, activationEvent: 'onAuthenticationRequest:github'
2024-02-12 21:46:50.761 [info] ExtensionService#_doActivateExtension vscode.json-language-features, startup: false, activationEvent: 'onLanguage:jsonc'
2024-02-12 21:46:51.450 [info] Extension host terminating: renderer closed the MessagePort
2024-02-12 21:46:51.514 [error] An error occurred when deactivating the extension 'SeyyedKhandon.firacode':
2024-02-12 21:46:51.514 [error] TypeError: Cannot read properties of undefined (reading 'extension')
	at deactivateFiraCode (/home/m/.vscode/extensions/seyyedkhandon.firacode-2.2.1/out/util.js:53:27)
	at Object.deactivate (/home/m/.vscode/extensions/seyyedkhandon.firacode-2.2.1/out/extension.js:26:35)
	at g.cb (/opt/visual-studio-code/resources/app/out/vs/workbench/api/node/extensionHostProcess.js:156:9679)
	at /opt/visual-studio-code/resources/app/out/vs/workbench/api/node/extensionHostProcess.js:156:7808
	at Array.map (<anonymous>)
	at g.Y (/opt/visual-studio-code/resources/app/out/vs/workbench/api/node/extensionHostProcess.js:156:7795)
	at g.terminate (/opt/visual-studio-code/resources/app/out/vs/workbench/api/node/extensionHostProcess.js:156:8068)
	at o.terminate (/opt/visual-studio-code/resources/app/out/vs/workbench/api/node/extensionHostProcess.js:160:1513)
	at t (/opt/visual-studio-code/resources/app/out/vs/workbench/api/node/extensionHostProcess.js:173:9950)
	at MessagePortMain.<anonymous> (/opt/visual-studio-code/resources/app/out/vs/workbench/api/node/extensionHostProcess.js:173:6375)
	at MessagePortMain.emit (node:events:514:28)
	at Object.emit (node:electron/js2c/utility_init:2:2285)
2024-02-12 21:46:51.516 [error] An error occurred when deactivating the extension 'SeyyedKhandon.tpack':
2024-02-12 21:46:51.516 [error] TypeError: Cannot read properties of undefined (reading 'extension')
	at Object.extensionDeactivation (/home/m/.vscode/extensions/seyyedkhandon.tpack-2.0.4/out/util.js:37:27)
	at Object.deactivate (/home/m/.vscode/extensions/seyyedkhandon.tpack-2.0.4/out/extension.js:33:12)
	at g.cb (/opt/visual-studio-code/resources/app/out/vs/workbench/api/node/extensionHostProcess.js:156:9679)
	at /opt/visual-studio-code/resources/app/out/vs/workbench/api/node/extensionHostProcess.js:156:7808
	at Array.map (<anonymous>)
	at g.Y (/opt/visual-studio-code/resources/app/out/vs/workbench/api/node/extensionHostProcess.js:156:7795)
	at g.terminate (/opt/visual-studio-code/resources/app/out/vs/workbench/api/node/extensionHostProcess.js:156:8068)
	at o.terminate (/opt/visual-studio-code/resources/app/out/vs/workbench/api/node/extensionHostProcess.js:160:1513)
	at t (/opt/visual-studio-code/resources/app/out/vs/workbench/api/node/extensionHostProcess.js:173:9950)
	at MessagePortMain.<anonymous> (/opt/visual-studio-code/resources/app/out/vs/workbench/api/node/extensionHostProcess.js:173:6375)
	at MessagePortMain.emit (node:events:514:28)
	at Object.emit (node:electron/js2c/utility_init:2:2285)
2024-02-12 21:46:51.542 [info] Extension host with pid 27281 exiting with code 0
