2024-02-12 21:47:39.199 [info] Reading sessions from keychain...
2024-02-12 21:47:39.199 [info] Getting sessions for all scopes...
2024-02-12 21:47:39.359 [info] Getting sessions for user:email...
2024-02-12 21:47:39.646 [info] Got stored sessions!
2024-02-12 21:47:39.647 [info] Got 2 verified sessions.
2024-02-12 21:47:39.649 [info] Got 2 sessions for ...
2024-02-12 21:47:39.649 [info] Got 1 sessions for user:email...
2024-02-12 21:47:39.656 [info] Getting sessions for all scopes...
2024-02-12 21:47:39.657 [info] Got 2 sessions for ...
2024-02-12 22:01:23.234 [info] Getting sessions for read:user,repo,user:email,workflow...
2024-02-12 22:01:23.250 [info] Got 1 sessions for read:user,repo,user:email,workflow...
2024-02-12 22:03:52.290 [info] Getting sessions for read:user,repo,user:email,workflow...
2024-02-12 22:03:52.304 [info] Got 1 sessions for read:user,repo,user:email,workflow...
2024-02-12 22:04:05.575 [info] Getting sessions for read:user,repo,user:email,workflow...
2024-02-12 22:04:05.575 [info] Got 1 sessions for read:user,repo,user:email,workflow...
2024-02-12 22:04:36.964 [info] Getting sessions for read:user,repo,user:email,workflow...
2024-02-12 22:04:36.964 [info] Got 1 sessions for read:user,repo,user:email,workflow...
2024-02-12 22:06:12.215 [info] Getting sessions for read:user,repo,user:email,workflow...
2024-02-12 22:06:12.215 [info] Got 1 sessions for read:user,repo,user:email,workflow...
2024-02-12 22:06:17.626 [info] Getting sessions for read:user,repo,user:email,workflow...
2024-02-12 22:06:17.626 [info] Got 1 sessions for read:user,repo,user:email,workflow...
2024-02-12 22:09:13.839 [info] Getting sessions for read:user,repo,user:email,workflow...
2024-02-12 22:09:13.840 [info] Got 1 sessions for read:user,repo,user:email,workflow...
2024-02-12 22:09:36.337 [info] Getting sessions for read:user,repo,user:email,workflow...
2024-02-12 22:09:36.338 [info] Got 1 sessions for read:user,repo,user:email,workflow...
