2024-02-12 21:47:34.237 [info] Using settings sync service https://vscode-sync.trafficmanager.net/
2024-02-12 21:47:34.237 [info] Auto Sync is enabled.
2024-02-12 21:47:34.237 [info] Auto Sync: Suspended until auth token is available.
2024-02-12 21:47:35.557 [info] Deleting non existing profile from backup /home/m/.config/Code/User/sync/snippets
2024-02-12 21:47:38.848 [info] Deleting non existing profile from backup /home/m/.config/Code/User/sync/tasks
2024-02-12 21:47:40.178 [info] Auto Sync: Triggered by Interval
2024-02-12 21:47:40.301 [info] Sync started.
2024-02-12 21:47:41.794 [info] Settings: Last sync resource does not exist locally.
2024-02-12 21:47:43.678 [info] Settings: No changes found during synchronizing settings.
2024-02-12 21:47:43.923 [info] Keybindings: Last sync resource does not exist locally.
2024-02-12 21:47:44.600 [info] Keybindings: No changes found during synchronizing keybindings.
2024-02-12 21:47:44.799 [info] Snippets: Last sync resource does not exist locally.
2024-02-12 21:47:45.306 [info] Snippets: No changes found during synchronizing snippets.
2024-02-12 21:47:45.347 [info] Tasks: Last sync resource does not exist locally.
2024-02-12 21:47:45.672 [info] Tasks: No changes found during synchronizing tasks.
2024-02-12 21:47:45.677 [info] GlobalState: Last sync resource does not exist locally.
2024-02-12 21:47:47.099 [info] GlobalState: Updated remote ui state. Updated: workbench.statusbar.hidden.
2024-02-12 21:47:47.277 [info] GlobalState: Updated last synchronized ui state
2024-02-12 21:47:47.280 [info] Extensions: Last sync resource does not exist locally.
2024-02-12 21:47:47.632 [info] Extensions: No changes found during synchronizing extensions.
2024-02-12 21:47:47.634 [info] Profiles: Last sync resource does not exist locally.
2024-02-12 21:47:47.761 [info] Profiles: No changes found during synchronizing profiles.
2024-02-12 21:47:47.767 [info] Sync done. Took 7677ms
2024-02-12 21:47:51.848 [info] Auto Sync: Triggered by Activity
2024-02-12 21:47:51.848 [info] Sync started.
2024-02-12 21:47:52.016 [info] Settings: No changes found during synchronizing settings.
2024-02-12 21:47:52.024 [info] Keybindings: No changes found during synchronizing keybindings.
2024-02-12 21:47:52.032 [info] Snippets: No changes found during synchronizing snippets.
2024-02-12 21:47:52.039 [info] Tasks: No changes found during synchronizing tasks.
2024-02-12 21:47:52.045 [info] GlobalState: No changes found during synchronizing ui state.
2024-02-12 21:47:52.150 [info] Extensions: No changes found during synchronizing extensions.
2024-02-12 21:47:52.152 [info] Profiles: No changes found during synchronizing profiles.
2024-02-12 21:47:52.155 [info] Sync done. Took 307ms
2024-02-12 21:48:59.205 [info] Auto Sync: Triggered by Activity
2024-02-12 21:48:59.206 [info] Sync started.
2024-02-12 21:48:59.360 [info] Settings: No changes found during synchronizing settings.
2024-02-12 21:48:59.372 [info] Keybindings: No changes found during synchronizing keybindings.
2024-02-12 21:48:59.381 [info] Snippets: No changes found during synchronizing snippets.
2024-02-12 21:48:59.387 [info] Tasks: No changes found during synchronizing tasks.
2024-02-12 21:48:59.394 [info] GlobalState: No changes found during synchronizing ui state.
2024-02-12 21:48:59.562 [info] Extensions: No changes found during synchronizing extensions.
2024-02-12 21:48:59.566 [info] Profiles: No changes found during synchronizing profiles.
2024-02-12 21:48:59.569 [info] Sync done. Took 364ms
2024-02-12 21:51:02.053 [info] Auto Sync: Triggered by Activity
2024-02-12 21:51:02.054 [info] Sync started.
2024-02-12 21:51:02.153 [info] Settings: No changes found during synchronizing settings.
2024-02-12 21:51:02.163 [info] Keybindings: No changes found during synchronizing keybindings.
2024-02-12 21:51:02.172 [info] Snippets: No changes found during synchronizing snippets.
2024-02-12 21:51:02.177 [info] Tasks: No changes found during synchronizing tasks.
2024-02-12 21:51:02.181 [info] GlobalState: No changes found during synchronizing ui state.
2024-02-12 21:51:02.324 [info] Extensions: No changes found during synchronizing extensions.
2024-02-12 21:51:02.326 [info] Profiles: No changes found during synchronizing profiles.
2024-02-12 21:51:02.328 [info] Sync done. Took 277ms
2024-02-12 21:52:21.078 [info] Auto Sync: Triggered by Activity
2024-02-12 21:52:21.079 [info] Sync started.
2024-02-12 21:52:21.292 [info] Settings: No changes found during synchronizing settings.
2024-02-12 21:52:21.354 [info] Keybindings: No changes found during synchronizing keybindings.
2024-02-12 21:52:21.382 [info] Snippets: No changes found during synchronizing snippets.
2024-02-12 21:52:21.400 [info] Tasks: No changes found during synchronizing tasks.
2024-02-12 21:52:21.439 [info] GlobalState: No changes found during synchronizing ui state.
2024-02-12 21:52:22.064 [info] Extensions: No changes found during synchronizing extensions.
2024-02-12 21:52:22.082 [info] Profiles: No changes found during synchronizing profiles.
2024-02-12 21:52:22.086 [info] Sync done. Took 1008ms
2024-02-12 21:53:34.397 [info] Auto Sync: Triggered by Activity
2024-02-12 21:53:34.397 [info] Sync started.
2024-02-12 21:53:34.509 [info] Settings: No changes found during synchronizing settings.
2024-02-12 21:53:34.519 [info] Keybindings: No changes found during synchronizing keybindings.
2024-02-12 21:53:34.524 [info] Snippets: No changes found during synchronizing snippets.
2024-02-12 21:53:34.528 [info] Tasks: No changes found during synchronizing tasks.
2024-02-12 21:53:34.533 [info] GlobalState: No changes found during synchronizing ui state.
2024-02-12 21:53:34.707 [info] Extensions: No changes found during synchronizing extensions.
2024-02-12 21:53:34.711 [info] Profiles: No changes found during synchronizing profiles.
2024-02-12 21:53:34.713 [info] Sync done. Took 316ms
2024-02-12 21:53:48.854 [info] Auto Sync: Triggered by Activity
2024-02-12 21:53:48.854 [info] Sync started.
2024-02-12 21:53:48.959 [info] Settings: No changes found during synchronizing settings.
2024-02-12 21:53:48.967 [info] Keybindings: No changes found during synchronizing keybindings.
2024-02-12 21:53:48.977 [info] Snippets: No changes found during synchronizing snippets.
2024-02-12 21:53:48.982 [info] Tasks: No changes found during synchronizing tasks.
2024-02-12 21:53:48.987 [info] GlobalState: No changes found during synchronizing ui state.
2024-02-12 21:53:49.127 [info] Extensions: No changes found during synchronizing extensions.
2024-02-12 21:53:49.131 [info] Profiles: No changes found during synchronizing profiles.
2024-02-12 21:53:49.133 [info] Sync done. Took 280ms
2024-02-12 21:54:01.870 [info] Auto Sync: Triggered by Activity
2024-02-12 21:54:01.871 [info] Sync started.
2024-02-12 21:54:01.981 [info] Settings: No changes found during synchronizing settings.
2024-02-12 21:54:01.991 [info] Keybindings: No changes found during synchronizing keybindings.
2024-02-12 21:54:01.997 [info] Snippets: No changes found during synchronizing snippets.
2024-02-12 21:54:02.001 [info] Tasks: No changes found during synchronizing tasks.
2024-02-12 21:54:02.006 [info] GlobalState: No changes found during synchronizing ui state.
2024-02-12 21:54:02.138 [info] Extensions: No changes found during synchronizing extensions.
2024-02-12 21:54:02.142 [info] Profiles: No changes found during synchronizing profiles.
2024-02-12 21:54:02.146 [info] Sync done. Took 276ms
2024-02-12 21:54:40.550 [info] Auto Sync: Triggered by Activity
2024-02-12 21:54:40.551 [info] Sync started.
2024-02-12 21:54:40.660 [info] Settings: No changes found during synchronizing settings.
2024-02-12 21:54:40.668 [info] Keybindings: No changes found during synchronizing keybindings.
2024-02-12 21:54:40.675 [info] Snippets: No changes found during synchronizing snippets.
2024-02-12 21:54:40.680 [info] Tasks: No changes found during synchronizing tasks.
2024-02-12 21:54:40.685 [info] GlobalState: No changes found during synchronizing ui state.
2024-02-12 21:54:40.830 [info] Extensions: No changes found during synchronizing extensions.
2024-02-12 21:54:40.832 [info] Profiles: No changes found during synchronizing profiles.
2024-02-12 21:54:40.835 [info] Sync done. Took 286ms
2024-02-12 21:54:56.140 [info] Auto Sync: Triggered by Activity
2024-02-12 21:54:56.140 [info] Sync started.
2024-02-12 21:54:56.259 [info] Settings: No changes found during synchronizing settings.
2024-02-12 21:54:56.285 [info] Keybindings: No changes found during synchronizing keybindings.
2024-02-12 21:54:56.301 [info] Snippets: No changes found during synchronizing snippets.
2024-02-12 21:54:56.313 [info] Tasks: No changes found during synchronizing tasks.
2024-02-12 21:54:56.326 [info] GlobalState: No changes found during synchronizing ui state.
2024-02-12 21:54:56.498 [info] Extensions: No changes found during synchronizing extensions.
2024-02-12 21:54:56.514 [info] Profiles: No changes found during synchronizing profiles.
2024-02-12 21:54:56.516 [info] Sync done. Took 377ms
2024-02-12 21:55:10.364 [info] Auto Sync: Triggered by Activity
2024-02-12 21:55:10.364 [info] Sync started.
2024-02-12 21:55:10.484 [info] Settings: No changes found during synchronizing settings.
2024-02-12 21:55:10.492 [info] Keybindings: No changes found during synchronizing keybindings.
2024-02-12 21:55:10.497 [info] Snippets: No changes found during synchronizing snippets.
2024-02-12 21:55:10.500 [info] Tasks: No changes found during synchronizing tasks.
2024-02-12 21:55:10.504 [info] GlobalState: No changes found during synchronizing ui state.
2024-02-12 21:55:10.644 [info] Extensions: No changes found during synchronizing extensions.
2024-02-12 21:55:10.646 [info] Profiles: No changes found during synchronizing profiles.
2024-02-12 21:55:10.648 [info] Sync done. Took 285ms
2024-02-12 21:55:32.571 [info] Auto Sync: Triggered by Activity
2024-02-12 21:55:32.580 [info] Sync started.
2024-02-12 21:55:32.917 [info] Settings: No changes found during synchronizing settings.
2024-02-12 21:55:32.950 [info] Keybindings: No changes found during synchronizing keybindings.
2024-02-12 21:55:32.964 [info] Snippets: No changes found during synchronizing snippets.
2024-02-12 21:55:32.971 [info] Tasks: No changes found during synchronizing tasks.
2024-02-12 21:55:32.983 [info] GlobalState: No changes found during synchronizing ui state.
2024-02-12 21:55:33.791 [info] Extensions: No changes found during synchronizing extensions.
2024-02-12 21:55:33.861 [info] Profiles: No changes found during synchronizing profiles.
2024-02-12 21:55:33.865 [info] Sync done. Took 1294ms
2024-02-12 21:55:57.097 [info] Auto Sync: Triggered by Activity
2024-02-12 21:55:57.097 [info] Sync started.
2024-02-12 21:55:57.227 [info] Settings: No changes found during synchronizing settings.
2024-02-12 21:55:57.237 [info] Keybindings: No changes found during synchronizing keybindings.
2024-02-12 21:55:57.254 [info] Snippets: No changes found during synchronizing snippets.
2024-02-12 21:55:57.261 [info] Tasks: No changes found during synchronizing tasks.
2024-02-12 21:55:57.266 [info] GlobalState: No changes found during synchronizing ui state.
2024-02-12 21:55:57.416 [info] Extensions: No changes found during synchronizing extensions.
2024-02-12 21:55:57.418 [info] Profiles: No changes found during synchronizing profiles.
2024-02-12 21:55:57.420 [info] Sync done. Took 329ms
2024-02-12 21:58:17.966 [info] Auto Sync: Triggered by Activity
2024-02-12 21:58:17.967 [info] Sync started.
2024-02-12 21:58:18.374 [info] Settings: No changes found during synchronizing settings.
2024-02-12 21:58:18.384 [info] Keybindings: No changes found during synchronizing keybindings.
2024-02-12 21:58:18.392 [info] Snippets: No changes found during synchronizing snippets.
2024-02-12 21:58:18.402 [info] Tasks: No changes found during synchronizing tasks.
2024-02-12 21:58:18.412 [info] GlobalState: No changes found during synchronizing ui state.
2024-02-12 21:58:18.605 [info] Extensions: No changes found during synchronizing extensions.
2024-02-12 21:58:18.607 [info] Profiles: No changes found during synchronizing profiles.
2024-02-12 21:58:18.609 [info] Sync done. Took 643ms
2024-02-12 21:59:00.167 [info] Auto Sync: Triggered by Activity
2024-02-12 21:59:00.167 [info] Sync started.
2024-02-12 21:59:00.288 [info] Settings: No changes found during synchronizing settings.
2024-02-12 21:59:00.297 [info] Keybindings: No changes found during synchronizing keybindings.
2024-02-12 21:59:00.303 [info] Snippets: No changes found during synchronizing snippets.
2024-02-12 21:59:00.308 [info] Tasks: No changes found during synchronizing tasks.
2024-02-12 21:59:00.314 [info] GlobalState: No changes found during synchronizing ui state.
2024-02-12 21:59:00.454 [info] Extensions: No changes found during synchronizing extensions.
2024-02-12 21:59:00.456 [info] Profiles: No changes found during synchronizing profiles.
2024-02-12 21:59:00.458 [info] Sync done. Took 292ms
2024-02-12 21:59:12.886 [info] Auto Sync: Triggered by Activity
2024-02-12 21:59:12.886 [info] Sync started.
2024-02-12 21:59:13.012 [info] Settings: No changes found during synchronizing settings.
2024-02-12 21:59:13.021 [info] Keybindings: No changes found during synchronizing keybindings.
2024-02-12 21:59:13.031 [info] Snippets: No changes found during synchronizing snippets.
2024-02-12 21:59:13.040 [info] Tasks: No changes found during synchronizing tasks.
2024-02-12 21:59:13.052 [info] GlobalState: No changes found during synchronizing ui state.
2024-02-12 21:59:13.184 [info] Extensions: No changes found during synchronizing extensions.
2024-02-12 21:59:13.187 [info] Profiles: No changes found during synchronizing profiles.
2024-02-12 21:59:13.189 [info] Sync done. Took 304ms
2024-02-12 21:59:26.465 [info] Auto Sync: Triggered by Activity
2024-02-12 21:59:26.465 [info] Sync started.
2024-02-12 21:59:26.586 [info] Settings: No changes found during synchronizing settings.
2024-02-12 21:59:26.594 [info] Keybindings: No changes found during synchronizing keybindings.
2024-02-12 21:59:26.602 [info] Snippets: No changes found during synchronizing snippets.
2024-02-12 21:59:26.609 [info] Tasks: No changes found during synchronizing tasks.
2024-02-12 21:59:27.926 [info] GlobalState: Updated remote ui state. Added: terminal.integrated.showTerminalConfigPrompt.
2024-02-12 21:59:27.986 [info] GlobalState: Updated last synchronized ui state
2024-02-12 21:59:28.142 [info] Extensions: No changes found during synchronizing extensions.
2024-02-12 21:59:28.152 [info] Profiles: No changes found during synchronizing profiles.
2024-02-12 21:59:28.152 [info] Sync done. Took 1685ms
2024-02-12 22:00:06.594 [info] Auto Sync: Triggered by Activity
2024-02-12 22:00:06.596 [info] Sync started.
2024-02-12 22:00:06.747 [info] Settings: No changes found during synchronizing settings.
2024-02-12 22:00:06.758 [info] Keybindings: No changes found during synchronizing keybindings.
2024-02-12 22:00:06.772 [info] Snippets: No changes found during synchronizing snippets.
2024-02-12 22:00:06.784 [info] Tasks: No changes found during synchronizing tasks.
2024-02-12 22:00:06.788 [info] GlobalState: No changes found during synchronizing ui state.
2024-02-12 22:00:07.049 [info] Extensions: No changes found during synchronizing extensions.
2024-02-12 22:00:07.052 [info] Profiles: No changes found during synchronizing profiles.
2024-02-12 22:00:07.055 [info] Sync done. Took 462ms
2024-02-12 22:00:24.561 [info] Auto Sync: Triggered by Activity
2024-02-12 22:00:24.562 [info] Sync started.
2024-02-12 22:00:24.682 [info] Settings: No changes found during synchronizing settings.
2024-02-12 22:00:24.689 [info] Keybindings: No changes found during synchronizing keybindings.
2024-02-12 22:00:24.701 [info] Snippets: No changes found during synchronizing snippets.
2024-02-12 22:00:24.710 [info] Tasks: No changes found during synchronizing tasks.
2024-02-12 22:00:24.720 [info] GlobalState: No changes found during synchronizing ui state.
2024-02-12 22:00:24.971 [info] Extensions: No changes found during synchronizing extensions.
2024-02-12 22:00:24.973 [info] Profiles: No changes found during synchronizing profiles.
2024-02-12 22:00:24.983 [info] Sync done. Took 423ms
2024-02-12 22:01:16.820 [info] Auto Sync: Triggered by Activity
2024-02-12 22:01:16.821 [info] Sync started.
2024-02-12 22:01:17.557 [info] Settings: No changes found during synchronizing settings.
2024-02-12 22:01:17.711 [info] Keybindings: No changes found during synchronizing keybindings.
2024-02-12 22:01:17.836 [info] Snippets: No changes found during synchronizing snippets.
2024-02-12 22:01:17.847 [info] Tasks: No changes found during synchronizing tasks.
2024-02-12 22:01:17.897 [info] GlobalState: No changes found during synchronizing ui state.
2024-02-12 22:01:20.604 [info] Extensions: No changes found during synchronizing extensions.
2024-02-12 22:01:20.662 [info] Profiles: No changes found during synchronizing profiles.
2024-02-12 22:01:20.667 [info] Sync done. Took 3845ms
2024-02-12 22:02:02.284 [info] Auto Sync: Triggered by Activity
2024-02-12 22:02:02.285 [info] Sync started.
2024-02-12 22:02:02.399 [info] Settings: No changes found during synchronizing settings.
2024-02-12 22:02:02.408 [info] Keybindings: No changes found during synchronizing keybindings.
2024-02-12 22:02:02.416 [info] Snippets: No changes found during synchronizing snippets.
2024-02-12 22:02:02.424 [info] Tasks: No changes found during synchronizing tasks.
2024-02-12 22:02:02.434 [info] GlobalState: No changes found during synchronizing ui state.
2024-02-12 22:02:02.659 [info] Extensions: No changes found during synchronizing extensions.
2024-02-12 22:02:02.661 [info] Profiles: No changes found during synchronizing profiles.
2024-02-12 22:02:02.664 [info] Sync done. Took 379ms
2024-02-12 22:03:06.996 [info] Auto Sync: Triggered by Activity
2024-02-12 22:03:07.057 [info] Sync started.
2024-02-12 22:03:07.232 [info] Settings: No changes found during synchronizing settings.
2024-02-12 22:03:07.246 [info] Keybindings: No changes found during synchronizing keybindings.
2024-02-12 22:03:07.264 [info] Snippets: No changes found during synchronizing snippets.
2024-02-12 22:03:07.274 [info] Tasks: No changes found during synchronizing tasks.
2024-02-12 22:03:07.292 [info] GlobalState: No changes found during synchronizing ui state.
2024-02-12 22:03:08.313 [info] Extensions: No changes found during synchronizing extensions.
2024-02-12 22:03:08.324 [info] Profiles: No changes found during synchronizing profiles.
2024-02-12 22:03:08.327 [info] Sync done. Took 1331ms
2024-02-12 22:03:28.185 [info] Auto Sync: Triggered by Activity
2024-02-12 22:03:28.187 [info] Sync started.
2024-02-12 22:03:28.319 [info] Settings: No changes found during synchronizing settings.
2024-02-12 22:03:28.329 [info] Keybindings: No changes found during synchronizing keybindings.
2024-02-12 22:03:28.338 [info] Snippets: No changes found during synchronizing snippets.
2024-02-12 22:03:28.351 [info] Tasks: No changes found during synchronizing tasks.
2024-02-12 22:03:28.360 [info] GlobalState: No changes found during synchronizing ui state.
2024-02-12 22:03:28.518 [info] Extensions: No changes found during synchronizing extensions.
2024-02-12 22:03:28.520 [info] Profiles: No changes found during synchronizing profiles.
2024-02-12 22:03:28.522 [info] Sync done. Took 339ms
2024-02-12 22:03:48.586 [info] Auto Sync: Triggered by Activity
2024-02-12 22:03:48.615 [info] Sync started.
2024-02-12 22:03:48.875 [info] Settings: No changes found during synchronizing settings.
2024-02-12 22:03:48.905 [info] Keybindings: No changes found during synchronizing keybindings.
2024-02-12 22:03:48.922 [info] Snippets: No changes found during synchronizing snippets.
2024-02-12 22:03:48.929 [info] Tasks: No changes found during synchronizing tasks.
2024-02-12 22:03:48.960 [info] GlobalState: No changes found during synchronizing ui state.
2024-02-12 22:03:49.660 [info] Extensions: No changes found during synchronizing extensions.
2024-02-12 22:03:49.671 [info] Profiles: No changes found during synchronizing profiles.
2024-02-12 22:03:49.676 [info] Sync done. Took 1089ms
2024-02-12 22:04:11.180 [info] Auto Sync: Triggered by Activity
2024-02-12 22:04:11.181 [info] Sync started.
2024-02-12 22:04:11.327 [info] Settings: No changes found during synchronizing settings.
2024-02-12 22:04:11.342 [info] Keybindings: No changes found during synchronizing keybindings.
2024-02-12 22:04:11.362 [info] Snippets: No changes found during synchronizing snippets.
2024-02-12 22:04:11.374 [info] Tasks: No changes found during synchronizing tasks.
2024-02-12 22:04:11.390 [info] GlobalState: No changes found during synchronizing ui state.
2024-02-12 22:04:11.571 [info] Extensions: No changes found during synchronizing extensions.
2024-02-12 22:04:11.573 [info] Profiles: No changes found during synchronizing profiles.
2024-02-12 22:04:11.575 [info] Sync done. Took 405ms
2024-02-12 22:04:29.754 [info] Auto Sync: Triggered by Activity
2024-02-12 22:04:29.755 [info] Sync started.
2024-02-12 22:04:29.878 [info] Settings: No changes found during synchronizing settings.
2024-02-12 22:04:29.888 [info] Keybindings: No changes found during synchronizing keybindings.
2024-02-12 22:04:29.897 [info] Snippets: No changes found during synchronizing snippets.
2024-02-12 22:04:29.905 [info] Tasks: No changes found during synchronizing tasks.
2024-02-12 22:04:29.913 [info] GlobalState: No changes found during synchronizing ui state.
2024-02-12 22:04:30.082 [info] Extensions: No changes found during synchronizing extensions.
2024-02-12 22:04:30.086 [info] Profiles: No changes found during synchronizing profiles.
2024-02-12 22:04:30.090 [info] Sync done. Took 337ms
2024-02-12 22:04:42.699 [info] Auto Sync: Triggered by Activity
2024-02-12 22:04:42.699 [info] Sync started.
2024-02-12 22:04:42.932 [info] Settings: No changes found during synchronizing settings.
2024-02-12 22:04:42.944 [info] Keybindings: No changes found during synchronizing keybindings.
2024-02-12 22:04:42.952 [info] Snippets: No changes found during synchronizing snippets.
2024-02-12 22:04:42.966 [info] Tasks: No changes found during synchronizing tasks.
2024-02-12 22:04:42.975 [info] GlobalState: No changes found during synchronizing ui state.
2024-02-12 22:04:43.206 [info] Extensions: No changes found during synchronizing extensions.
2024-02-12 22:04:43.209 [info] Profiles: No changes found during synchronizing profiles.
2024-02-12 22:04:43.211 [info] Sync done. Took 513ms
2024-02-12 22:05:21.020 [info] Auto Sync: Triggered by Activity
2024-02-12 22:05:21.021 [info] Sync started.
2024-02-12 22:05:21.319 [info] Settings: No changes found during synchronizing settings.
2024-02-12 22:05:21.344 [info] Keybindings: No changes found during synchronizing keybindings.
2024-02-12 22:05:21.360 [info] Snippets: No changes found during synchronizing snippets.
2024-02-12 22:05:21.367 [info] Tasks: No changes found during synchronizing tasks.
2024-02-12 22:05:21.401 [info] GlobalState: No changes found during synchronizing ui state.
2024-02-12 22:05:25.424 [info] Extensions: No changes found during synchronizing extensions.
2024-02-12 22:05:25.500 [info] Profiles: No changes found during synchronizing profiles.
2024-02-12 22:05:25.507 [info] Sync done. Took 4485ms
2024-02-12 22:05:53.650 [info] Auto Sync: Triggered by Activity
2024-02-12 22:05:53.650 [info] Sync started.
2024-02-12 22:05:53.921 [info] Settings: No changes found during synchronizing settings.
2024-02-12 22:05:53.938 [info] Keybindings: No changes found during synchronizing keybindings.
2024-02-12 22:05:53.950 [info] Snippets: No changes found during synchronizing snippets.
2024-02-12 22:05:53.964 [info] Tasks: No changes found during synchronizing tasks.
2024-02-12 22:05:53.974 [info] GlobalState: No changes found during synchronizing ui state.
2024-02-12 22:05:54.196 [info] Extensions: No changes found during synchronizing extensions.
2024-02-12 22:05:54.198 [info] Profiles: No changes found during synchronizing profiles.
2024-02-12 22:05:54.200 [info] Sync done. Took 551ms
2024-02-12 22:06:16.134 [info] Auto Sync: Triggered by Activity
2024-02-12 22:06:16.134 [info] Sync started.
2024-02-12 22:06:16.244 [info] Settings: No changes found during synchronizing settings.
2024-02-12 22:06:16.251 [info] Keybindings: No changes found during synchronizing keybindings.
2024-02-12 22:06:16.259 [info] Snippets: No changes found during synchronizing snippets.
2024-02-12 22:06:16.268 [info] Tasks: No changes found during synchronizing tasks.
2024-02-12 22:06:16.276 [info] GlobalState: No changes found during synchronizing ui state.
2024-02-12 22:06:16.432 [info] Extensions: No changes found during synchronizing extensions.
2024-02-12 22:06:16.434 [info] Profiles: No changes found during synchronizing profiles.
2024-02-12 22:06:16.436 [info] Sync done. Took 302ms
2024-02-12 22:07:39.637 [info] Auto Sync: Triggered by Activity
2024-02-12 22:07:39.638 [info] Sync started.
2024-02-12 22:07:39.773 [info] Settings: No changes found during synchronizing settings.
2024-02-12 22:07:39.789 [info] Keybindings: No changes found during synchronizing keybindings.
2024-02-12 22:07:39.807 [info] Snippets: No changes found during synchronizing snippets.
2024-02-12 22:07:39.818 [info] Tasks: No changes found during synchronizing tasks.
2024-02-12 22:07:39.825 [info] GlobalState: No changes found during synchronizing ui state.
2024-02-12 22:07:40.035 [info] Extensions: No changes found during synchronizing extensions.
2024-02-12 22:07:40.039 [info] Profiles: No changes found during synchronizing profiles.
2024-02-12 22:07:40.045 [info] Sync done. Took 409ms
2024-02-12 22:08:07.014 [info] Auto Sync: Triggered by Activity
2024-02-12 22:08:07.015 [info] Sync started.
2024-02-12 22:08:07.133 [info] Settings: No changes found during synchronizing settings.
2024-02-12 22:08:07.142 [info] Keybindings: No changes found during synchronizing keybindings.
2024-02-12 22:08:07.149 [info] Snippets: No changes found during synchronizing snippets.
2024-02-12 22:08:07.153 [info] Tasks: No changes found during synchronizing tasks.
2024-02-12 22:08:07.158 [info] GlobalState: No changes found during synchronizing ui state.
2024-02-12 22:08:07.267 [info] Extensions: No changes found during synchronizing extensions.
2024-02-12 22:08:07.281 [info] Profiles: No changes found during synchronizing profiles.
2024-02-12 22:08:07.284 [info] Sync done. Took 271ms
2024-02-12 22:08:20.438 [info] Auto Sync: Triggered by Activity
2024-02-12 22:08:20.439 [info] Sync started.
2024-02-12 22:08:20.568 [info] Settings: No changes found during synchronizing settings.
2024-02-12 22:08:20.578 [info] Keybindings: No changes found during synchronizing keybindings.
2024-02-12 22:08:20.583 [info] Snippets: No changes found during synchronizing snippets.
2024-02-12 22:08:20.587 [info] Tasks: No changes found during synchronizing tasks.
2024-02-12 22:08:20.591 [info] GlobalState: No changes found during synchronizing ui state.
2024-02-12 22:08:20.875 [info] Extensions: No changes found during synchronizing extensions.
2024-02-12 22:08:20.878 [info] Profiles: No changes found during synchronizing profiles.
2024-02-12 22:08:20.881 [info] Sync done. Took 443ms
2024-02-12 22:08:32.570 [info] Auto Sync: Triggered by Activity
2024-02-12 22:08:32.570 [info] Sync started.
2024-02-12 22:08:32.692 [info] Settings: No changes found during synchronizing settings.
2024-02-12 22:08:32.702 [info] Keybindings: No changes found during synchronizing keybindings.
2024-02-12 22:08:32.710 [info] Snippets: No changes found during synchronizing snippets.
2024-02-12 22:08:32.718 [info] Tasks: No changes found during synchronizing tasks.
2024-02-12 22:08:32.727 [info] GlobalState: No changes found during synchronizing ui state.
2024-02-12 22:08:32.879 [info] Extensions: No changes found during synchronizing extensions.
2024-02-12 22:08:32.881 [info] Profiles: No changes found during synchronizing profiles.
2024-02-12 22:08:32.884 [info] Sync done. Took 315ms
2024-02-12 22:08:48.908 [info] Auto Sync: Triggered by Activity
2024-02-12 22:08:48.908 [info] Sync started.
2024-02-12 22:08:49.034 [info] Settings: No changes found during synchronizing settings.
2024-02-12 22:08:49.042 [info] Keybindings: No changes found during synchronizing keybindings.
2024-02-12 22:08:49.049 [info] Snippets: No changes found during synchronizing snippets.
2024-02-12 22:08:49.057 [info] Tasks: No changes found during synchronizing tasks.
2024-02-12 22:08:49.061 [info] GlobalState: No changes found during synchronizing ui state.
2024-02-12 22:08:49.174 [info] Extensions: No changes found during synchronizing extensions.
2024-02-12 22:08:49.176 [info] Profiles: No changes found during synchronizing profiles.
2024-02-12 22:08:49.179 [info] Sync done. Took 272ms
2024-02-12 22:09:00.921 [info] Auto Sync: Triggered by Activity
2024-02-12 22:09:00.922 [info] Sync started.
2024-02-12 22:09:01.170 [info] Settings: No changes found during synchronizing settings.
2024-02-12 22:09:01.192 [info] Keybindings: No changes found during synchronizing keybindings.
2024-02-12 22:09:01.197 [info] Snippets: No changes found during synchronizing snippets.
2024-02-12 22:09:01.201 [info] Tasks: No changes found during synchronizing tasks.
2024-02-12 22:09:01.204 [info] GlobalState: No changes found during synchronizing ui state.
2024-02-12 22:09:01.339 [info] Extensions: No changes found during synchronizing extensions.
2024-02-12 22:09:01.342 [info] Profiles: No changes found during synchronizing profiles.
2024-02-12 22:09:01.344 [info] Sync done. Took 423ms
2024-02-12 22:09:14.176 [info] Auto Sync: Triggered by Activity
2024-02-12 22:09:14.177 [info] Sync started.
2024-02-12 22:09:14.294 [info] Settings: No changes found during synchronizing settings.
2024-02-12 22:09:14.302 [info] Keybindings: No changes found during synchronizing keybindings.
2024-02-12 22:09:14.311 [info] Snippets: No changes found during synchronizing snippets.
2024-02-12 22:09:14.317 [info] Tasks: No changes found during synchronizing tasks.
2024-02-12 22:09:14.321 [info] GlobalState: No changes found during synchronizing ui state.
2024-02-12 22:09:14.477 [info] Extensions: No changes found during synchronizing extensions.
2024-02-12 22:09:14.480 [info] Profiles: No changes found during synchronizing profiles.
2024-02-12 22:09:14.483 [info] Sync done. Took 307ms
2024-02-12 22:09:30.021 [info] Auto Sync: Triggered by Activity
2024-02-12 22:09:30.022 [info] Sync started.
2024-02-12 22:09:30.153 [info] Settings: No changes found during synchronizing settings.
2024-02-12 22:09:30.167 [info] Keybindings: No changes found during synchronizing keybindings.
2024-02-12 22:09:30.178 [info] Snippets: No changes found during synchronizing snippets.
2024-02-12 22:09:30.188 [info] Tasks: No changes found during synchronizing tasks.
2024-02-12 22:09:30.204 [info] GlobalState: No changes found during synchronizing ui state.
2024-02-12 22:09:30.385 [info] Extensions: No changes found during synchronizing extensions.
2024-02-12 22:09:30.387 [info] Profiles: No changes found during synchronizing profiles.
2024-02-12 22:09:30.389 [info] Sync done. Took 369ms
2024-02-12 22:10:01.188 [info] Auto Sync: Triggered by Activity
2024-02-12 22:10:01.188 [info] Sync started.
2024-02-12 22:10:01.443 [info] Settings: No changes found during synchronizing settings.
2024-02-12 22:10:01.458 [info] Keybindings: No changes found during synchronizing keybindings.
2024-02-12 22:10:01.471 [info] Snippets: No changes found during synchronizing snippets.
2024-02-12 22:10:01.487 [info] Tasks: No changes found during synchronizing tasks.
2024-02-12 22:10:01.503 [info] GlobalState: No changes found during synchronizing ui state.
2024-02-12 22:10:01.815 [info] Extensions: No changes found during synchronizing extensions.
2024-02-12 22:10:01.817 [info] Profiles: No changes found during synchronizing profiles.
2024-02-12 22:10:01.820 [info] Sync done. Took 632ms
2024-02-12 22:11:32.752 [info] Auto Sync: Triggered by Activity
2024-02-12 22:11:32.820 [info] Sync started.
2024-02-12 22:11:33.015 [info] Settings: No changes found during synchronizing settings.
2024-02-12 22:11:33.044 [info] Keybindings: No changes found during synchronizing keybindings.
2024-02-12 22:11:33.059 [info] Snippets: No changes found during synchronizing snippets.
2024-02-12 22:11:33.065 [info] Tasks: No changes found during synchronizing tasks.
2024-02-12 22:11:33.123 [info] GlobalState: No changes found during synchronizing ui state.
2024-02-12 22:11:33.956 [info] Extensions: No changes found during synchronizing extensions.
2024-02-12 22:11:33.981 [info] Profiles: No changes found during synchronizing profiles.
2024-02-12 22:11:33.985 [info] Sync done. Took 1233ms
2024-02-12 22:12:16.735 [info] Auto Sync: Triggered by Activity
2024-02-12 22:12:16.736 [info] Sync started.
2024-02-12 22:12:16.870 [info] Settings: No changes found during synchronizing settings.
2024-02-12 22:12:16.893 [info] Keybindings: No changes found during synchronizing keybindings.
2024-02-12 22:12:16.924 [info] Snippets: No changes found during synchronizing snippets.
2024-02-12 22:12:16.949 [info] Tasks: No changes found during synchronizing tasks.
2024-02-12 22:12:16.962 [info] GlobalState: No changes found during synchronizing ui state.
2024-02-12 22:12:17.326 [info] Extensions: No changes found during synchronizing extensions.
2024-02-12 22:12:17.336 [info] Profiles: No changes found during synchronizing profiles.
2024-02-12 22:12:17.341 [info] Sync done. Took 605ms
2024-02-12 22:12:42.522 [info] Auto Sync: Triggered by Activity
2024-02-12 22:12:42.523 [info] Sync started.
2024-02-12 22:12:42.646 [info] Settings: No changes found during synchronizing settings.
2024-02-12 22:12:42.656 [info] Keybindings: No changes found during synchronizing keybindings.
2024-02-12 22:12:42.661 [info] Snippets: No changes found during synchronizing snippets.
2024-02-12 22:12:42.666 [info] Tasks: No changes found during synchronizing tasks.
2024-02-12 22:12:44.025 [info] GlobalState: Updated remote ui state. Updated: snippets.usageTimestamps.
2024-02-12 22:12:44.088 [info] GlobalState: Updated last synchronized ui state
2024-02-12 22:12:44.264 [info] Extensions: No changes found during synchronizing extensions.
2024-02-12 22:12:44.267 [info] Profiles: No changes found during synchronizing profiles.
2024-02-12 22:12:44.273 [info] Sync done. Took 1751ms
2024-02-12 22:13:21.127 [info] Auto Sync: Triggered by Activity
2024-02-12 22:13:21.127 [info] Sync started.
2024-02-12 22:13:21.256 [info] Settings: No changes found during synchronizing settings.
2024-02-12 22:13:21.264 [info] Keybindings: No changes found during synchronizing keybindings.
2024-02-12 22:13:21.273 [info] Snippets: No changes found during synchronizing snippets.
2024-02-12 22:13:21.281 [info] Tasks: No changes found during synchronizing tasks.
2024-02-12 22:13:22.594 [info] GlobalState: Updated remote ui state. Updated: snippets.usageTimestamps.
2024-02-12 22:13:22.637 [info] GlobalState: Updated last synchronized ui state
2024-02-12 22:13:22.813 [info] Extensions: No changes found during synchronizing extensions.
2024-02-12 22:13:22.815 [info] Profiles: No changes found during synchronizing profiles.
2024-02-12 22:13:22.817 [info] Sync done. Took 1691ms
2024-02-12 22:18:22.856 [info] Auto Sync: Triggered by Interval
2024-02-12 22:18:22.857 [info] Sync started.
2024-02-12 22:18:23.319 [info] Settings: No changes found during synchronizing settings.
2024-02-12 22:18:23.352 [info] Keybindings: No changes found during synchronizing keybindings.
2024-02-12 22:18:23.446 [info] Snippets: No changes found during synchronizing snippets.
2024-02-12 22:18:23.517 [info] Tasks: No changes found during synchronizing tasks.
2024-02-12 22:18:23.552 [info] GlobalState: No changes found during synchronizing ui state.
2024-02-12 22:18:24.039 [info] Extensions: No changes found during synchronizing extensions.
2024-02-12 22:18:24.049 [info] Profiles: No changes found during synchronizing profiles.
2024-02-12 22:18:24.051 [info] Sync done. Took 1195ms
2024-02-12 22:20:44.930 [info] Auto Sync: Triggered by Activity
2024-02-12 22:20:44.991 [info] Sync started.
2024-02-12 22:20:45.445 [info] Settings: No changes found during synchronizing settings.
2024-02-12 22:20:45.472 [info] Keybindings: No changes found during synchronizing keybindings.
2024-02-12 22:20:45.489 [info] Snippets: No changes found during synchronizing snippets.
2024-02-12 22:20:45.500 [info] Tasks: No changes found during synchronizing tasks.
2024-02-12 22:20:45.529 [info] GlobalState: No changes found during synchronizing ui state.
2024-02-12 22:20:46.325 [info] Extensions: No changes found during synchronizing extensions.
2024-02-12 22:20:46.350 [info] Profiles: No changes found during synchronizing profiles.
2024-02-12 22:20:46.352 [info] Sync done. Took 1423ms
2024-02-12 22:21:09.113 [info] Auto Sync: Triggered by Activity
2024-02-12 22:21:09.114 [info] Sync started.
2024-02-12 22:21:09.211 [info] Settings: No changes found during synchronizing settings.
2024-02-12 22:21:09.219 [info] Keybindings: No changes found during synchronizing keybindings.
2024-02-12 22:21:09.228 [info] Snippets: No changes found during synchronizing snippets.
2024-02-12 22:21:09.236 [info] Tasks: No changes found during synchronizing tasks.
2024-02-12 22:21:09.244 [info] GlobalState: No changes found during synchronizing ui state.
2024-02-12 22:21:09.422 [info] Extensions: No changes found during synchronizing extensions.
2024-02-12 22:21:09.425 [info] Profiles: No changes found during synchronizing profiles.
2024-02-12 22:21:09.427 [info] Sync done. Took 314ms
2024-02-12 22:21:43.634 [info] Auto Sync: Triggered by Activity
2024-02-12 22:21:43.635 [info] Sync started.
2024-02-12 22:21:43.743 [info] Settings: No changes found during synchronizing settings.
2024-02-12 22:21:43.755 [info] Keybindings: No changes found during synchronizing keybindings.
2024-02-12 22:21:43.775 [info] Snippets: No changes found during synchronizing snippets.
2024-02-12 22:21:43.787 [info] Tasks: No changes found during synchronizing tasks.
2024-02-12 22:21:43.793 [info] GlobalState: No changes found during synchronizing ui state.
2024-02-12 22:21:43.960 [info] Extensions: No changes found during synchronizing extensions.
2024-02-12 22:21:43.970 [info] Profiles: No changes found during synchronizing profiles.
2024-02-12 22:21:43.976 [info] Sync done. Took 342ms
2024-02-12 22:25:45.082 [info] Auto Sync: Triggered by Activity
2024-02-12 22:25:45.119 [info] Sync started.
2024-02-12 22:25:45.460 [info] Settings: No changes found during synchronizing settings.
2024-02-12 22:25:45.471 [info] Keybindings: No changes found during synchronizing keybindings.
2024-02-12 22:25:45.479 [info] Snippets: No changes found during synchronizing snippets.
2024-02-12 22:25:45.486 [info] Tasks: No changes found during synchronizing tasks.
2024-02-12 22:25:45.537 [info] GlobalState: No changes found during synchronizing ui state.
2024-02-12 22:25:45.807 [info] Extensions: No changes found during synchronizing extensions.
2024-02-12 22:25:45.826 [info] Profiles: No changes found during synchronizing profiles.
2024-02-12 22:25:45.832 [info] Sync done. Took 749ms
2024-02-12 22:26:09.043 [info] Auto Sync: Triggered by Activity
2024-02-12 22:26:09.044 [info] Sync started.
2024-02-12 22:26:09.169 [info] Settings: No changes found during synchronizing settings.
2024-02-12 22:26:09.197 [info] Keybindings: No changes found during synchronizing keybindings.
2024-02-12 22:26:09.205 [info] Snippets: No changes found during synchronizing snippets.
2024-02-12 22:26:09.218 [info] Tasks: No changes found during synchronizing tasks.
2024-02-12 22:26:09.227 [info] GlobalState: No changes found during synchronizing ui state.
2024-02-12 22:26:09.574 [info] Extensions: No changes found during synchronizing extensions.
2024-02-12 22:26:09.577 [info] Profiles: No changes found during synchronizing profiles.
2024-02-12 22:26:09.579 [info] Sync done. Took 538ms
2024-02-12 22:31:09.581 [info] Auto Sync: Triggered by Interval
2024-02-12 22:31:09.582 [info] Sync started.
2024-02-12 22:31:09.895 [info] Settings: No changes found during synchronizing settings.
2024-02-12 22:31:09.913 [info] Keybindings: No changes found during synchronizing keybindings.
2024-02-12 22:31:09.930 [info] Snippets: No changes found during synchronizing snippets.
2024-02-12 22:31:09.943 [info] Tasks: No changes found during synchronizing tasks.
2024-02-12 22:31:09.953 [info] GlobalState: No changes found during synchronizing ui state.
2024-02-12 22:31:10.096 [info] Extensions: No changes found during synchronizing extensions.
2024-02-12 22:31:10.100 [info] Profiles: No changes found during synchronizing profiles.
2024-02-12 22:31:10.102 [info] Sync done. Took 522ms
