2024-02-13 10:40:11.779 [info] Using settings sync service https://vscode-sync.trafficmanager.net/
2024-02-13 10:40:11.779 [info] Auto Sync is enabled.
2024-02-13 10:40:11.779 [info] Auto Sync: Suspended until auth token is available.
2024-02-13 10:40:14.462 [info] Deleting non existing profile from backup /home/m/.config/Code/User/sync/extensions
2024-02-13 10:40:15.464 [info] Deleting non existing profile from backup /home/m/.config/Code/User/sync/globalState
2024-02-13 10:40:15.485 [info] Deleting non existing profile from backup /home/m/.config/Code/User/sync/keybindings
2024-02-13 10:40:15.485 [info] Deleting non existing profile from backup /home/m/.config/Code/User/sync/profiles
2024-02-13 10:40:15.486 [info] Deleting non existing profile from backup /home/m/.config/Code/User/sync/settings
2024-02-13 10:40:15.487 [info] Deleting non existing profile from backup /home/m/.config/Code/User/sync/snippets
2024-02-13 10:40:15.487 [info] Deleting non existing profile from backup /home/m/.config/Code/User/sync/tasks
2024-02-13 10:40:23.914 [info] Auto Sync: Triggered by Interval
2024-02-13 10:40:23.915 [info] Sync started.
2024-02-13 10:40:25.028 [info] Settings: Last sync resource does not exist locally.
2024-02-13 10:40:25.346 [info] Settings: No changes found during synchronizing settings.
2024-02-13 10:40:25.365 [info] Keybindings: Last sync resource does not exist locally.
2024-02-13 10:40:25.612 [info] Keybindings: No changes found during synchronizing keybindings.
2024-02-13 10:40:25.616 [info] Snippets: Last sync resource does not exist locally.
2024-02-13 10:40:25.801 [info] Snippets: No changes found during synchronizing snippets.
2024-02-13 10:40:25.804 [info] Tasks: Last sync resource does not exist locally.
2024-02-13 10:40:26.003 [info] Tasks: No changes found during synchronizing tasks.
2024-02-13 10:40:26.006 [info] GlobalState: Last sync resource does not exist locally.
2024-02-13 10:40:27.234 [info] GlobalState: Updated remote ui state. Updated: nps/lastSessionDate,nps/sessionCount,cpp.1.lastSessionDate,cpp.1.sessionCount,java.2.lastSessionDate,java.2.sessionCount,javascript.1.lastSessionDate,javascript.1.sessionCount,typescript.1.lastSessionDate,typescript.1.sessionCount,csharp.1.lastSessionDate,csharp.1.sessionCount.
2024-02-13 10:40:27.280 [info] GlobalState: Updated last synchronized ui state
2024-02-13 10:40:27.287 [info] Extensions: Last sync resource does not exist locally.
2024-02-13 10:40:27.680 [info] Extensions: No changes found during synchronizing extensions.
2024-02-13 10:40:27.682 [info] Profiles: Last sync resource does not exist locally.
2024-02-13 10:40:27.818 [info] Profiles: No changes found during synchronizing profiles.
2024-02-13 10:40:27.824 [info] Sync done. Took 3913ms
2024-02-13 10:45:27.831 [info] Auto Sync: Triggered by Interval
2024-02-13 10:45:27.865 [info] Sync started.
2024-02-13 10:45:28.310 [info] Settings: No changes found during synchronizing settings.
2024-02-13 10:45:28.369 [info] Keybindings: No changes found during synchronizing keybindings.
2024-02-13 10:45:28.395 [info] Snippets: No changes found during synchronizing snippets.
2024-02-13 10:45:28.403 [info] Tasks: No changes found during synchronizing tasks.
2024-02-13 10:45:28.448 [info] GlobalState: No changes found during synchronizing ui state.
2024-02-13 10:45:29.069 [info] Extensions: No changes found during synchronizing extensions.
2024-02-13 10:45:29.080 [info] Profiles: No changes found during synchronizing profiles.
2024-02-13 10:45:29.084 [info] Sync done. Took 1252ms
2024-02-13 10:47:38.344 [info] Auto Sync: Triggered by Activity
2024-02-13 10:47:38.345 [info] Sync started.
2024-02-13 10:47:38.509 [info] Settings: No changes found during synchronizing settings.
2024-02-13 10:47:38.517 [info] Keybindings: No changes found during synchronizing keybindings.
2024-02-13 10:47:38.526 [info] Snippets: No changes found during synchronizing snippets.
2024-02-13 10:47:38.536 [info] Tasks: No changes found during synchronizing tasks.
2024-02-13 10:47:38.545 [info] GlobalState: No changes found during synchronizing ui state.
2024-02-13 10:47:38.716 [info] Extensions: No changes found during synchronizing extensions.
2024-02-13 10:47:38.719 [info] Profiles: No changes found during synchronizing profiles.
2024-02-13 10:47:38.724 [info] Sync done. Took 380ms
2024-02-13 10:48:40.079 [info] Auto Sync: Triggered by Activity
2024-02-13 10:48:40.080 [info] Sync started.
2024-02-13 10:48:40.209 [info] Settings: No changes found during synchronizing settings.
2024-02-13 10:48:40.221 [info] Keybindings: No changes found during synchronizing keybindings.
2024-02-13 10:48:40.235 [info] Snippets: No changes found during synchronizing snippets.
2024-02-13 10:48:40.249 [info] Tasks: No changes found during synchronizing tasks.
2024-02-13 10:48:40.258 [info] GlobalState: No changes found during synchronizing ui state.
2024-02-13 10:48:40.527 [info] Extensions: No changes found during synchronizing extensions.
2024-02-13 10:48:40.529 [info] Profiles: No changes found during synchronizing profiles.
2024-02-13 10:48:40.531 [info] Sync done. Took 452ms
2024-02-13 10:52:14.825 [info] Auto Sync: Triggered by Activity
2024-02-13 10:52:14.836 [info] Sync started.
2024-02-13 10:52:15.349 [info] Settings: No changes found during synchronizing settings.
2024-02-13 10:52:15.360 [info] Keybindings: No changes found during synchronizing keybindings.
2024-02-13 10:52:15.402 [info] Snippets: No changes found during synchronizing snippets.
2024-02-13 10:52:15.411 [info] Tasks: No changes found during synchronizing tasks.
2024-02-13 10:52:15.439 [info] GlobalState: No changes found during synchronizing ui state.
2024-02-13 10:52:16.133 [info] Extensions: No changes found during synchronizing extensions.
2024-02-13 10:52:16.161 [info] Profiles: No changes found during synchronizing profiles.
2024-02-13 10:52:16.163 [info] Sync done. Took 1338ms
2024-02-13 10:52:48.039 [info] Auto Sync: Triggered by Activity
2024-02-13 10:52:48.046 [info] Sync started.
2024-02-13 10:52:48.153 [info] Settings: No changes found during synchronizing settings.
2024-02-13 10:52:48.159 [info] Keybindings: No changes found during synchronizing keybindings.
2024-02-13 10:52:48.171 [info] Snippets: No changes found during synchronizing snippets.
2024-02-13 10:52:48.180 [info] Tasks: No changes found during synchronizing tasks.
2024-02-13 10:52:48.187 [info] GlobalState: No changes found during synchronizing ui state.
2024-02-13 10:52:48.356 [info] Extensions: No changes found during synchronizing extensions.
2024-02-13 10:52:48.358 [info] Profiles: No changes found during synchronizing profiles.
2024-02-13 10:52:48.361 [info] Sync done. Took 324ms
2024-02-13 10:53:23.133 [info] Auto Sync: Triggered by Activity
2024-02-13 10:53:23.134 [info] Sync started.
2024-02-13 10:53:23.247 [info] Settings: No changes found during synchronizing settings.
2024-02-13 10:53:23.257 [info] Keybindings: No changes found during synchronizing keybindings.
2024-02-13 10:53:23.264 [info] Snippets: No changes found during synchronizing snippets.
2024-02-13 10:53:23.270 [info] Tasks: No changes found during synchronizing tasks.
2024-02-13 10:53:23.276 [info] GlobalState: No changes found during synchronizing ui state.
2024-02-13 10:53:23.435 [info] Extensions: No changes found during synchronizing extensions.
2024-02-13 10:53:23.450 [info] Profiles: No changes found during synchronizing profiles.
2024-02-13 10:53:23.454 [info] Sync done. Took 321ms
2024-02-13 10:58:23.464 [info] Auto Sync: Triggered by Interval
2024-02-13 10:58:23.464 [info] Sync started.
2024-02-13 10:58:23.870 [info] Settings: No changes found during synchronizing settings.
2024-02-13 10:58:23.888 [info] Keybindings: No changes found during synchronizing keybindings.
2024-02-13 10:58:23.900 [info] Snippets: No changes found during synchronizing snippets.
2024-02-13 10:58:23.917 [info] Tasks: No changes found during synchronizing tasks.
2024-02-13 10:58:23.926 [info] GlobalState: No changes found during synchronizing ui state.
2024-02-13 10:58:24.170 [info] Extensions: No changes found during synchronizing extensions.
2024-02-13 10:58:24.177 [info] Profiles: No changes found during synchronizing profiles.
2024-02-13 10:58:24.184 [info] Sync done. Took 720ms
2024-02-13 11:00:21.005 [info] Auto Sync: Triggered by Activity
2024-02-13 11:00:21.005 [info] Sync started.
2024-02-13 11:00:21.120 [info] Settings: No changes found during synchronizing settings.
2024-02-13 11:00:21.128 [info] Keybindings: No changes found during synchronizing keybindings.
2024-02-13 11:00:21.136 [info] Snippets: No changes found during synchronizing snippets.
2024-02-13 11:00:21.142 [info] Tasks: No changes found during synchronizing tasks.
2024-02-13 11:00:21.147 [info] GlobalState: No changes found during synchronizing ui state.
2024-02-13 11:00:21.283 [info] Extensions: No changes found during synchronizing extensions.
2024-02-13 11:00:21.285 [info] Profiles: No changes found during synchronizing profiles.
2024-02-13 11:00:21.287 [info] Sync done. Took 283ms
2024-02-13 11:00:36.896 [info] Auto Sync: Triggered by Activity
2024-02-13 11:00:36.896 [info] Sync started.
2024-02-13 11:00:37.004 [info] Settings: No changes found during synchronizing settings.
2024-02-13 11:00:37.009 [info] Keybindings: No changes found during synchronizing keybindings.
2024-02-13 11:00:37.021 [info] Snippets: No changes found during synchronizing snippets.
2024-02-13 11:00:37.028 [info] Tasks: No changes found during synchronizing tasks.
2024-02-13 11:00:37.034 [info] GlobalState: No changes found during synchronizing ui state.
2024-02-13 11:00:37.170 [info] Extensions: No changes found during synchronizing extensions.
2024-02-13 11:00:37.172 [info] Profiles: No changes found during synchronizing profiles.
2024-02-13 11:00:37.174 [info] Sync done. Took 295ms
2024-02-13 11:01:36.224 [info] Auto Sync: Triggered by Activity
2024-02-13 11:01:36.225 [info] Sync started.
2024-02-13 11:01:36.347 [info] Settings: No changes found during synchronizing settings.
2024-02-13 11:01:36.358 [info] Keybindings: No changes found during synchronizing keybindings.
2024-02-13 11:01:36.372 [info] Snippets: No changes found during synchronizing snippets.
2024-02-13 11:01:36.383 [info] Tasks: No changes found during synchronizing tasks.
2024-02-13 11:01:36.392 [info] GlobalState: No changes found during synchronizing ui state.
2024-02-13 11:01:36.590 [info] Extensions: No changes found during synchronizing extensions.
2024-02-13 11:01:36.592 [info] Profiles: No changes found during synchronizing profiles.
2024-02-13 11:01:36.598 [info] Sync done. Took 373ms
2024-02-13 11:06:36.621 [info] Auto Sync: Triggered by Interval
2024-02-13 11:06:36.621 [info] Sync started.
2024-02-13 11:06:37.002 [info] Settings: No changes found during synchronizing settings.
2024-02-13 11:06:37.007 [info] Keybindings: No changes found during synchronizing keybindings.
2024-02-13 11:06:37.013 [info] Snippets: No changes found during synchronizing snippets.
2024-02-13 11:06:37.019 [info] Tasks: No changes found during synchronizing tasks.
2024-02-13 11:06:37.025 [info] GlobalState: No changes found during synchronizing ui state.
2024-02-13 11:06:37.181 [info] Extensions: No changes found during synchronizing extensions.
2024-02-13 11:06:37.184 [info] Profiles: No changes found during synchronizing profiles.
2024-02-13 11:06:37.186 [info] Sync done. Took 566ms
2024-02-13 11:07:41.881 [info] Auto Sync: Triggered by Activity
2024-02-13 11:07:41.882 [info] Sync started.
2024-02-13 11:07:42.000 [info] Settings: No changes found during synchronizing settings.
2024-02-13 11:07:42.009 [info] Keybindings: No changes found during synchronizing keybindings.
2024-02-13 11:07:42.017 [info] Snippets: No changes found during synchronizing snippets.
2024-02-13 11:07:42.022 [info] Tasks: No changes found during synchronizing tasks.
2024-02-13 11:07:42.027 [info] GlobalState: No changes found during synchronizing ui state.
2024-02-13 11:07:42.154 [info] Extensions: No changes found during synchronizing extensions.
2024-02-13 11:07:42.155 [info] Profiles: No changes found during synchronizing profiles.
2024-02-13 11:07:42.157 [info] Sync done. Took 276ms
2024-02-13 11:09:22.658 [info] Auto Sync: Triggered by Activity
2024-02-13 11:09:22.660 [info] Sync started.
2024-02-13 11:09:22.790 [info] Settings: No changes found during synchronizing settings.
2024-02-13 11:09:22.805 [info] Keybindings: No changes found during synchronizing keybindings.
2024-02-13 11:09:22.818 [info] Snippets: No changes found during synchronizing snippets.
2024-02-13 11:09:22.835 [info] Tasks: No changes found during synchronizing tasks.
2024-02-13 11:09:22.850 [info] GlobalState: No changes found during synchronizing ui state.
2024-02-13 11:09:23.058 [info] Extensions: No changes found during synchronizing extensions.
2024-02-13 11:09:23.063 [info] Profiles: No changes found during synchronizing profiles.
2024-02-13 11:09:23.067 [info] Sync done. Took 409ms
2024-02-13 11:14:23.079 [info] Auto Sync: Triggered by Interval
2024-02-13 11:14:23.080 [info] Sync started.
2024-02-13 11:14:23.460 [info] Settings: No changes found during synchronizing settings.
2024-02-13 11:14:23.475 [info] Keybindings: No changes found during synchronizing keybindings.
2024-02-13 11:14:23.487 [info] Snippets: No changes found during synchronizing snippets.
2024-02-13 11:14:23.494 [info] Tasks: No changes found during synchronizing tasks.
2024-02-13 11:14:23.501 [info] GlobalState: No changes found during synchronizing ui state.
2024-02-13 11:14:23.786 [info] Extensions: No changes found during synchronizing extensions.
2024-02-13 11:14:23.793 [info] Profiles: No changes found during synchronizing profiles.
2024-02-13 11:14:23.796 [info] Sync done. Took 719ms
2024-02-13 11:19:23.809 [info] Auto Sync: Triggered by Interval
2024-02-13 11:19:23.810 [info] Sync started.
2024-02-13 11:19:24.198 [info] Settings: No changes found during synchronizing settings.
2024-02-13 11:19:24.219 [info] Keybindings: No changes found during synchronizing keybindings.
2024-02-13 11:19:24.242 [info] Snippets: No changes found during synchronizing snippets.
2024-02-13 11:19:24.267 [info] Tasks: No changes found during synchronizing tasks.
2024-02-13 11:19:24.280 [info] GlobalState: No changes found during synchronizing ui state.
2024-02-13 11:19:24.468 [info] Extensions: No changes found during synchronizing extensions.
2024-02-13 11:19:24.473 [info] Profiles: No changes found during synchronizing profiles.
2024-02-13 11:19:24.481 [info] Sync done. Took 672ms
2024-02-13 11:24:24.490 [info] Auto Sync: Triggered by Interval
2024-02-13 11:24:24.491 [info] Sync started.
2024-02-13 11:24:24.826 [info] Settings: No changes found during synchronizing settings.
2024-02-13 11:24:24.837 [info] Keybindings: No changes found during synchronizing keybindings.
2024-02-13 11:24:24.843 [info] Snippets: No changes found during synchronizing snippets.
2024-02-13 11:24:24.850 [info] Tasks: No changes found during synchronizing tasks.
2024-02-13 11:24:24.879 [info] GlobalState: No changes found during synchronizing ui state.
2024-02-13 11:24:25.260 [info] Extensions: No changes found during synchronizing extensions.
2024-02-13 11:24:25.269 [info] Profiles: No changes found during synchronizing profiles.
2024-02-13 11:24:25.277 [info] Sync done. Took 786ms
2024-02-13 11:29:25.287 [info] Auto Sync: Triggered by Interval
2024-02-13 11:29:25.287 [info] Sync started.
2024-02-13 11:29:25.682 [info] Settings: No changes found during synchronizing settings.
2024-02-13 11:29:25.692 [info] Keybindings: No changes found during synchronizing keybindings.
2024-02-13 11:29:25.702 [info] Snippets: No changes found during synchronizing snippets.
2024-02-13 11:29:25.713 [info] Tasks: No changes found during synchronizing tasks.
2024-02-13 11:29:25.724 [info] GlobalState: No changes found during synchronizing ui state.
2024-02-13 11:29:26.010 [info] Extensions: No changes found during synchronizing extensions.
2024-02-13 11:29:26.015 [info] Profiles: No changes found during synchronizing profiles.
2024-02-13 11:29:26.017 [info] Sync done. Took 730ms
2024-02-13 11:34:26.033 [info] Auto Sync: Triggered by Interval
2024-02-13 11:34:26.038 [info] Sync started.
2024-02-13 11:34:26.406 [info] Settings: No changes found during synchronizing settings.
2024-02-13 11:34:26.448 [info] Keybindings: No changes found during synchronizing keybindings.
2024-02-13 11:34:26.469 [info] Snippets: No changes found during synchronizing snippets.
2024-02-13 11:34:26.489 [info] Tasks: No changes found during synchronizing tasks.
2024-02-13 11:34:26.503 [info] GlobalState: No changes found during synchronizing ui state.
2024-02-13 11:34:26.860 [info] Extensions: No changes found during synchronizing extensions.
2024-02-13 11:34:26.872 [info] Profiles: No changes found during synchronizing profiles.
2024-02-13 11:34:26.874 [info] Sync done. Took 843ms
2024-02-13 11:39:26.887 [info] Auto Sync: Triggered by Interval
2024-02-13 11:39:26.888 [info] Sync started.
2024-02-13 11:39:27.330 [info] Settings: No changes found during synchronizing settings.
2024-02-13 11:39:27.364 [info] Keybindings: No changes found during synchronizing keybindings.
2024-02-13 11:39:27.381 [info] Snippets: No changes found during synchronizing snippets.
2024-02-13 11:39:27.387 [info] Tasks: No changes found during synchronizing tasks.
2024-02-13 11:39:27.396 [info] GlobalState: No changes found during synchronizing ui state.
2024-02-13 11:39:28.063 [info] Extensions: No changes found during synchronizing extensions.
2024-02-13 11:39:28.088 [info] Profiles: No changes found during synchronizing profiles.
2024-02-13 11:39:28.091 [info] Sync done. Took 1204ms
2024-02-13 11:40:32.197 [info] Auto Sync: Triggered by Activity
2024-02-13 11:40:32.197 [info] Sync started.
2024-02-13 11:40:32.308 [info] Settings: No changes found during synchronizing settings.
2024-02-13 11:40:32.315 [info] Keybindings: No changes found during synchronizing keybindings.
2024-02-13 11:40:32.321 [info] Snippets: No changes found during synchronizing snippets.
2024-02-13 11:40:32.328 [info] Tasks: No changes found during synchronizing tasks.
2024-02-13 11:40:32.341 [info] GlobalState: No changes found during synchronizing ui state.
2024-02-13 11:40:32.705 [info] Extensions: No changes found during synchronizing extensions.
2024-02-13 11:40:32.708 [info] Profiles: No changes found during synchronizing profiles.
2024-02-13 11:40:32.719 [info] Sync done. Took 521ms
