2024-02-12 13:13:20.717 [info] Reading sessions from keychain...
2024-02-12 13:13:20.717 [info] Getting sessions for all scopes...
2024-02-12 13:13:20.717 [info] Getting sessions for user:email...
2024-02-12 13:13:21.089 [info] Got stored sessions!
2024-02-12 13:13:21.089 [info] Got 1 verified sessions.
2024-02-12 13:13:21.089 [info] Got 1 sessions for ...
2024-02-12 13:13:21.090 [info] Got 1 sessions for user:email...
2024-02-12 13:13:25.802 [info] Getting sessions for all scopes...
2024-02-12 13:13:25.802 [info] Got 1 sessions for ...
2024-02-12 13:13:25.802 [info] Getting sessions for all scopes...
2024-02-12 13:13:25.802 [info] Got 1 sessions for ...
2024-02-12 13:13:26.388 [info] Getting sessions for read:user,repo,user:email,workflow...
2024-02-12 13:13:26.388 [info] Got 0 sessions for read:user,repo,user:email,workflow...
2024-02-12 13:30:46.278 [info] Reading sessions from keychain...
2024-02-12 13:30:46.314 [info] Getting sessions for all scopes...
2024-02-12 13:30:46.315 [info] Getting sessions for user:email...
2024-02-12 13:30:46.847 [info] Got stored sessions!
2024-02-12 13:30:46.847 [info] Got 1 verified sessions.
2024-02-12 13:30:46.847 [info] Got 1 sessions for ...
2024-02-12 13:30:46.848 [info] Got 1 sessions for user:email...
2024-02-12 13:30:48.417 [info] Getting sessions for all scopes...
2024-02-12 13:30:48.417 [info] Got 1 sessions for ...
2024-02-12 13:30:49.296 [info] Getting sessions for read:user,repo,user:email,workflow...
2024-02-12 13:30:49.296 [info] Got 0 sessions for read:user,repo,user:email,workflow...
2024-02-12 15:37:49.033 [info] Getting sessions for read:user,repo,user:email,workflow...
2024-02-12 15:37:49.049 [info] Got 0 sessions for read:user,repo,user:email,workflow...
2024-02-12 15:37:53.554 [info] Logging in for the following scopes: read:user repo user:email workflow
2024-02-12 15:37:53.576 [info] Trying without local server... (read:user repo user:email workflow)
2024-02-12 15:38:19.470 [info] Exchanging code for token...
2024-02-12 15:38:20.044 [info] Token exchange success!
2024-02-12 15:38:20.046 [info] Getting user info...
2024-02-12 15:38:20.534 [info] Got account info!
2024-02-12 15:38:20.535 [info] Storing 2 sessions...
2024-02-12 15:38:20.540 [info] Reading sessions from keychain...
2024-02-12 15:38:20.540 [info] Stored 2 sessions!
2024-02-12 15:38:20.540 [info] Login success!
2024-02-12 15:38:20.559 [info] Getting sessions for user:email...
2024-02-12 15:38:20.709 [info] Got stored sessions!
2024-02-12 15:38:20.710 [info] Got 2 verified sessions.
2024-02-12 15:38:20.710 [info] Got 1 sessions for user:email...
2024-02-12 15:38:21.269 [info] Getting sessions for read:user,repo,user:email,workflow...
2024-02-12 15:38:21.269 [info] Got 1 sessions for read:user,repo,user:email,workflow...
2024-02-12 15:38:47.010 [info] Getting sessions for read:user,repo,user:email,workflow...
2024-02-12 15:38:47.020 [info] Got 1 sessions for read:user,repo,user:email,workflow...
2024-02-12 15:39:05.187 [info] Getting sessions for read:user,repo,user:email,workflow...
2024-02-12 15:39:05.187 [info] Got 1 sessions for read:user,repo,user:email,workflow...
2024-02-12 15:39:09.115 [info] Getting sessions for read:user,repo,user:email,workflow...
2024-02-12 15:39:09.115 [info] Got 1 sessions for read:user,repo,user:email,workflow...
2024-02-12 15:41:47.468 [info] Getting sessions for read:user,repo,user:email,workflow...
2024-02-12 15:41:47.499 [info] Got 1 sessions for read:user,repo,user:email,workflow...
2024-02-12 21:43:07.504 [info] Reading sessions from keychain...
2024-02-12 21:43:07.546 [info] Getting sessions for all scopes...
2024-02-12 21:43:07.546 [info] Getting sessions for user:email...
2024-02-12 21:43:07.546 [info] Got stored sessions!
2024-02-12 21:43:07.546 [info] Got 2 verified sessions.
2024-02-12 21:43:07.546 [info] Got 2 sessions for ...
2024-02-12 21:43:07.546 [info] Got 1 sessions for user:email...
2024-02-12 21:43:07.546 [info] Getting sessions for all scopes...
2024-02-12 21:43:07.546 [info] Got 2 sessions for ...
2024-02-12 21:44:01.003 [info] Reading sessions from keychain...
2024-02-12 21:44:01.017 [info] Getting sessions for all scopes...
2024-02-12 21:44:01.017 [info] Getting sessions for user:email...
2024-02-12 21:44:01.017 [info] Got stored sessions!
2024-02-12 21:44:01.017 [info] Got 2 verified sessions.
2024-02-12 21:44:01.017 [info] Got 2 sessions for ...
2024-02-12 21:44:01.017 [info] Got 1 sessions for user:email...
2024-02-12 21:44:01.017 [info] Getting sessions for all scopes...
2024-02-12 21:44:01.017 [info] Got 2 sessions for ...
