2024-02-13 11:55:53.061 [info] Using settings sync service https://vscode-sync.trafficmanager.net/
2024-02-13 11:55:53.062 [info] Auto Sync is enabled.
2024-02-13 11:55:53.062 [info] Auto Sync: Suspended until auth token is available.
2024-02-13 11:55:55.801 [info] Auto Sync: Triggered by Interval
2024-02-13 11:55:55.801 [info] Sync started.
2024-02-13 11:55:57.879 [info] Deleting non existing profile from backup /home/m/.config/Code/User/sync/extensions
2024-02-13 11:55:58.021 [info] Settings: No changes found during synchronizing settings.
2024-02-13 11:55:58.117 [info] Deleting non existing profile from backup /home/m/.config/Code/User/sync/globalState
2024-02-13 11:55:58.204 [info] Deleting non existing profile from backup /home/m/.config/Code/User/sync/keybindings
2024-02-13 11:55:58.362 [info] Keybindings: No changes found during synchronizing keybindings.
2024-02-13 11:55:58.444 [info] Deleting non existing profile from backup /home/m/.config/Code/User/sync/profiles
2024-02-13 11:55:58.709 [info] Snippets: No changes found during synchronizing snippets.
2024-02-13 11:55:58.719 [info] Deleting non existing profile from backup /home/m/.config/Code/User/sync/settings
2024-02-13 11:55:58.892 [info] Tasks: No changes found during synchronizing tasks.
2024-02-13 11:55:58.953 [info] Deleting non existing profile from backup /home/m/.config/Code/User/sync/snippets
2024-02-13 11:55:59.070 [info] GlobalState: Last sync resource does not exist locally.
2024-02-13 11:55:59.146 [info] Deleting non existing profile from backup /home/m/.config/Code/User/sync/tasks
2024-02-13 11:56:00.916 [info] GlobalState: Updated remote ui state. Updated: workbench.statusbar.hidden.
2024-02-13 11:56:00.993 [info] GlobalState: Updated last synchronized ui state
2024-02-13 11:56:00.997 [info] Extensions: Last sync resource does not exist locally.
2024-02-13 11:56:01.482 [info] Extensions: No changes found during synchronizing extensions.
2024-02-13 11:56:01.487 [info] Profiles: Last sync resource does not exist locally.
2024-02-13 11:56:01.719 [info] Profiles: No changes found during synchronizing profiles.
2024-02-13 11:56:01.723 [info] Sync done. Took 5922ms
2024-02-13 11:58:39.533 [info] Auto Sync: Triggered by Activity
2024-02-13 11:58:39.534 [info] Sync started.
2024-02-13 11:58:39.945 [info] Settings: Last sync resource does not exist locally.
2024-02-13 11:58:40.235 [info] Settings: No changes found during synchronizing settings.
2024-02-13 11:58:40.243 [info] Keybindings: Last sync resource does not exist locally.
2024-02-13 11:58:40.410 [info] Keybindings: No changes found during synchronizing keybindings.
2024-02-13 11:58:40.413 [info] Snippets: Last sync resource does not exist locally.
2024-02-13 11:58:40.626 [info] Snippets: No changes found during synchronizing snippets.
2024-02-13 11:58:40.630 [info] Tasks: Last sync resource does not exist locally.
2024-02-13 11:58:40.781 [info] Tasks: No changes found during synchronizing tasks.
2024-02-13 11:58:40.821 [info] GlobalState: No changes found during synchronizing ui state.
2024-02-13 11:58:41.973 [info] Extensions: No changes found during synchronizing extensions.
2024-02-13 11:58:41.983 [info] Profiles: No changes found during synchronizing profiles.
2024-02-13 11:58:41.985 [info] Sync done. Took 2453ms
2024-02-13 11:59:25.330 [info] Auto Sync: Triggered by Activity
2024-02-13 11:59:25.332 [info] Sync started.
2024-02-13 11:59:25.437 [info] Settings: No changes found during synchronizing settings.
2024-02-13 11:59:25.443 [info] Keybindings: No changes found during synchronizing keybindings.
2024-02-13 11:59:25.448 [info] Snippets: No changes found during synchronizing snippets.
2024-02-13 11:59:25.453 [info] Tasks: No changes found during synchronizing tasks.
2024-02-13 11:59:25.458 [info] GlobalState: No changes found during synchronizing ui state.
2024-02-13 11:59:25.609 [info] Extensions: No changes found during synchronizing extensions.
2024-02-13 11:59:25.611 [info] Profiles: No changes found during synchronizing profiles.
2024-02-13 11:59:25.613 [info] Sync done. Took 284ms
2024-02-13 12:00:29.684 [info] Auto Sync: Triggered by Activity
2024-02-13 12:00:29.685 [info] Sync started.
2024-02-13 12:00:29.843 [info] Settings: No changes found during synchronizing settings.
2024-02-13 12:00:29.854 [info] Keybindings: No changes found during synchronizing keybindings.
2024-02-13 12:00:29.880 [info] Snippets: No changes found during synchronizing snippets.
2024-02-13 12:00:29.904 [info] Tasks: No changes found during synchronizing tasks.
2024-02-13 12:00:29.925 [info] GlobalState: No changes found during synchronizing ui state.
2024-02-13 12:00:30.874 [info] Extensions: No changes found during synchronizing extensions.
2024-02-13 12:00:30.891 [info] Profiles: No changes found during synchronizing profiles.
2024-02-13 12:00:30.894 [info] Sync done. Took 1211ms
2024-02-13 12:00:41.284 [info] Auto Sync: Triggered by Activity
2024-02-13 12:00:41.285 [info] Sync started.
2024-02-13 12:00:41.421 [info] Settings: No changes found during synchronizing settings.
2024-02-13 12:00:41.430 [info] Keybindings: No changes found during synchronizing keybindings.
2024-02-13 12:00:41.439 [info] Snippets: No changes found during synchronizing snippets.
2024-02-13 12:00:41.445 [info] Tasks: No changes found during synchronizing tasks.
2024-02-13 12:00:41.451 [info] GlobalState: No changes found during synchronizing ui state.
2024-02-13 12:00:41.588 [info] Extensions: No changes found during synchronizing extensions.
2024-02-13 12:00:41.591 [info] Profiles: No changes found during synchronizing profiles.
2024-02-13 12:00:41.594 [info] Sync done. Took 310ms
2024-02-13 12:01:11.466 [info] Auto Sync: Triggered by Activity
2024-02-13 12:01:11.467 [info] Sync started.
2024-02-13 12:01:11.581 [info] Settings: No changes found during synchronizing settings.
2024-02-13 12:01:11.590 [info] Keybindings: No changes found during synchronizing keybindings.
2024-02-13 12:01:11.599 [info] Snippets: No changes found during synchronizing snippets.
2024-02-13 12:01:11.608 [info] Tasks: No changes found during synchronizing tasks.
2024-02-13 12:01:11.613 [info] GlobalState: No changes found during synchronizing ui state.
2024-02-13 12:01:11.753 [info] Extensions: No changes found during synchronizing extensions.
2024-02-13 12:01:11.755 [info] Profiles: No changes found during synchronizing profiles.
2024-02-13 12:01:11.757 [info] Sync done. Took 292ms
2024-02-13 12:01:25.655 [info] Auto Sync: Triggered by Activity
2024-02-13 12:01:25.656 [info] Sync started.
2024-02-13 12:01:25.770 [info] Settings: No changes found during synchronizing settings.
2024-02-13 12:01:25.778 [info] Keybindings: No changes found during synchronizing keybindings.
2024-02-13 12:01:25.788 [info] Snippets: No changes found during synchronizing snippets.
2024-02-13 12:01:25.796 [info] Tasks: No changes found during synchronizing tasks.
2024-02-13 12:01:25.803 [info] GlobalState: No changes found during synchronizing ui state.
2024-02-13 12:01:25.942 [info] Extensions: No changes found during synchronizing extensions.
2024-02-13 12:01:25.944 [info] Profiles: No changes found during synchronizing profiles.
2024-02-13 12:01:25.946 [info] Sync done. Took 291ms
