[Server(28743) prg/] onInitialize
[Server(28743) prg/] Number of style sheets - 1
[Server(28743) prg/] setupInitialStylemap
[Server(28743) prg/] Document opened: style.css.
[Server(28743) prg/] Document changed: style.css. Invalidating Cache.
[Server(28743) prg/] Document changed: style.css. Invalidating Cache.
[Server(28743) prg/] Document changed: style.css. Invalidating Cache.
[Server(28743) prg/] Document changed: style.css. Invalidating Cache.
[Server(28743) prg/] Document changed: style.css. Invalidating Cache.
[Server(28743) prg/] Document changed: style.css. Invalidating Cache.
[Server(28743) prg/] Document changed: style.css. Invalidating Cache.
[Server(28743) prg/] Document changed: style.css. Invalidating Cache.
[Server(28743) prg/] Document changed: style.css. Invalidating Cache.
[Server(28743) prg/] Document changed: style.css. Invalidating Cache.
[Server(28743) prg/] Document changed: style.css. Invalidating Cache.
[Server(28743) prg/] Document changed: style.css. Invalidating Cache.
[Server(28743) prg/] Document changed: style.css. Invalidating Cache.
[Server(28743) prg/] Document changed: style.css. Invalidating Cache.
[Server(28743) prg/] Document changed: style.css. Invalidating Cache.
[Server(28743) prg/] Document changed: style.css. Invalidating Cache.
[Server(28743) prg/] Document changed: style.css. Invalidating Cache.
[Server(28743) prg/] Document changed: style.css. Invalidating Cache.
[Server(28743) prg/] Document changed: style.css. Invalidating Cache.
[Server(28743) prg/] Document changed: style.css. Invalidating Cache.
[Server(28743) prg/] Document changed: style.css. Invalidating Cache.
[Server(28743) prg/] Document changed: style.css. Invalidating Cache.
[Server(28743) prg/] Document changed: style.css. Invalidating Cache.
[Server(28743) prg/] Document changed: style.css. Invalidating Cache.
[Server(28743) prg/] Document changed: style.css. Invalidating Cache.
[Server(28743) prg/] Document changed: style.css. Invalidating Cache.
[Server(28743) prg/] Document changed: style.css. Invalidating Cache.
[Server(28743) prg/] Document changed: style.css. Invalidating Cache.
[Server(28743) prg/] Document changed: style.css. Invalidating Cache.
[Server(28743) prg/] Document changed: style.css. Invalidating Cache.
[Server(28743) prg/] Document changed: style.css. Invalidating Cache.
[Server(28743) prg/] Document changed: style.css. Invalidating Cache.
[Server(28743) prg/] Document changed: style.css. Invalidating Cache.
[Server(28743) prg/] Document changed: style.css. Invalidating Cache.
[Server(28743) prg/] Document changed: style.css. Invalidating Cache.
[Server(28743) prg/] Document changed: style.css. Invalidating Cache.
[Server(28743) prg/] Document changed: style.css. Invalidating Cache.
[Server(28743) prg/] Document changed: style.css. Invalidating Cache.
[Server(28743) prg/] Document changed: style.css. Invalidating Cache.
[Server(28743) prg/] Document changed: style.css. Invalidating Cache.
[Server(28743) prg/] Document changed: style.css. Invalidating Cache.
[Server(28743) prg/] Document changed: style.css. Invalidating Cache.
[Server(28743) prg/] Document changed: style.css. Invalidating Cache.
[Server(28743) prg/] Document changed: style.css. Invalidating Cache.
[Server(28743) prg/] Document changed: style.css. Invalidating Cache.
[Server(28743) prg/] Document changed: style.css. Invalidating Cache.
[Server(28743) prg/] Document changed: style.css. Invalidating Cache.
[Server(28743) prg/] Document changed: style.css. Invalidating Cache.
[Server(28743) prg/] Document changed: style.css. Invalidating Cache.
[Server(28743) prg/] Document changed: style.css. Invalidating Cache.
[Server(28743) prg/] Document changed: style.css. Invalidating Cache.
[Server(28743) prg/] Document changed: style.css. Invalidating Cache.
[Server(28743) prg/] Document changed: style.css. Invalidating Cache.
[Server(28743) prg/] Document changed: style.css. Invalidating Cache.
[Server(28743) prg/] Document changed: style.css. Invalidating Cache.
[Server(28743) prg/] Document changed: style.css. Invalidating Cache.
[Server(28743) prg/] Document changed: style.css. Invalidating Cache.
[Server(28743) prg/] Document changed: style.css. Invalidating Cache.
[Server(28743) prg/] Document changed: style.css. Invalidating Cache.
fa-search 855
  html 17 21
  head 96 100
  meta 107 111
  meta 134 138
  title 209 214
  title 242 247
  link 254 258
  link 373 377
  head 415 419
  body 422 426
  div 433 436
  a 460 461
  a 477 478
  a 489 490
  a 514 515
  a 526 527
  a 546 547
  a 558 559
  a 579 580
  a 591 592
  a 614 615
  div 668 671
  form 701 705
  input 735 740
  button 814 820
  i 843 844
fa-search is a "class"
placeholder= 504
  html 17 21
  head 96 100
  meta 107 111
  meta 134 138
  title 209 214
  title 242 247
  link 254 258
  link 373 377
  head 415 419
  body 422 426
  div 438 441
  div 460 463
  form 470 474
  input 486 491
  form 552 556
  h1 563 565
  h1 590 592
  p 599 600
  p 670 671
  b 678 679
  b 686 687
  br 694 696
  u 703 704
  u 716 717
  br 724 726
  i 733 734
  i 743 744
  br 751 753
  big 760 763
  sub 780 783
  sub 787 790
  big 793 796
  body 800 804
  html 808 812
Invalid Selector
[Server(28743) prg/] Document changed: style.css. Invalidating Cache.
[Server(28743) prg/] Document changed: style.css. Invalidating Cache.
[Server(28743) prg/] Document changed: style.css. Invalidating Cache.
[Server(28743) prg/] Document changed: style.css. Invalidating Cache.
[Server(28743) prg/] Document changed: style.css. Invalidating Cache.
[Server(28743) prg/] Document changed: style.css. Invalidating Cache.
[Server(28743) prg/] Document changed: style.css. Invalidating Cache.
[Server(28743) prg/] Document changed: style.css. Invalidating Cache.
[Server(28743) prg/] Document changed: style.css. Invalidating Cache.
[Server(28743) prg/] Document changed: style.css. Invalidating Cache.
[Server(28743) prg/] Document changed: style.css. Invalidating Cache.
[Server(28743) prg/] Document changed: style.css. Invalidating Cache.
[Server(28743) prg/] Document changed: style.css. Invalidating Cache.
[Server(28743) prg/] Document changed: style.css. Invalidating Cache.
[Server(28743) prg/] Document changed: style.css. Invalidating Cache.
[Server(28743) prg/] Document changed: style.css. Invalidating Cache.
[Server(28743) prg/] Document changed: style.css. Invalidating Cache.
[Server(28743) prg/] Document changed: style.css. Invalidating Cache.
[Server(28743) prg/] Document changed: style.css. Invalidating Cache.
[Server(28743) prg/] Document changed: style.css. Invalidating Cache.
[Server(28743) prg/] Document changed: style.css. Invalidating Cache.
[Server(28743) prg/] Document changed: style.css. Invalidating Cache.
[Server(28743) prg/] Document changed: style.css. Invalidating Cache.
[Server(28743) prg/] Document changed: style.css. Invalidating Cache.
[Server(28743) prg/] Document changed: style.css. Invalidating Cache.
[Server(28743) prg/] Document changed: style.css. Invalidating Cache.
[Server(28743) prg/] Document changed: style.css. Invalidating Cache.
[Server(28743) prg/] Document changed: style.css. Invalidating Cache.
