2024-02-13 10:40:15.448 [info] Log level: Info
2024-02-13 10:40:15.448 [info] Validating found git in: "git"
2024-02-13 10:40:15.564 [info] Using git "2.43.1" from "git"
2024-02-13 10:40:15.900 [info] > git rev-parse --show-toplevel [319ms]
2024-02-13 10:40:15.929 [info] > git rev-parse --git-dir --git-common-dir [7ms]
2024-02-13 10:40:15.949 [info] Open repository: /home/m/Documents/prg
2024-02-13 10:40:16.157 [info] > git config --get commit.template [140ms]
2024-02-13 10:40:16.968 [info] > git check-ignore -v -z --stdin [418ms]
2024-02-13 10:40:19.007 [info] > git for-each-ref --format=%(refname)%00%(upstream:short)%00%(objectname)%00%(upstream:track)%00%(upstream:remotename)%00%(upstream:remoteref) refs/heads/main refs/remotes/main [2973ms]
2024-02-13 10:40:22.605 [info] > git status -z -uall [329ms]
2024-02-13 10:40:23.102 [info] > git ls-files --stage -- /home/m/Documents/prg/style.css [62ms]
2024-02-13 10:40:23.206 [info] > git show --textconv :style.css [188ms]
2024-02-13 10:40:23.216 [info] > git config --get commit.template [144ms]
2024-02-13 10:40:23.222 [info] > git cat-file -s f3825de337e2e61ace18eb515bc82da998a9e978 [73ms]
2024-02-13 10:40:23.547 [info] > git for-each-ref --format=%(refname)%00%(upstream:short)%00%(objectname)%00%(upstream:track)%00%(upstream:remotename)%00%(upstream:remoteref) refs/heads/main refs/remotes/main [287ms]
2024-02-13 10:40:24.068 [info] > git status -z -uall [330ms]
2024-02-13 10:40:34.752 [info] > git show --textconv :searchbox.html [18ms]
2024-02-13 10:40:34.755 [info] > git ls-files --stage -- /home/m/Documents/prg/searchbox.html [4ms]
2024-02-13 10:40:34.995 [info] > git check-ignore -v -z --stdin [4ms]
2024-02-13 10:40:35.517 [info] > git config --get commit.template [18ms]
2024-02-13 10:40:35.519 [info] > git for-each-ref --format=%(refname)%00%(upstream:short)%00%(objectname)%00%(upstream:track)%00%(upstream:remotename)%00%(upstream:remoteref) refs/heads/main refs/remotes/main [3ms]
2024-02-13 10:40:35.539 [info] > git status -z -uall [4ms]
2024-02-13 10:42:18.741 [info] > git ls-files --stage -- /home/m/Documents/prg/index.html [373ms]
2024-02-13 10:42:18.809 [info] > git show --textconv :index.html [456ms]
2024-02-13 10:42:18.810 [info] > git cat-file -s 93318c81590f6147502594274a20663852e4e20f [27ms]
2024-02-13 10:43:55.386 [info] > git ls-files --stage -- /home/m/Documents/prg/script.js [26ms]
2024-02-13 10:43:55.408 [info] > git show --textconv :script.js [77ms]
2024-02-13 10:43:55.411 [info] > git cat-file -s ac47efd62eee19f0450f3af535bd53a2831b7098 [5ms]
2024-02-13 10:43:55.952 [info] > git show --textconv :index.html [25ms]
2024-02-13 10:43:55.957 [info] > git ls-files --stage -- /home/m/Documents/prg/index.html [11ms]
2024-02-13 10:43:55.977 [info] > git cat-file -s 93318c81590f6147502594274a20663852e4e20f [2ms]
2024-02-13 11:09:19.939 [info] > git config --get commit.template [38ms]
2024-02-13 11:09:19.951 [info] > git check-ignore -v -z --stdin [68ms]
2024-02-13 11:09:19.961 [info] > git for-each-ref --format=%(refname)%00%(upstream:short)%00%(objectname)%00%(upstream:track)%00%(upstream:remotename)%00%(upstream:remoteref) refs/heads/main refs/remotes/main [24ms]
2024-02-13 11:09:20.003 [info] > git status -z -uall [19ms]
